#
# There is insufficient memory for the Java Runtime Environment to continue.
# Native memory allocation (malloc) failed to allocate 47184 bytes for Chunk::new
# Possible reasons:
#   The system is out of physical RAM or swap space
#   The process is running with CompressedOops enabled, and the Java Heap may be blocking the growth of the native heap
# Possible solutions:
#   Reduce memory load on the system
#   Increase physical memory or swap space
#   Check if swap backing store is full
#   Decrease Java heap size (-Xmx/-Xms)
#   Decrease number of Java threads
#   Decrease Java thread stack sizes (-Xss)
#   Set larger code cache with -XX:ReservedCodeCacheSize=
#   JVM is running with Unscaled Compressed Oops mode in which the Java heap is
#     placed in the first 4GB address space. The Java Heap base address is the
#     maximum limit for the native heap growth. Please use -XX:HeapBaseMinAddress
#     to set the Java Heap base and to place the Java Heap above 4GB virtual address.
# This output file may be truncated or incomplete.
#
#  Out of Memory Error (./open/src/hotspot/share/memory/arena.cpp:197), pid=13872, tid=11776
#
# JRE version: Java(TM) SE Runtime Environment 18.9 (11.0.16.1+1) (build 11.0.16.1+1-LTS-1)
# Java VM: Java HotSpot(TM) 64-Bit Server VM 18.9 (11.0.16.1+1-LTS-1, mixed mode, tiered, compressed oops, g1 gc, windows-amd64)
# No core dump will be written. Minidumps are not enabled by default on client versions of Windows
#

---------------  S U M M A R Y ------------

Command Line: -ea -javaagent:C:\Users\ASUS\.m2\repository/org/aspectj/aspectjweaver/1.9.2/aspectjweaver-1.9.2.jar -Didea.test.cyclic.buffer.size=1048576 -javaagent:C:\Users\ASUS\IntelliJ IDEA Community Edition 2022.3\lib\idea_rt.jar=51053:C:\Users\ASUS\IntelliJ IDEA Community Edition 2022.3\bin -Dfile.encoding=UTF-8 com.intellij.rt.testng.RemoteTestNGStarter -usedefaultlisteners false -socket51052 @w@C:\Users\ASUS\AppData\Local\Temp\idea_working_dirs_testng1.tmp -temp C:\Users\ASUS\AppData\Local\Temp\idea_testng1.tmp

Host: AMD Ryzen 5 3500U with Radeon Vega Mobile Gfx  , 8 cores, 5G,  Windows 10 , 64 bit Build 19041 (10.0.19041.2364)
Time: Thu Feb 16 13:54:01 2023  Windows 10 , 64 bit Build 19041 (10.0.19041.2364) elapsed time: 12.864498 seconds (0d 0h 0m 12s)

---------------  T H R E A D  ---------------

Current thread (0x0000026922ee7000):  JavaThread "C2 CompilerThread0" daemon [_thread_in_native, id=11776, stack(0x000000a491900000,0x000000a491a00000)]


Current CompileTask:
C2:  12864 4163       4       org.aspectj.weaver.TypeFactory::createTypeFromSignature (985 bytes)

Stack: [0x000000a491900000,0x000000a491a00000]
Native frames: (J=compiled Java code, j=interpreted, Vv=VM code, C=native code)
V  [jvm.dll+0x62a3da]
V  [jvm.dll+0x76407f]
V  [jvm.dll+0x765729]
V  [jvm.dll+0x765db3]
V  [jvm.dll+0x23dc18]
V  [jvm.dll+0xb2a1c]
V  [jvm.dll+0xb2fdc]
V  [jvm.dll+0x32a68a]
V  [jvm.dll+0x6e825d]
V  [jvm.dll+0x539a41]
V  [jvm.dll+0x53758f]
V  [jvm.dll+0x537201]
V  [jvm.dll+0x5370e0]
V  [jvm.dll+0x53726d]
V  [jvm.dll+0x53726d]
V  [jvm.dll+0x53726d]
V  [jvm.dll+0x53726d]
V  [jvm.dll+0x53726d]
V  [jvm.dll+0x53726d]
V  [jvm.dll+0x53726d]
V  [jvm.dll+0x53726d]
V  [jvm.dll+0x53726d]
V  [jvm.dll+0x53e143]
V  [jvm.dll+0x200a07]
V  [jvm.dll+0x1fa79a]
V  [jvm.dll+0x1f774d]
V  [jvm.dll+0x177c81]
V  [jvm.dll+0x207186]
V  [jvm.dll+0x20531b]
V  [jvm.dll+0x729f60]
V  [jvm.dll+0x722b34]
V  [jvm.dll+0x629276]
C  [ucrtbase.dll+0x21bb2]
C  [KERNEL32.DLL+0x17614]
C  [ntdll.dll+0x526a1]


---------------  P R O C E S S  ---------------

Threads class SMR info:
_java_thread_list=0x0000026929a76980, length=22, elements={
0x0000026906219000, 0x0000026922ebe800, 0x0000026922ec7800, 0x0000026923843000,
0x0000026922edc800, 0x0000026922ede800, 0x0000026922ee7000, 0x0000026922ee8000,
0x0000026922ef1800, 0x0000026923abc000, 0x0000026924d76000, 0x00000269277ca000,
0x000002692530c000, 0x000002692995c800, 0x0000026928cf3800, 0x0000026928c77800,
0x0000026926f53000, 0x000002692924d800, 0x000002692a5cd800, 0x0000026929a70000,
0x0000026929a6b800, 0x0000026929a6c800
}

Java Threads: ( => current thread )
  0x0000026906219000 JavaThread "Forwarding actions on session 212345f23887d81cba3fdb27f8e27bb5 to remote" [_thread_blocked, id=10468, stack(0x000000a490d00000,0x000000a490e00000)]
  0x0000026922ebe800 JavaThread "Reference Handler" daemon [_thread_blocked, id=13400, stack(0x000000a491400000,0x000000a491500000)]
  0x0000026922ec7800 JavaThread "Finalizer" daemon [_thread_blocked, id=4712, stack(0x000000a491500000,0x000000a491600000)]
  0x0000026923843000 JavaThread "Signal Dispatcher" daemon [_thread_blocked, id=8956, stack(0x000000a491600000,0x000000a491700000)]
  0x0000026922edc800 JavaThread "Attach Listener" daemon [_thread_blocked, id=3040, stack(0x000000a491700000,0x000000a491800000)]
  0x0000026922ede800 JavaThread "Service Thread" daemon [_thread_blocked, id=2012, stack(0x000000a491800000,0x000000a491900000)]
=>0x0000026922ee7000 JavaThread "C2 CompilerThread0" daemon [_thread_in_native, id=11776, stack(0x000000a491900000,0x000000a491a00000)]
  0x0000026922ee8000 JavaThread "C1 CompilerThread0" daemon [_thread_blocked, id=1896, stack(0x000000a491a00000,0x000000a491b00000)]
  0x0000026922ef1800 JavaThread "Sweeper thread" daemon [_thread_blocked, id=5212, stack(0x000000a491b00000,0x000000a491c00000)]
  0x0000026923abc000 JavaThread "Common-Cleaner" daemon [_thread_blocked, id=6404, stack(0x000000a491c00000,0x000000a491d00000)]
  0x0000026924d76000 JavaThread "Monitor Ctrl-Break" daemon [_thread_in_native, id=13408, stack(0x000000a491e00000,0x000000a491f00000)]
  0x00000269277ca000 JavaThread "ForkJoinPool.commonPool-worker-3" daemon [_thread_blocked, id=8816, stack(0x000000a492200000,0x000000a492300000)]
  0x000002692530c000 JavaThread "AsyncHttpClient-1-1" daemon [_thread_blocked, id=6504, stack(0x000000a492300000,0x000000a492400000)]
  0x000002692995c800 JavaThread "Exec Default Executor" daemon [_thread_in_native, id=13928, stack(0x000000a492500000,0x000000a492600000)]
  0x0000026928cf3800 JavaThread "Driver Service Executor" daemon [_thread_blocked, id=13708, stack(0x000000a492600000,0x000000a492700000)]
  0x0000026928c77800 JavaThread "Driver Service Executor" daemon [_thread_blocked, id=11184, stack(0x000000a492700000,0x000000a492800000)]
  0x0000026926f53000 JavaThread "UrlChecker-2" daemon [_thread_blocked, id=9376, stack(0x000000a492800000,0x000000a492900000)]
  0x000002692924d800 JavaThread "Exec Stream Pumper" daemon [_thread_in_native, id=13564, stack(0x000000a492a00000,0x000000a492b00000)]
  0x000002692a5cd800 JavaThread "Exec Stream Pumper" daemon [_thread_in_native, id=13720, stack(0x000000a492b00000,0x000000a492c00000)]
  0x0000026929a70000 JavaThread "AsyncHttpClient-1-2" daemon [_thread_in_native, id=9560, stack(0x000000a492d00000,0x000000a492e00000)]
  0x0000026929a6b800 JavaThread "AsyncHttpClient-1-3" daemon [_thread_in_native, id=13644, stack(0x000000a491d00000,0x000000a491e00000)]
  0x0000026929a6c800 JavaThread "AsyncHttpClient-1-4" daemon [_thread_in_native, id=9880, stack(0x000000a492e00000,0x000000a492f00000)]

Other Threads:
  0x0000026922e9c000 VMThread "VM Thread" [stack: 0x000000a491300000,0x000000a491400000] [id=1776]
  0x00000269242b3800 WatcherThread [stack: 0x000000a492000000,0x000000a492100000] [id=7956]
  0x000002690622f000 GCTaskThread "GC Thread#0" [stack: 0x000000a490e00000,0x000000a490f00000] [id=9072]
  0x0000026925006800 GCTaskThread "GC Thread#1" [stack: 0x000000a491f00000,0x000000a492000000] [id=4580]
  0x000002692746b800 GCTaskThread "GC Thread#2" [stack: 0x000000a492400000,0x000000a492500000] [id=7416]
  0x00000269292a6000 GCTaskThread "GC Thread#3" [stack: 0x000000a492f00000,0x000000a493000000] [id=12608]
  0x0000026906256000 ConcurrentGCThread "G1 Main Marker" [stack: 0x000000a490f00000,0x000000a491000000] [id=7684]
  0x0000026906259000 ConcurrentGCThread "G1 Conc#0" [stack: 0x000000a491000000,0x000000a491100000] [id=8048]
  0x0000026927572800 ConcurrentGCThread "G1 Conc#1" [stack: 0x000000a492100000,0x000000a492200000] [id=11444]
  0x0000026922d10800 ConcurrentGCThread "G1 Refine#0" [stack: 0x000000a491100000,0x000000a491200000] [id=4884]
  0x0000026922d11800 ConcurrentGCThread "G1 Young RemSet Sampling" [stack: 0x000000a491200000,0x000000a491300000] [id=2280]

Threads with active compile tasks:
C2 CompilerThread0    12913 4163       4       org.aspectj.weaver.TypeFactory::createTypeFromSignature (985 bytes)

VM state:not at safepoint (normal execution)

VM Mutex/Monitor currently owned by a thread: None

Heap address: 0x00000000a0c00000, size: 1524 MB, Compressed Oops mode: 32-bit
Narrow klass base: 0x0000000000000000, Narrow klass shift: 3
Compressed class space size: 1073741824 Address: 0x0000000100000000

Heap:
 garbage-first heap   total 172032K, used 81978K [0x00000000a0c00000, 0x0000000100000000)
  region size 1024K, 20 young (20480K), 7 survivors (7168K)
 Metaspace       used 42467K, capacity 43632K, committed 43932K, reserved 1087488K
  class space    used 4806K, capacity 5320K, committed 5376K, reserved 1048576K
Heap Regions: E=young(eden), S=young(survivor), O=old, HS=humongous(starts), HC=humongous(continues), CS=collection set, F=free, A=archive, TAMS=top-at-mark-start (previous, next)
|   0|0x00000000a0c00000, 0x00000000a0d00000, 0x00000000a0d00000|100%|HS|  |TAMS 0x00000000a0d00000, 0x00000000a0c00000| Complete 
|   1|0x00000000a0d00000, 0x00000000a0e00000, 0x00000000a0e00000|100%|HC|  |TAMS 0x00000000a0e00000, 0x00000000a0d00000| Complete 
|   2|0x00000000a0e00000, 0x00000000a0f00000, 0x00000000a0f00000|100%| O|  |TAMS 0x00000000a0f00000, 0x00000000a0e00000| Untracked 
|   3|0x00000000a0f00000, 0x00000000a1000000, 0x00000000a1000000|100%| O|  |TAMS 0x00000000a1000000, 0x00000000a0f00000| Untracked 
|   4|0x00000000a1000000, 0x00000000a1100000, 0x00000000a1100000|100%| O|  |TAMS 0x00000000a1100000, 0x00000000a1000000| Untracked 
|   5|0x00000000a1100000, 0x00000000a1200000, 0x00000000a1200000|100%| O|  |TAMS 0x00000000a1200000, 0x00000000a1100000| Untracked 
|   6|0x00000000a1200000, 0x00000000a1300000, 0x00000000a1300000|100%| O|  |TAMS 0x00000000a1300000, 0x00000000a1200000| Untracked 
|   7|0x00000000a1300000, 0x00000000a1400000, 0x00000000a1400000|100%| O|  |TAMS 0x00000000a1400000, 0x00000000a1300000| Untracked 
|   8|0x00000000a1400000, 0x00000000a1500000, 0x00000000a1500000|100%| O|  |TAMS 0x00000000a1500000, 0x00000000a1400000| Untracked 
|   9|0x00000000a1500000, 0x00000000a1600000, 0x00000000a1600000|100%| O|  |TAMS 0x00000000a1600000, 0x00000000a1500000| Untracked 
|  10|0x00000000a1600000, 0x00000000a1700000, 0x00000000a1700000|100%| O|  |TAMS 0x00000000a1700000, 0x00000000a1600000| Untracked 
|  11|0x00000000a1700000, 0x00000000a1800000, 0x00000000a1800000|100%| O|  |TAMS 0x00000000a1800000, 0x00000000a1700000| Untracked 
|  12|0x00000000a1800000, 0x00000000a1900000, 0x00000000a1900000|100%| O|  |TAMS 0x00000000a1900000, 0x00000000a1800000| Untracked 
|  13|0x00000000a1900000, 0x00000000a1a00000, 0x00000000a1a00000|100%| O|  |TAMS 0x00000000a1a00000, 0x00000000a1900000| Untracked 
|  14|0x00000000a1a00000, 0x00000000a1b00000, 0x00000000a1b00000|100%| O|  |TAMS 0x00000000a1b00000, 0x00000000a1a00000| Untracked 
|  15|0x00000000a1b00000, 0x00000000a1c00000, 0x00000000a1c00000|100%| O|  |TAMS 0x00000000a1c00000, 0x00000000a1b00000| Untracked 
|  16|0x00000000a1c00000, 0x00000000a1d00000, 0x00000000a1d00000|100%| O|  |TAMS 0x00000000a1d00000, 0x00000000a1c00000| Untracked 
|  17|0x00000000a1d00000, 0x00000000a1e00000, 0x00000000a1e00000|100%| O|  |TAMS 0x00000000a1e00000, 0x00000000a1d00000| Untracked 
|  18|0x00000000a1e00000, 0x00000000a1f00000, 0x00000000a1f00000|100%| O|  |TAMS 0x00000000a1f00000, 0x00000000a1e00000| Untracked 
|  19|0x00000000a1f00000, 0x00000000a2000000, 0x00000000a2000000|100%| O|  |TAMS 0x00000000a2000000, 0x00000000a1f00000| Untracked 
|  20|0x00000000a2000000, 0x00000000a2100000, 0x00000000a2100000|100%| O|  |TAMS 0x00000000a2100000, 0x00000000a2000000| Untracked 
|  21|0x00000000a2100000, 0x00000000a2200000, 0x00000000a2200000|100%| O|  |TAMS 0x00000000a2200000, 0x00000000a2100000| Untracked 
|  22|0x00000000a2200000, 0x00000000a2300000, 0x00000000a2300000|100%| O|  |TAMS 0x00000000a2300000, 0x00000000a2200000| Untracked 
|  23|0x00000000a2300000, 0x00000000a2400000, 0x00000000a2400000|100%| O|  |TAMS 0x00000000a2400000, 0x00000000a2300000| Untracked 
|  24|0x00000000a2400000, 0x00000000a2500000, 0x00000000a2500000|100%| O|  |TAMS 0x00000000a2500000, 0x00000000a2400000| Untracked 
|  25|0x00000000a2500000, 0x00000000a2600000, 0x00000000a2600000|100%| O|  |TAMS 0x00000000a2600000, 0x00000000a2500000| Untracked 
|  26|0x00000000a2600000, 0x00000000a2700000, 0x00000000a2700000|100%| O|  |TAMS 0x00000000a2700000, 0x00000000a2600000| Untracked 
|  27|0x00000000a2700000, 0x00000000a2800000, 0x00000000a2800000|100%| O|  |TAMS 0x00000000a2800000, 0x00000000a2700000| Untracked 
|  28|0x00000000a2800000, 0x00000000a2900000, 0x00000000a2900000|100%| O|  |TAMS 0x00000000a2900000, 0x00000000a2800000| Untracked 
|  29|0x00000000a2900000, 0x00000000a2a00000, 0x00000000a2a00000|100%| O|  |TAMS 0x00000000a2a00000, 0x00000000a2900000| Untracked 
|  30|0x00000000a2a00000, 0x00000000a2b00000, 0x00000000a2b00000|100%| O|  |TAMS 0x00000000a2b00000, 0x00000000a2a00000| Untracked 
|  31|0x00000000a2b00000, 0x00000000a2c00000, 0x00000000a2c00000|100%| O|  |TAMS 0x00000000a2c00000, 0x00000000a2b00000| Untracked 
|  32|0x00000000a2c00000, 0x00000000a2d00000, 0x00000000a2d00000|100%| O|  |TAMS 0x00000000a2d00000, 0x00000000a2c00000| Untracked 
|  33|0x00000000a2d00000, 0x00000000a2e00000, 0x00000000a2e00000|100%| O|  |TAMS 0x00000000a2e00000, 0x00000000a2d00000| Untracked 
|  34|0x00000000a2e00000, 0x00000000a2f00000, 0x00000000a2f00000|100%| O|  |TAMS 0x00000000a2f00000, 0x00000000a2e00000| Untracked 
|  35|0x00000000a2f00000, 0x00000000a3000000, 0x00000000a3000000|100%| O|  |TAMS 0x00000000a3000000, 0x00000000a2f00000| Untracked 
|  36|0x00000000a3000000, 0x00000000a3100000, 0x00000000a3100000|100%| O|  |TAMS 0x00000000a3100000, 0x00000000a3000000| Untracked 
|  37|0x00000000a3100000, 0x00000000a3200000, 0x00000000a3200000|100%| O|  |TAMS 0x00000000a3200000, 0x00000000a3100000| Untracked 
|  38|0x00000000a3200000, 0x00000000a3300000, 0x00000000a3300000|100%| O|  |TAMS 0x00000000a3300000, 0x00000000a3200000| Untracked 
|  39|0x00000000a3300000, 0x00000000a3400000, 0x00000000a3400000|100%| O|  |TAMS 0x00000000a3400000, 0x00000000a3300000| Untracked 
|  40|0x00000000a3400000, 0x00000000a3500000, 0x00000000a3500000|100%| O|  |TAMS 0x00000000a3500000, 0x00000000a3400000| Untracked 
|  41|0x00000000a3500000, 0x00000000a3600000, 0x00000000a3600000|100%| O|  |TAMS 0x00000000a3600000, 0x00000000a3500000| Untracked 
|  42|0x00000000a3600000, 0x00000000a3700000, 0x00000000a3700000|100%| O|  |TAMS 0x00000000a3700000, 0x00000000a3600000| Untracked 
|  43|0x00000000a3700000, 0x00000000a3800000, 0x00000000a3800000|100%| O|  |TAMS 0x00000000a3800000, 0x00000000a3700000| Untracked 
|  44|0x00000000a3800000, 0x00000000a3900000, 0x00000000a3900000|100%| O|  |TAMS 0x00000000a3900000, 0x00000000a3800000| Untracked 
|  45|0x00000000a3900000, 0x00000000a3a00000, 0x00000000a3a00000|100%| O|  |TAMS 0x00000000a3a00000, 0x00000000a3900000| Untracked 
|  46|0x00000000a3a00000, 0x00000000a3b00000, 0x00000000a3b00000|100%| O|  |TAMS 0x00000000a3b00000, 0x00000000a3a00000| Untracked 
|  47|0x00000000a3b00000, 0x00000000a3c00000, 0x00000000a3c00000|100%| O|  |TAMS 0x00000000a3c00000, 0x00000000a3b00000| Untracked 
|  48|0x00000000a3c00000, 0x00000000a3d00000, 0x00000000a3d00000|100%| O|  |TAMS 0x00000000a3d00000, 0x00000000a3c00000| Untracked 
|  49|0x00000000a3d00000, 0x00000000a3e00000, 0x00000000a3e00000|100%| O|  |TAMS 0x00000000a3e00000, 0x00000000a3d00000| Untracked 
|  50|0x00000000a3e00000, 0x00000000a3f00000, 0x00000000a3f00000|100%| O|  |TAMS 0x00000000a3f00000, 0x00000000a3e00000| Untracked 
|  51|0x00000000a3f00000, 0x00000000a4000000, 0x00000000a4000000|100%| O|  |TAMS 0x00000000a4000000, 0x00000000a3f00000| Untracked 
|  52|0x00000000a4000000, 0x00000000a4100000, 0x00000000a4100000|100%| O|  |TAMS 0x00000000a40db800, 0x00000000a4000000| Untracked 
|  53|0x00000000a4100000, 0x00000000a4200000, 0x00000000a4200000|100%|HS|  |TAMS 0x00000000a4100000, 0x00000000a4100000| Complete 
|  54|0x00000000a4200000, 0x00000000a4300000, 0x00000000a4300000|100%|HC|  |TAMS 0x00000000a4200000, 0x00000000a4200000| Complete 
|  55|0x00000000a4300000, 0x00000000a4400000, 0x00000000a4400000|100%|HC|  |TAMS 0x00000000a4300000, 0x00000000a4300000| Complete 
|  56|0x00000000a4400000, 0x00000000a4500000, 0x00000000a4500000|100%|HC|  |TAMS 0x00000000a4400000, 0x00000000a4400000| Complete 
|  57|0x00000000a4500000, 0x00000000a4600000, 0x00000000a4600000|100%|HC|  |TAMS 0x00000000a4500000, 0x00000000a4500000| Complete 
|  58|0x00000000a4600000, 0x00000000a4700000, 0x00000000a4700000|100%| O|  |TAMS 0x00000000a4600000, 0x00000000a4600000| Untracked 
|  59|0x00000000a4700000, 0x00000000a4800000, 0x00000000a4800000|100%| O|  |TAMS 0x00000000a4700000, 0x00000000a4700000| Untracked 
|  60|0x00000000a4800000, 0x00000000a4900000, 0x00000000a4900000|100%| O|  |TAMS 0x00000000a4800000, 0x00000000a4800000| Untracked 
|  61|0x00000000a4900000, 0x00000000a490ea00, 0x00000000a4a00000|  5%| O|  |TAMS 0x00000000a4900000, 0x00000000a4900000| Untracked 
|  62|0x00000000a4a00000, 0x00000000a4a00000, 0x00000000a4b00000|  0%| F|  |TAMS 0x00000000a4a00000, 0x00000000a4a00000| Untracked 
|  63|0x00000000a4b00000, 0x00000000a4b00000, 0x00000000a4c00000|  0%| F|  |TAMS 0x00000000a4b00000, 0x00000000a4b00000| Untracked 
|  64|0x00000000a4c00000, 0x00000000a4c00000, 0x00000000a4d00000|  0%| F|  |TAMS 0x00000000a4c00000, 0x00000000a4c00000| Untracked 
|  65|0x00000000a4d00000, 0x00000000a4d00000, 0x00000000a4e00000|  0%| F|  |TAMS 0x00000000a4d00000, 0x00000000a4d00000| Untracked 
|  66|0x00000000a4e00000, 0x00000000a4e00000, 0x00000000a4f00000|  0%| F|  |TAMS 0x00000000a4e00000, 0x00000000a4e00000| Untracked 
|  67|0x00000000a4f00000, 0x00000000a4f00000, 0x00000000a5000000|  0%| F|  |TAMS 0x00000000a4f00000, 0x00000000a4f00000| Untracked 
|  68|0x00000000a5000000, 0x00000000a5000000, 0x00000000a5100000|  0%| F|  |TAMS 0x00000000a5000000, 0x00000000a5000000| Untracked 
|  69|0x00000000a5100000, 0x00000000a5100000, 0x00000000a5200000|  0%| F|  |TAMS 0x00000000a5100000, 0x00000000a5100000| Untracked 
|  70|0x00000000a5200000, 0x00000000a5200000, 0x00000000a5300000|  0%| F|  |TAMS 0x00000000a5200000, 0x00000000a5200000| Untracked 
|  71|0x00000000a5300000, 0x00000000a5300000, 0x00000000a5400000|  0%| F|  |TAMS 0x00000000a5300000, 0x00000000a5300000| Untracked 
|  72|0x00000000a5400000, 0x00000000a5400000, 0x00000000a5500000|  0%| F|  |TAMS 0x00000000a5400000, 0x00000000a5400000| Untracked 
|  73|0x00000000a5500000, 0x00000000a5500000, 0x00000000a5600000|  0%| F|  |TAMS 0x00000000a5500000, 0x00000000a5500000| Untracked 
|  74|0x00000000a5600000, 0x00000000a5600000, 0x00000000a5700000|  0%| F|  |TAMS 0x00000000a5600000, 0x00000000a5600000| Untracked 
|  75|0x00000000a5700000, 0x00000000a5700000, 0x00000000a5800000|  0%| F|  |TAMS 0x00000000a5700000, 0x00000000a5700000| Untracked 
|  76|0x00000000a5800000, 0x00000000a5800000, 0x00000000a5900000|  0%| F|  |TAMS 0x00000000a5800000, 0x00000000a5800000| Untracked 
|  77|0x00000000a5900000, 0x00000000a5900000, 0x00000000a5a00000|  0%| F|  |TAMS 0x00000000a5900000, 0x00000000a5900000| Untracked 
|  78|0x00000000a5a00000, 0x00000000a5a00000, 0x00000000a5b00000|  0%| F|  |TAMS 0x00000000a5a00000, 0x00000000a5a00000| Untracked 
|  79|0x00000000a5b00000, 0x00000000a5b00000, 0x00000000a5c00000|  0%| F|  |TAMS 0x00000000a5b00000, 0x00000000a5b00000| Untracked 
|  80|0x00000000a5c00000, 0x00000000a5c00000, 0x00000000a5d00000|  0%| F|  |TAMS 0x00000000a5c00000, 0x00000000a5c00000| Untracked 
|  81|0x00000000a5d00000, 0x00000000a5d00000, 0x00000000a5e00000|  0%| F|  |TAMS 0x00000000a5d00000, 0x00000000a5d00000| Untracked 
|  82|0x00000000a5e00000, 0x00000000a5e00000, 0x00000000a5f00000|  0%| F|  |TAMS 0x00000000a5e00000, 0x00000000a5e00000| Untracked 
|  83|0x00000000a5f00000, 0x00000000a5f00000, 0x00000000a6000000|  0%| F|  |TAMS 0x00000000a5f00000, 0x00000000a5f00000| Untracked 
|  84|0x00000000a6000000, 0x00000000a6000000, 0x00000000a6100000|  0%| F|  |TAMS 0x00000000a6000000, 0x00000000a6000000| Untracked 
|  85|0x00000000a6100000, 0x00000000a6100000, 0x00000000a6200000|  0%| F|  |TAMS 0x00000000a6100000, 0x00000000a6100000| Untracked 
|  86|0x00000000a6200000, 0x00000000a6200000, 0x00000000a6300000|  0%| F|  |TAMS 0x00000000a6200000, 0x00000000a6200000| Untracked 
|  87|0x00000000a6300000, 0x00000000a6300000, 0x00000000a6400000|  0%| F|  |TAMS 0x00000000a6300000, 0x00000000a6300000| Untracked 
|  88|0x00000000a6400000, 0x00000000a6400000, 0x00000000a6500000|  0%| F|  |TAMS 0x00000000a6400000, 0x00000000a6400000| Untracked 
|  89|0x00000000a6500000, 0x00000000a6500000, 0x00000000a6600000|  0%| F|  |TAMS 0x00000000a6500000, 0x00000000a6500000| Untracked 
|  90|0x00000000a6600000, 0x00000000a6600000, 0x00000000a6700000|  0%| F|  |TAMS 0x00000000a6600000, 0x00000000a6600000| Untracked 
|  91|0x00000000a6700000, 0x00000000a6700000, 0x00000000a6800000|  0%| F|  |TAMS 0x00000000a6700000, 0x00000000a6700000| Untracked 
|  92|0x00000000a6800000, 0x00000000a6800000, 0x00000000a6900000|  0%| F|  |TAMS 0x00000000a6800000, 0x00000000a6800000| Untracked 
|  93|0x00000000a6900000, 0x00000000a6900000, 0x00000000a6a00000|  0%| F|  |TAMS 0x00000000a6900000, 0x00000000a6900000| Untracked 
|  94|0x00000000a6a00000, 0x00000000a6a00000, 0x00000000a6b00000|  0%| F|  |TAMS 0x00000000a6a00000, 0x00000000a6a00000| Untracked 
|  95|0x00000000a6b00000, 0x00000000a6b00000, 0x00000000a6c00000|  0%| F|  |TAMS 0x00000000a6b00000, 0x00000000a6b00000| Untracked 
|  96|0x00000000a6c00000, 0x00000000a6c00000, 0x00000000a6d00000|  0%| F|  |TAMS 0x00000000a6c00000, 0x00000000a6c00000| Untracked 
|  97|0x00000000a6d00000, 0x00000000a6d00000, 0x00000000a6e00000|  0%| F|  |TAMS 0x00000000a6d00000, 0x00000000a6d00000| Untracked 
|  98|0x00000000a6e00000, 0x00000000a6e00000, 0x00000000a6f00000|  0%| F|  |TAMS 0x00000000a6e00000, 0x00000000a6e00000| Untracked 
|  99|0x00000000a6f00000, 0x00000000a6f00000, 0x00000000a7000000|  0%| F|  |TAMS 0x00000000a6f00000, 0x00000000a6f00000| Untracked 
| 100|0x00000000a7000000, 0x00000000a7000000, 0x00000000a7100000|  0%| F|  |TAMS 0x00000000a7000000, 0x00000000a7000000| Untracked 
| 101|0x00000000a7100000, 0x00000000a7100000, 0x00000000a7200000|  0%| F|  |TAMS 0x00000000a7100000, 0x00000000a7100000| Untracked 
| 102|0x00000000a7200000, 0x00000000a7200000, 0x00000000a7300000|  0%| F|  |TAMS 0x00000000a7200000, 0x00000000a7200000| Untracked 
| 103|0x00000000a7300000, 0x00000000a7300000, 0x00000000a7400000|  0%| F|  |TAMS 0x00000000a7300000, 0x00000000a7300000| Untracked 
| 104|0x00000000a7400000, 0x00000000a7400000, 0x00000000a7500000|  0%| F|  |TAMS 0x00000000a7400000, 0x00000000a7400000| Untracked 
| 105|0x00000000a7500000, 0x00000000a7500000, 0x00000000a7600000|  0%| F|  |TAMS 0x00000000a7500000, 0x00000000a7500000| Untracked 
| 106|0x00000000a7600000, 0x00000000a7600000, 0x00000000a7700000|  0%| F|  |TAMS 0x00000000a7600000, 0x00000000a7600000| Untracked 
| 107|0x00000000a7700000, 0x00000000a7700000, 0x00000000a7800000|  0%| F|  |TAMS 0x00000000a7700000, 0x00000000a7700000| Untracked 
| 108|0x00000000a7800000, 0x00000000a7800000, 0x00000000a7900000|  0%| F|  |TAMS 0x00000000a7800000, 0x00000000a7800000| Untracked 
| 109|0x00000000a7900000, 0x00000000a7900000, 0x00000000a7a00000|  0%| F|  |TAMS 0x00000000a7900000, 0x00000000a7900000| Untracked 
| 110|0x00000000a7a00000, 0x00000000a7a00000, 0x00000000a7b00000|  0%| F|  |TAMS 0x00000000a7a00000, 0x00000000a7a00000| Untracked 
| 111|0x00000000a7b00000, 0x00000000a7b00000, 0x00000000a7c00000|  0%| F|  |TAMS 0x00000000a7b00000, 0x00000000a7b00000| Untracked 
| 112|0x00000000a7c00000, 0x00000000a7d00000, 0x00000000a7d00000|100%| S|CS|TAMS 0x00000000a7c00000, 0x00000000a7c00000| Complete 
| 113|0x00000000a7d00000, 0x00000000a7e00000, 0x00000000a7e00000|100%| S|CS|TAMS 0x00000000a7d00000, 0x00000000a7d00000| Complete 
| 114|0x00000000a7e00000, 0x00000000a7f00000, 0x00000000a7f00000|100%| S|CS|TAMS 0x00000000a7e00000, 0x00000000a7e00000| Complete 
| 115|0x00000000a7f00000, 0x00000000a8000000, 0x00000000a8000000|100%| S|CS|TAMS 0x00000000a7f00000, 0x00000000a7f00000| Complete 
| 116|0x00000000a8000000, 0x00000000a8100000, 0x00000000a8100000|100%| S|CS|TAMS 0x00000000a8000000, 0x00000000a8000000| Complete 
| 117|0x00000000a8100000, 0x00000000a8200000, 0x00000000a8200000|100%| S|CS|TAMS 0x00000000a8100000, 0x00000000a8100000| Complete 
| 118|0x00000000a8200000, 0x00000000a8300000, 0x00000000a8300000|100%| S|CS|TAMS 0x00000000a8200000, 0x00000000a8200000| Complete 
| 119|0x00000000a8300000, 0x00000000a8300000, 0x00000000a8400000|  0%| F|  |TAMS 0x00000000a8300000, 0x00000000a8300000| Untracked 
| 120|0x00000000a8400000, 0x00000000a8400000, 0x00000000a8500000|  0%| F|  |TAMS 0x00000000a8400000, 0x00000000a8400000| Untracked 
| 121|0x00000000a8500000, 0x00000000a8500000, 0x00000000a8600000|  0%| F|  |TAMS 0x00000000a8500000, 0x00000000a8500000| Untracked 
| 122|0x00000000a8600000, 0x00000000a8600000, 0x00000000a8700000|  0%| F|  |TAMS 0x00000000a8600000, 0x00000000a8600000| Untracked 
| 123|0x00000000a8700000, 0x00000000a8700000, 0x00000000a8800000|  0%| F|  |TAMS 0x00000000a8700000, 0x00000000a8700000| Untracked 
| 124|0x00000000a8800000, 0x00000000a8800000, 0x00000000a8900000|  0%| F|  |TAMS 0x00000000a8800000, 0x00000000a8800000| Untracked 
| 125|0x00000000a8900000, 0x00000000a8900000, 0x00000000a8a00000|  0%| F|  |TAMS 0x00000000a8900000, 0x00000000a8900000| Untracked 
| 126|0x00000000a8a00000, 0x00000000a8a00000, 0x00000000a8b00000|  0%| F|  |TAMS 0x00000000a8a00000, 0x00000000a8a00000| Untracked 
| 127|0x00000000a8b00000, 0x00000000a8b00000, 0x00000000a8c00000|  0%| F|  |TAMS 0x00000000a8b00000, 0x00000000a8b00000| Untracked 
| 128|0x00000000a8c00000, 0x00000000a8c00000, 0x00000000a8d00000|  0%| F|  |TAMS 0x00000000a8c00000, 0x00000000a8c00000| Untracked 
| 129|0x00000000a8d00000, 0x00000000a8d00000, 0x00000000a8e00000|  0%| F|  |TAMS 0x00000000a8d00000, 0x00000000a8d00000| Untracked 
| 130|0x00000000a8e00000, 0x00000000a8e00000, 0x00000000a8f00000|  0%| F|  |TAMS 0x00000000a8e00000, 0x00000000a8e00000| Untracked 
| 131|0x00000000a8f00000, 0x00000000a8f00000, 0x00000000a9000000|  0%| F|  |TAMS 0x00000000a8f00000, 0x00000000a8f00000| Untracked 
| 132|0x00000000a9000000, 0x00000000a9000000, 0x00000000a9100000|  0%| F|  |TAMS 0x00000000a9000000, 0x00000000a9000000| Untracked 
| 133|0x00000000a9100000, 0x00000000a9100000, 0x00000000a9200000|  0%| F|  |TAMS 0x00000000a9100000, 0x00000000a9100000| Untracked 
| 134|0x00000000a9200000, 0x00000000a9200000, 0x00000000a9300000|  0%| F|  |TAMS 0x00000000a9200000, 0x00000000a9200000| Untracked 
| 135|0x00000000a9300000, 0x00000000a9300000, 0x00000000a9400000|  0%| F|  |TAMS 0x00000000a9300000, 0x00000000a9300000| Untracked 
| 136|0x00000000a9400000, 0x00000000a9400000, 0x00000000a9500000|  0%| F|  |TAMS 0x00000000a9400000, 0x00000000a9400000| Untracked 
| 137|0x00000000a9500000, 0x00000000a9500000, 0x00000000a9600000|  0%| F|  |TAMS 0x00000000a9500000, 0x00000000a9500000| Untracked 
| 138|0x00000000a9600000, 0x00000000a9600000, 0x00000000a9700000|  0%| F|  |TAMS 0x00000000a9600000, 0x00000000a9600000| Untracked 
| 139|0x00000000a9700000, 0x00000000a9700000, 0x00000000a9800000|  0%| F|  |TAMS 0x00000000a9700000, 0x00000000a9700000| Untracked 
| 140|0x00000000a9800000, 0x00000000a9800000, 0x00000000a9900000|  0%| F|  |TAMS 0x00000000a9800000, 0x00000000a9800000| Untracked 
| 141|0x00000000a9900000, 0x00000000a9900000, 0x00000000a9a00000|  0%| F|  |TAMS 0x00000000a9900000, 0x00000000a9900000| Untracked 
| 142|0x00000000a9a00000, 0x00000000a9a00000, 0x00000000a9b00000|  0%| F|  |TAMS 0x00000000a9a00000, 0x00000000a9a00000| Untracked 
| 143|0x00000000a9b00000, 0x00000000a9b00000, 0x00000000a9c00000|  0%| F|  |TAMS 0x00000000a9b00000, 0x00000000a9b00000| Untracked 
| 144|0x00000000a9c00000, 0x00000000a9c00000, 0x00000000a9d00000|  0%| F|  |TAMS 0x00000000a9c00000, 0x00000000a9c00000| Untracked 
| 145|0x00000000a9d00000, 0x00000000a9d00000, 0x00000000a9e00000|  0%| F|  |TAMS 0x00000000a9d00000, 0x00000000a9d00000| Untracked 
| 146|0x00000000a9e00000, 0x00000000a9e00000, 0x00000000a9f00000|  0%| F|  |TAMS 0x00000000a9e00000, 0x00000000a9e00000| Untracked 
| 147|0x00000000a9f00000, 0x00000000a9f00000, 0x00000000aa000000|  0%| F|  |TAMS 0x00000000a9f00000, 0x00000000a9f00000| Untracked 
| 148|0x00000000aa000000, 0x00000000aa000000, 0x00000000aa100000|  0%| F|  |TAMS 0x00000000aa000000, 0x00000000aa000000| Untracked 
| 149|0x00000000aa100000, 0x00000000aa100000, 0x00000000aa200000|  0%| F|  |TAMS 0x00000000aa100000, 0x00000000aa100000| Untracked 
| 150|0x00000000aa200000, 0x00000000aa200000, 0x00000000aa300000|  0%| F|  |TAMS 0x00000000aa200000, 0x00000000aa200000| Untracked 
| 151|0x00000000aa300000, 0x00000000aa300000, 0x00000000aa400000|  0%| F|  |TAMS 0x00000000aa300000, 0x00000000aa300000| Untracked 
| 152|0x00000000aa400000, 0x00000000aa400000, 0x00000000aa500000|  0%| F|  |TAMS 0x00000000aa400000, 0x00000000aa400000| Untracked 
| 153|0x00000000aa500000, 0x00000000aa500000, 0x00000000aa600000|  0%| F|  |TAMS 0x00000000aa500000, 0x00000000aa500000| Untracked 
| 154|0x00000000aa600000, 0x00000000aa600000, 0x00000000aa700000|  0%| F|  |TAMS 0x00000000aa600000, 0x00000000aa600000| Untracked 
| 155|0x00000000aa700000, 0x00000000aa780800, 0x00000000aa800000| 50%| E|  |TAMS 0x00000000aa700000, 0x00000000aa700000| Complete 
| 156|0x00000000aa800000, 0x00000000aa900000, 0x00000000aa900000|100%| E|CS|TAMS 0x00000000aa800000, 0x00000000aa800000| Complete 
| 157|0x00000000aa900000, 0x00000000aaa00000, 0x00000000aaa00000|100%| E|CS|TAMS 0x00000000aa900000, 0x00000000aa900000| Complete 
| 158|0x00000000aaa00000, 0x00000000aab00000, 0x00000000aab00000|100%| E|CS|TAMS 0x00000000aaa00000, 0x00000000aaa00000| Complete 
| 159|0x00000000aab00000, 0x00000000aac00000, 0x00000000aac00000|100%| E|CS|TAMS 0x00000000aab00000, 0x00000000aab00000| Complete 
| 160|0x00000000aac00000, 0x00000000aad00000, 0x00000000aad00000|100%| E|CS|TAMS 0x00000000aac00000, 0x00000000aac00000| Complete 
| 161|0x00000000aad00000, 0x00000000aae00000, 0x00000000aae00000|100%| E|CS|TAMS 0x00000000aad00000, 0x00000000aad00000| Complete 
| 162|0x00000000aae00000, 0x00000000aaf00000, 0x00000000aaf00000|100%| E|CS|TAMS 0x00000000aae00000, 0x00000000aae00000| Complete 
| 163|0x00000000aaf00000, 0x00000000ab000000, 0x00000000ab000000|100%| E|CS|TAMS 0x00000000aaf00000, 0x00000000aaf00000| Complete 
| 164|0x00000000ab000000, 0x00000000ab100000, 0x00000000ab100000|100%| E|CS|TAMS 0x00000000ab000000, 0x00000000ab000000| Complete 
| 165|0x00000000ab100000, 0x00000000ab200000, 0x00000000ab200000|100%| E|CS|TAMS 0x00000000ab100000, 0x00000000ab100000| Complete 
| 166|0x00000000ab200000, 0x00000000ab300000, 0x00000000ab300000|100%| E|CS|TAMS 0x00000000ab200000, 0x00000000ab200000| Complete 
| 167|0x00000000ab300000, 0x00000000ab400000, 0x00000000ab400000|100%| E|CS|TAMS 0x00000000ab300000, 0x00000000ab300000| Complete 

Card table byte_map: [0x000002691cee0000,0x000002691d1e0000] _byte_map_base: 0x000002691c9da000

Marking Bits (Prev, Next): (CMBitMap*) 0x000002690624df70, (CMBitMap*) 0x000002690624df38
 Prev Bits: [0x000002691ecb0000, 0x0000026920480000)
 Next Bits: [0x000002691d4e0000, 0x000002691ecb0000)

Polling page: 0x00000269040f0000

Metaspace:

Usage:
  Non-class:     37.41 MB capacity,    36.78 MB ( 98%) used,   509.07 KB (  1%) free+waste,   142.06 KB ( <1%) overhead. 
      Class:      5.20 MB capacity,     4.69 MB ( 90%) used,   442.32 KB (  8%) free+waste,    71.44 KB (  1%) overhead. 
       Both:     42.61 MB capacity,    41.47 MB ( 97%) used,   951.39 KB (  2%) free+waste,   213.50 KB ( <1%) overhead. 

Virtual space:
  Non-class space:       38.00 MB reserved,      37.65 MB (>99%) committed 
      Class space:        1.00 GB reserved,       5.25 MB ( <1%) committed 
             Both:        1.04 GB reserved,      42.90 MB (  4%) committed 

Chunk freelists:
   Non-Class:  0 bytes
       Class:  0 bytes
        Both:  0 bytes

CodeHeap 'non-profiled nmethods': size=120000Kb used=3325Kb max_used=3325Kb free=116674Kb
 bounds [0x0000026915380000, 0x00000269156c0000, 0x000002691c8b0000]
CodeHeap 'profiled nmethods': size=120000Kb used=9136Kb max_used=9136Kb free=110863Kb
 bounds [0x000002690de50000, 0x000002690e740000, 0x0000026915380000]
CodeHeap 'non-nmethods': size=5760Kb used=1231Kb max_used=1266Kb free=4528Kb
 bounds [0x000002690d8b0000, 0x000002690db20000, 0x000002690de50000]
 total_blobs=4684 nmethods=4077 adapters=518
 compilation: enabled
              stopped_count=0, restarted_count=0
 full_count=0

Compilation events (10 events):
Event: 12.748 Thread 0x0000026922ee8000 4174       1       java.lang.Thread::getName (5 bytes)
Event: 12.749 Thread 0x0000026922ee8000 nmethod 4174 0x00000269156be090 code [0x00000269156be220, 0x00000269156be2d8]
Event: 12.749 Thread 0x0000026922ee8000 4175       3       io.netty.util.internal.shaded.org.jctools.util.UnsafeRefArrayAccess::soRefElement (10 bytes)
Event: 12.749 Thread 0x0000026922ee8000 nmethod 4175 0x000002690e73b610 code [0x000002690e73b7c0, 0x000002690e73ba98]
Event: 12.749 Thread 0x0000026922ee8000 4176       3       sun.misc.Unsafe::putOrderedObject (11 bytes)
Event: 12.749 Thread 0x0000026922ee8000 nmethod 4176 0x000002690e73bb90 code [0x000002690e73bd40, 0x000002690e73bf78]
Event: 12.749 Thread 0x0000026922ee8000 4177       1       io.netty.handler.codec.DefaultHeaders$HeaderEntry::getKey (5 bytes)
Event: 12.749 Thread 0x0000026922ee8000 nmethod 4177 0x00000269156be390 code [0x00000269156be520, 0x00000269156be5d8]
Event: 12.752 Thread 0x0000026922ee7000 nmethod 4162 0x00000269156be690 code [0x00000269156be840, 0x00000269156bf098]
Event: 12.752 Thread 0x0000026922ee7000 4163       4       org.aspectj.weaver.TypeFactory::createTypeFromSignature (985 bytes)

GC Heap History (10 events):
Event: 6.821 GC heap before
{Heap before GC invocations=11 (full 0):
 garbage-first heap   total 143360K, used 99601K [0x00000000a0c00000, 0x0000000100000000)
  region size 1024K, 55 young (56320K), 5 survivors (5120K)
 Metaspace       used 34916K, capacity 35710K, committed 35964K, reserved 1081344K
  class space    used 3771K, capacity 4146K, committed 4224K, reserved 1048576K
}
Event: 6.834 GC heap after
{Heap after GC invocations=12 (full 0):
 garbage-first heap   total 143360K, used 53820K [0x00000000a0c00000, 0x0000000100000000)
  region size 1024K, 5 young (5120K), 5 survivors (5120K)
 Metaspace       used 34916K, capacity 35710K, committed 35964K, reserved 1081344K
  class space    used 3771K, capacity 4146K, committed 4224K, reserved 1048576K
}
Event: 6.887 GC heap before
{Heap before GC invocations=12 (full 0):
 garbage-first heap   total 143360K, used 57916K [0x00000000a0c00000, 0x0000000100000000)
  region size 1024K, 10 young (10240K), 5 survivors (5120K)
 Metaspace       used 35086K, capacity 35841K, committed 35964K, reserved 1081344K
  class space    used 3791K, capacity 4147K, committed 4224K, reserved 1048576K
}
Event: 6.893 GC heap after
{Heap after GC invocations=13 (full 0):
 garbage-first heap   total 143360K, used 55090K [0x00000000a0c00000, 0x0000000100000000)
  region size 1024K, 1 young (1024K), 1 survivors (1024K)
 Metaspace       used 35086K, capacity 35841K, committed 35964K, reserved 1081344K
  class space    used 3791K, capacity 4147K, committed 4224K, reserved 1048576K
}
Event: 7.570 GC heap before
{Heap before GC invocations=14 (full 0):
 garbage-first heap   total 143360K, used 92978K [0x00000000a0c00000, 0x0000000100000000)
  region size 1024K, 38 young (38912K), 1 survivors (1024K)
 Metaspace       used 37376K, capacity 38398K, committed 38556K, reserved 1083392K
  class space    used 4126K, capacity 4568K, committed 4608K, reserved 1048576K
}
Event: 7.577 GC heap after
{Heap after GC invocations=15 (full 0):
 garbage-first heap   total 143360K, used 57697K [0x00000000a0c00000, 0x0000000100000000)
  region size 1024K, 4 young (4096K), 4 survivors (4096K)
 Metaspace       used 37376K, capacity 38398K, committed 38556K, reserved 1083392K
  class space    used 4126K, capacity 4568K, committed 4608K, reserved 1048576K
}
Event: 9.154 GC heap before
{Heap before GC invocations=16 (full 0):
 garbage-first heap   total 143360K, used 101729K [0x00000000a0c00000, 0x0000000100000000)
  region size 1024K, 42 young (43008K), 4 survivors (4096K)
 Metaspace       used 39109K, capacity 40175K, committed 40348K, reserved 1085440K
  class space    used 4368K, capacity 4798K, committed 4864K, reserved 1048576K
}
Event: 9.164 GC heap after
{Heap after GC invocations=17 (full 0):
 garbage-first heap   total 172032K, used 65848K [0x00000000a0c00000, 0x0000000100000000)
  region size 1024K, 6 young (6144K), 6 survivors (6144K)
 Metaspace       used 39109K, capacity 40175K, committed 40348K, reserved 1085440K
  class space    used 4368K, capacity 4798K, committed 4864K, reserved 1048576K
}
Event: 10.129 GC heap before
{Heap before GC invocations=17 (full 0):
 garbage-first heap   total 172032K, used 116024K [0x00000000a0c00000, 0x0000000100000000)
  region size 1024K, 55 young (56320K), 6 survivors (6144K)
 Metaspace       used 41714K, capacity 42834K, committed 43036K, reserved 1087488K
  class space    used 4689K, capacity 5155K, committed 5248K, reserved 1048576K
}
Event: 10.139 GC heap after
{Heap after GC invocations=18 (full 0):
 garbage-first heap   total 172032K, used 69690K [0x00000000a0c00000, 0x0000000100000000)
  region size 1024K, 7 young (7168K), 7 survivors (7168K)
 Metaspace       used 41714K, capacity 42834K, committed 43036K, reserved 1087488K
  class space    used 4689K, capacity 5155K, committed 5248K, reserved 1048576K
}

Deoptimization events (10 events):
Event: 9.127 Thread 0x0000026929a70000 Uncommon trap: reason=class_check action=maybe_recompile pc=0x0000026915594118 method=java.lang.AbstractStringBuilder.append(Ljava/lang/CharSequence;II)Ljava/lang/AbstractStringBuilder; @ 10 c2
Event: 9.127 Thread 0x0000026929a70000 Uncommon trap: reason=predicate action=maybe_recompile pc=0x0000026915623920 method=java.lang.AbstractStringBuilder.appendChars(Ljava/lang/CharSequence;II)V @ 25 c2
Event: 9.597 Thread 0x0000026929a6b800 Uncommon trap: reason=class_check action=maybe_recompile pc=0x000002691541c8ec method=java.nio.DirectByteBuffer.<init>(Lsun/nio/ch/DirectBuffer;IIIII)V @ 12 c2
Event: 9.601 Thread 0x0000026929a6b800 Uncommon trap: reason=class_check action=maybe_recompile pc=0x0000026915594118 method=java.lang.AbstractStringBuilder.append(Ljava/lang/CharSequence;II)Ljava/lang/AbstractStringBuilder; @ 10 c2
Event: 9.652 Thread 0x0000026929a6c800 Uncommon trap: reason=class_check action=maybe_recompile pc=0x0000026915594118 method=java.lang.AbstractStringBuilder.append(Ljava/lang/CharSequence;II)Ljava/lang/AbstractStringBuilder; @ 10 c2
Event: 9.795 Thread 0x0000026906219000 Uncommon trap: reason=unstable_if action=reinterpret pc=0x00000269153b1274 method=java.lang.AbstractStringBuilder.putStringAt(ILjava/lang/String;)V @ 8 c2
Event: 9.843 Thread 0x0000026929a70000 Uncommon trap: reason=unstable_if action=reinterpret pc=0x00000269154001d4 method=java.io.ByteArrayInputStream.read()I @ 8 c2
Event: 9.980 Thread 0x0000026929a70000 Uncommon trap: reason=class_check action=maybe_recompile pc=0x0000026915594118 method=java.lang.AbstractStringBuilder.append(Ljava/lang/CharSequence;II)Ljava/lang/AbstractStringBuilder; @ 10 c2
Event: 10.126 Thread 0x0000026906219000 Uncommon trap: reason=unstable_if action=reinterpret pc=0x000002691547949c method=java.util.concurrent.ConcurrentHashMap.get(Ljava/lang/Object;)Ljava/lang/Object; @ 152 c2
Event: 12.654 Thread 0x0000026906219000 Uncommon trap: reason=unstable_if action=reinterpret pc=0x0000026915482efc method=java.lang.StringCoding.encodeUTF8(B[BZ)[B @ 2 c2

Classes redefined (0 events):
No events

Internal exceptions (10 events):
Event: 9.984 Thread 0x0000026906219000 Exception <a 'java/lang/IncompatibleClassChangeError'{0x00000000a8f01f70}: Found class java.lang.Object, but interface was expected> (0x00000000a8f01f70) thrown at [./open/src/hotspot/share/interpreter/linkResolver.cpp, line 838]
Event: 9.984 Thread 0x0000026906219000 Exception <a 'java/lang/IncompatibleClassChangeError'{0x00000000a8f04fb0}: Found class java.lang.Object, but interface was expected> (0x00000000a8f04fb0) thrown at [./open/src/hotspot/share/interpreter/linkResolver.cpp, line 838]
Event: 9.985 Thread 0x0000026906219000 Exception <a 'java/lang/IncompatibleClassChangeError'{0x00000000a8f08018}: Found class java.lang.Object, but interface was expected> (0x00000000a8f08018) thrown at [./open/src/hotspot/share/interpreter/linkResolver.cpp, line 838]
Event: 9.986 Thread 0x0000026906219000 Exception <a 'sun/nio/fs/WindowsException'{0x00000000a8f0b258}> (0x00000000a8f0b258) thrown at [./open/src/hotspot/share/prims/jni.cpp, line 611]
Event: 10.189 Thread 0x0000026906219000 Exception <a 'java/lang/IncompatibleClassChangeError'{0x00000000aaf19bc0}: Found class java.lang.Object, but interface was expected> (0x00000000aaf19bc0) thrown at [./open/src/hotspot/share/interpreter/linkResolver.cpp, line 838]
Event: 10.239 Thread 0x0000026906219000 Exception <a 'java/lang/IncompatibleClassChangeError'{0x00000000aad44e78}: Found class java.lang.Object, but interface was expected> (0x00000000aad44e78) thrown at [./open/src/hotspot/share/interpreter/linkResolver.cpp, line 838]
Event: 10.239 Thread 0x0000026906219000 Exception <a 'java/lang/IncompatibleClassChangeError'{0x00000000aad47e48}: Found class java.lang.Object, but interface was expected> (0x00000000aad47e48) thrown at [./open/src/hotspot/share/interpreter/linkResolver.cpp, line 838]
Event: 10.239 Thread 0x0000026906219000 Exception <a 'java/lang/IncompatibleClassChangeError'{0x00000000aad4add0}: Found class java.lang.Object, but interface was expected> (0x00000000aad4add0) thrown at [./open/src/hotspot/share/interpreter/linkResolver.cpp, line 838]
Event: 10.240 Thread 0x0000026906219000 Exception <a 'java/lang/IncompatibleClassChangeError'{0x00000000aad4dd88}: Found class java.lang.Object, but interface was expected> (0x00000000aad4dd88) thrown at [./open/src/hotspot/share/interpreter/linkResolver.cpp, line 838]
Event: 10.241 Thread 0x0000026906219000 Exception <a 'java/lang/IncompatibleClassChangeError'{0x00000000aad5b950}: Found class java.lang.Object, but interface was expected> (0x00000000aad5b950) thrown at [./open/src/hotspot/share/interpreter/linkResolver.cpp, line 838]

Events (10 events):
Event: 12.744 loading class org/openqa/selenium/Point
Event: 12.744 loading class org/openqa/selenium/Point done
Event: 12.745 loading class org/openqa/selenium/OutputType
Event: 12.745 loading class org/openqa/selenium/OutputType done
Event: 12.746 loading class org/openqa/selenium/Rectangle
Event: 12.746 loading class org/openqa/selenium/Rectangle done
Event: 12.749 Executing VM operation: RevokeBias
Event: 12.749 Executing VM operation: RevokeBias done
Event: 12.749 Executing VM operation: RevokeBias
Event: 12.750 Executing VM operation: RevokeBias done


Dynamic libraries:
0x00007ff620720000 - 0x00007ff62072f000 	C:\Program Files\jdk-11.0.16.1\bin\java.exe
0x00007ffa713f0000 - 0x00007ffa715e8000 	C:\WINDOWS\SYSTEM32\ntdll.dll
0x00007ffa6f630000 - 0x00007ffa6f6ef000 	C:\WINDOWS\System32\KERNEL32.DLL
0x00007ffa6ec80000 - 0x00007ffa6ef52000 	C:\WINDOWS\System32\KERNELBASE.dll
0x00007ffa6efc0000 - 0x00007ffa6f0c0000 	C:\WINDOWS\System32\ucrtbase.dll
0x00007ffa4f500000 - 0x00007ffa4f518000 	C:\Program Files\jdk-11.0.16.1\bin\jli.dll
0x00007ffa4f4e0000 - 0x00007ffa4f4f5000 	C:\Program Files\jdk-11.0.16.1\bin\VCRUNTIME140.dll
0x00007ffa71250000 - 0x00007ffa712fe000 	C:\WINDOWS\System32\ADVAPI32.dll
0x00007ffa70ad0000 - 0x00007ffa70b6e000 	C:\WINDOWS\System32\msvcrt.dll
0x00007ffa711b0000 - 0x00007ffa7124c000 	C:\WINDOWS\System32\sechost.dll
0x00007ffa70fa0000 - 0x00007ffa710c5000 	C:\WINDOWS\System32\RPCRT4.dll
0x00007ffa70310000 - 0x00007ffa704b1000 	C:\WINDOWS\System32\USER32.dll
0x00007ffa5e100000 - 0x00007ffa5e39a000 	C:\WINDOWS\WinSxS\amd64_microsoft.windows.common-controls_6595b64144ccf1df_6.0.19041.1110_none_60b5254171f9507e\COMCTL32.dll
0x00007ffa6ef60000 - 0x00007ffa6ef82000 	C:\WINDOWS\System32\win32u.dll
0x00007ffa71180000 - 0x00007ffa711ab000 	C:\WINDOWS\System32\GDI32.dll
0x00007ffa6eb70000 - 0x00007ffa6ec7f000 	C:\WINDOWS\System32\gdi32full.dll
0x00007ffa6f1e0000 - 0x00007ffa6f27d000 	C:\WINDOWS\System32\msvcp_win.dll
0x00007ffa66fb0000 - 0x00007ffa66fba000 	C:\WINDOWS\SYSTEM32\VERSION.dll
0x00007ffa6f5e0000 - 0x00007ffa6f612000 	C:\WINDOWS\System32\IMM32.DLL
0x00007ffa4f3f0000 - 0x00007ffa4f48b000 	C:\Program Files\jdk-11.0.16.1\bin\msvcp140.dll
0x00007ffa0ea00000 - 0x00007ffa0f518000 	C:\Program Files\jdk-11.0.16.1\bin\server\jvm.dll
0x00007ffa71390000 - 0x00007ffa71398000 	C:\WINDOWS\System32\PSAPI.DLL
0x00007ffa66d60000 - 0x00007ffa66d87000 	C:\WINDOWS\SYSTEM32\WINMM.dll
0x00007ffa1d590000 - 0x00007ffa1d599000 	C:\WINDOWS\SYSTEM32\WSOCK32.dll
0x00007ffa70940000 - 0x00007ffa709ab000 	C:\WINDOWS\System32\WS2_32.dll
0x00007ffa6c960000 - 0x00007ffa6c972000 	C:\WINDOWS\SYSTEM32\kernel.appcore.dll
0x00007ffa4f4d0000 - 0x00007ffa4f4e0000 	C:\Program Files\jdk-11.0.16.1\bin\verify.dll
0x00007ffa6a130000 - 0x00007ffa6a314000 	C:\WINDOWS\SYSTEM32\DBGHELP.DLL
0x00007ffa6a0f0000 - 0x00007ffa6a125000 	C:\WINDOWS\SYSTEM32\dbgcore.DLL
0x00007ffa6eae0000 - 0x00007ffa6eb62000 	C:\WINDOWS\System32\bcryptPrimitives.dll
0x00007ffa1cd90000 - 0x00007ffa1cdb8000 	C:\Program Files\jdk-11.0.16.1\bin\java.dll
0x00007ffa4f370000 - 0x00007ffa4f37a000 	C:\Program Files\jdk-11.0.16.1\bin\jimage.dll
0x00007ffa699b0000 - 0x00007ffa699be000 	C:\Program Files\jdk-11.0.16.1\bin\instrument.dll
0x00007ffa4f3d0000 - 0x00007ffa4f3e6000 	C:\Program Files\jdk-11.0.16.1\bin\zip.dll
0x00007ffa6f6f0000 - 0x00007ffa6fe34000 	C:\WINDOWS\System32\SHELL32.dll
0x00007ffa6cb60000 - 0x00007ffa6d2f2000 	C:\WINDOWS\SYSTEM32\windows.storage.dll
0x00007ffa70c40000 - 0x00007ffa70f95000 	C:\WINDOWS\System32\combase.dll
0x00007ffa6e460000 - 0x00007ffa6e490000 	C:\WINDOWS\SYSTEM32\Wldp.dll
0x00007ffa707b0000 - 0x00007ffa7085d000 	C:\WINDOWS\System32\SHCORE.dll
0x00007ffa6fe40000 - 0x00007ffa6fe95000 	C:\WINDOWS\System32\shlwapi.dll
0x00007ffa6ea20000 - 0x00007ffa6ea3f000 	C:\WINDOWS\SYSTEM32\profapi.dll
0x00007ffa4f3b0000 - 0x00007ffa4f3c9000 	C:\Program Files\jdk-11.0.16.1\bin\net.dll
0x00007ffa66a60000 - 0x00007ffa66b6c000 	C:\WINDOWS\SYSTEM32\WINHTTP.dll
0x00007ffa6e170000 - 0x00007ffa6e1da000 	C:\WINDOWS\system32\mswsock.dll
0x00007ffa4f390000 - 0x00007ffa4f3a2000 	C:\Program Files\jdk-11.0.16.1\bin\nio.dll
0x00007ffa69870000 - 0x00007ffa6988a000 	C:\Users\ASUS\IntelliJ IDEA Community Edition 2022.3\bin\breakgen64.dll
0x00007ffa6e350000 - 0x00007ffa6e368000 	C:\WINDOWS\SYSTEM32\CRYPTSP.dll
0x00007ffa6daa0000 - 0x00007ffa6dad4000 	C:\WINDOWS\system32\rsaenh.dll
0x00007ffa6ef90000 - 0x00007ffa6efb7000 	C:\WINDOWS\System32\bcrypt.dll
0x00007ffa6e9e0000 - 0x00007ffa6ea0e000 	C:\WINDOWS\SYSTEM32\USERENV.dll
0x00007ffa6e370000 - 0x00007ffa6e37c000 	C:\WINDOWS\SYSTEM32\CRYPTBASE.dll
0x00007ffa6de80000 - 0x00007ffa6debb000 	C:\WINDOWS\SYSTEM32\IPHLPAPI.DLL
0x00007ffa713a0000 - 0x00007ffa713a8000 	C:\WINDOWS\System32\NSI.dll
0x00007ffa64770000 - 0x00007ffa64787000 	C:\WINDOWS\SYSTEM32\dhcpcsvc6.DLL
0x00007ffa63eb0000 - 0x00007ffa63ecd000 	C:\WINDOWS\SYSTEM32\dhcpcsvc.DLL
0x00007ffa6dec0000 - 0x00007ffa6df8a000 	C:\WINDOWS\SYSTEM32\DNSAPI.dll
0x00007ffa697d0000 - 0x00007ffa697f5000 	C:\Program Files\jdk-11.0.16.1\bin\sunec.dll
0x00000000742d0000 - 0x00000000742f6000 	C:\Program Files\Bonjour\mdnsNSP.dll
0x00007ffa60720000 - 0x00007ffa6072a000 	C:\Windows\System32\rasadhlp.dll
0x00007ffa65e20000 - 0x00007ffa65ea0000 	C:\WINDOWS\System32\fwpuclnt.dll
0x00007ffa698a0000 - 0x00007ffa698a9000 	C:\Program Files\jdk-11.0.16.1\bin\management.dll
0x00007ffa69890000 - 0x00007ffa6989b000 	C:\Program Files\jdk-11.0.16.1\bin\management_ext.dll
0x00007ffa515e0000 - 0x00007ffa515f7000 	C:\WINDOWS\system32\napinsp.dll
0x00007ffa51590000 - 0x00007ffa515ab000 	C:\WINDOWS\system32\pnrpnsp.dll
0x00007ffa51510000 - 0x00007ffa51525000 	C:\WINDOWS\system32\wshbth.dll
0x00007ffa69740000 - 0x00007ffa6975d000 	C:\WINDOWS\system32\NLAapi.dll
0x00007ffa51490000 - 0x00007ffa514a2000 	C:\WINDOWS\System32\winrnr.dll

dbghelp: loaded successfully - version: 4.0.5 - missing functions: none
symbol engine: initialized successfully - sym options: 0x614 - pdb path: .;C:\Program Files\jdk-11.0.16.1\bin;C:\WINDOWS\SYSTEM32;C:\WINDOWS\WinSxS\amd64_microsoft.windows.common-controls_6595b64144ccf1df_6.0.19041.1110_none_60b5254171f9507e;C:\Program Files\jdk-11.0.16.1\bin\server;C:\Users\ASUS\IntelliJ IDEA Community Edition 2022.3\bin;C:\Program Files\Bonjour

VM Arguments:
jvm_args: -ea -javaagent:C:\Users\ASUS\.m2\repository/org/aspectj/aspectjweaver/1.9.2/aspectjweaver-1.9.2.jar -Didea.test.cyclic.buffer.size=1048576 -javaagent:C:\Users\ASUS\IntelliJ IDEA Community Edition 2022.3\lib\idea_rt.jar=51053:C:\Users\ASUS\IntelliJ IDEA Community Edition 2022.3\bin -Dfile.encoding=UTF-8 
java_command: com.intellij.rt.testng.RemoteTestNGStarter -usedefaultlisteners false -socket51052 @w@C:\Users\ASUS\AppData\Local\Temp\idea_working_dirs_testng1.tmp -temp C:\Users\ASUS\AppData\Local\Temp\idea_testng1.tmp
java_class_path (initial): C:\Users\ASUS\IntelliJ IDEA Community Edition 2022.3\lib\idea_rt.jar;C:\Users\ASUS\IntelliJ IDEA Community Edition 2022.3\plugins\testng\lib\testng-rt.jar;C:\Users\ASUS\IdeaProjects\QABrains\target\test-classes;C:\Users\ASUS\.m2\repository\org\seleniumhq\selenium\selenium-java\4.6.0\selenium-java-4.6.0.jar;C:\Users\ASUS\.m2\repository\org\seleniumhq\selenium\selenium-api\4.6.0\selenium-api-4.6.0.jar;C:\Users\ASUS\.m2\repository\org\seleniumhq\selenium\selenium-chrome-driver\4.6.0\selenium-chrome-driver-4.6.0.jar;C:\Users\ASUS\.m2\repository\com\google\auto\service\auto-service-annotations\1.0.1\auto-service-annotations-1.0.1.jar;C:\Users\ASUS\.m2\repository\com\google\auto\service\auto-service\1.0.1\auto-service-1.0.1.jar;C:\Users\ASUS\.m2\repository\com\google\auto\auto-common\1.2\auto-common-1.2.jar;C:\Users\ASUS\.m2\repository\com\google\guava\guava\31.1-jre\guava-31.1-jre.jar;C:\Users\ASUS\.m2\repository\com\google\guava\failureaccess\1.0.1\failureaccess-1.0.1.jar;C:\Users\ASUS\.m2\repository\com\google\guava\listenablefuture\9999.0-empty-to-avoid-conflict-with-guava\listenablefuture-9999.0-empty-to-avoid-conflict-with-guava.jar;C:\Users\ASUS\.m2\repository\org\checkerframework\checker-qual\3.12.0\checker-qual-3.12.0.jar;C:\Users\ASUS\.m2\repository\com\google\errorprone\error_prone_annotations\2.11.0\error_prone_annotations-2.11.0.jar;C:\Users\ASUS\.m2\repository\com\google\j2objc\j2objc-annotations\1.3\j2objc-annotations-1.3.jar;C:\Users\ASUS\.m2\repository\org\seleniumhq\selenium\selenium-chromium-driver\4.6.0\selenium-chromium-driver-4.6.0.jar;C:\Users\ASUS\.m2\repository\org\seleniumhq\selenium\selenium-json\4.6.0\selenium-json-4.6.0.jar;C:\Users\ASUS\.m2\repository\org\seleniumhq\selenium\selenium-devtools-v105\4.6.0\selenium-devtools-v105-4.6.0.jar;C:\Users\ASUS\.m2\repository\org\seleniumhq\selenium\selenium-devtools-v106\4.6.0\selenium-devtools-v106-4.6.0.jar;C:\Users\ASUS\.m2\repository\org\seleniumhq\selenium\selenium-devt
Launcher Type: SUN_STANDARD

[Global flags]
     intx CICompilerCount                          = 4                                         {product} {ergonomic}
     uint ConcGCThreads                            = 2                                         {product} {ergonomic}
     uint G1ConcRefinementThreads                  = 8                                         {product} {ergonomic}
   size_t G1HeapRegionSize                         = 1048576                                   {product} {ergonomic}
    uintx GCDrainStackTargetSize                   = 64                                        {product} {ergonomic}
   size_t InitialHeapSize                          = 100663296                                 {product} {ergonomic}
   size_t MarkStackSize                            = 4194304                                   {product} {ergonomic}
   size_t MaxHeapSize                              = 1598029824                                {product} {ergonomic}
   size_t MaxNewSize                               = 958398464                                 {product} {ergonomic}
   size_t MinHeapDeltaBytes                        = 1048576                                   {product} {ergonomic}
    uintx NonNMethodCodeHeapSize                   = 5836300                                {pd product} {ergonomic}
    uintx NonProfiledCodeHeapSize                  = 122910970                              {pd product} {ergonomic}
    uintx ProfiledCodeHeapSize                     = 122910970                              {pd product} {ergonomic}
    uintx ReservedCodeCacheSize                    = 251658240                              {pd product} {ergonomic}
     bool SegmentedCodeCache                       = true                                      {product} {ergonomic}
     bool UseCompressedClassPointers               = true                                 {lp64_product} {ergonomic}
     bool UseCompressedOops                        = true                                 {lp64_product} {ergonomic}
     bool UseG1GC                                  = true                                      {product} {ergonomic}
     bool UseLargePagesIndividualAllocation        = false                                  {pd product} {ergonomic}

Logging:
Log output configuration:
 #0: stdout all=warning uptime,level,tags
 #1: stderr all=off uptime,level,tags

Environment Variables:
PATH=C:\WINDOWS\system32;C:\WINDOWS;C:\WINDOWS\System32\Wbem;C:\WINDOWS\System32\WindowsPowerShell\v1.0\;C:\WINDOWS\System32\OpenSSH\;C:\Program Files\Git\cmd;C:\Program Files\jdk-11.0.16.1\bin;C:\Program Files\apache-maven-3.8.7\bin;;C:\Program Files\Docker\Docker\resources\bin;C:\Program Files\MySQL\MySQL Shell 8.0\bin\;C:\Users\ASUS\AppData\Local\Microsoft\WindowsApps;;C:\Users\ASUS\IntelliJ IDEA Community Edition 2022.3\bin;;C:\Users\ASUS\AppData\Local\Programs\Microsoft VS Code\bin
USERNAME=ASUS
OS=Windows_NT
PROCESSOR_IDENTIFIER=AMD64 Family 23 Model 24 Stepping 1, AuthenticAMD



---------------  S Y S T E M  ---------------

OS: Windows 10 , 64 bit Build 19041 (10.0.19041.2364)
Hyper-V role detected

CPU:total 8 (initial active 8) (8 cores per cpu, 2 threads per core) family 23 model 24 stepping 1 microcode 0x0, cmov, cx8, fxsr, mmx, sse, sse2, sse3, ssse3, sse4.1, sse4.2, popcnt, avx, avx2, aes, clmul, mmxext, 3dnowpref, lzcnt, sse4a, ht, tsc, tscinvbit, tscinv, bmi1, bmi2, adx, s

Memory: 4k page, system-wide physical 6091M (388M free)
TotalPageFile size 8107M (AvailPageFile size 141M)
current process WorkingSet (physical memory assigned to process): 300M, peak: 334M
current process commit charge ("private bytes"): 351M, peak: 380M

vm_info: Java HotSpot(TM) 64-Bit Server VM (11.0.16.1+1-LTS-1) for windows-amd64 JRE (11.0.16.1+1-LTS-1), built on Aug 16 2022 01:46:01 by "mach5one" with MS VC++ 15.9 (VS2017)

END.
