#
# There is insufficient memory for the Java Runtime Environment to continue.
# Native memory allocation (malloc) failed to allocate 338336 bytes for Chunk::new
# Possible reasons:
#   The system is out of physical RAM or swap space
#   The process is running with CompressedOops enabled, and the Java Heap may be blocking the growth of the native heap
# Possible solutions:
#   Reduce memory load on the system
#   Increase physical memory or swap space
#   Check if swap backing store is full
#   Decrease Java heap size (-Xmx/-Xms)
#   Decrease number of Java threads
#   Decrease Java thread stack sizes (-Xss)
#   Set larger code cache with -XX:ReservedCodeCacheSize=
#   JVM is running with Unscaled Compressed Oops mode in which the Java heap is
#     placed in the first 4GB address space. The Java Heap base address is the
#     maximum limit for the native heap growth. Please use -XX:HeapBaseMinAddress
#     to set the Java Heap base and to place the Java Heap above 4GB virtual address.
# This output file may be truncated or incomplete.
#
#  Out of Memory Error (./open/src/hotspot/share/memory/arena.cpp:197), pid=12964, tid=10056
#
# JRE version: Java(TM) SE Runtime Environment 18.9 (11.0.16.1+1) (build 11.0.16.1+1-LTS-1)
# Java VM: Java HotSpot(TM) 64-Bit Server VM 18.9 (11.0.16.1+1-LTS-1, mixed mode, tiered, compressed oops, g1 gc, windows-amd64)
# No core dump will be written. Minidumps are not enabled by default on client versions of Windows
#

---------------  S U M M A R Y ------------

Command Line: -ea -javaagent:C:\Users\ASUS\.m2\repository/org/aspectj/aspectjweaver/1.9.2/aspectjweaver-1.9.2.jar -Didea.test.cyclic.buffer.size=1048576 -javaagent:C:\Users\ASUS\IntelliJ IDEA Community Edition 2022.3\lib\idea_rt.jar=50133:C:\Users\ASUS\IntelliJ IDEA Community Edition 2022.3\bin -Dfile.encoding=UTF-8 com.intellij.rt.testng.RemoteTestNGStarter -usedefaultlisteners false -socket50132 @w@C:\Users\ASUS\AppData\Local\Temp\idea_working_dirs_testng.tmp -temp C:\Users\ASUS\AppData\Local\Temp\idea_testng.tmp

Host: AMD Ryzen 5 3500U with Radeon Vega Mobile Gfx  , 8 cores, 5G,  Windows 10 , 64 bit Build 19041 (10.0.19041.2364)
Time: Wed Feb 15 19:24:25 2023  Windows 10 , 64 bit Build 19041 (10.0.19041.2364) elapsed time: 12.731998 seconds (0d 0h 0m 12s)

---------------  T H R E A D  ---------------

Current thread (0x00000241c7f03800):  JavaThread "C2 CompilerThread0" daemon [_thread_in_native, id=10056, stack(0x0000009fcbc00000,0x0000009fcbd00000)]


Current CompileTask:
C2:  12732 4146   !   4       org.aspectj.weaver.ReferenceType::setDelegate (203 bytes)

Stack: [0x0000009fcbc00000,0x0000009fcbd00000]
Native frames: (J=compiled Java code, j=interpreted, Vv=VM code, C=native code)
V  [jvm.dll+0x62a3da]
V  [jvm.dll+0x76407f]
V  [jvm.dll+0x765729]
V  [jvm.dll+0x765db3]
V  [jvm.dll+0x23dc18]
V  [jvm.dll+0xb2a1c]
V  [jvm.dll+0xb2fdc]
V  [jvm.dll+0x2ae994]
V  [jvm.dll+0x53d98b]
V  [jvm.dll+0x1f9e0f]
V  [jvm.dll+0x1f774d]
V  [jvm.dll+0x177c81]
V  [jvm.dll+0x207186]
V  [jvm.dll+0x20531b]
V  [jvm.dll+0x729f60]
V  [jvm.dll+0x722b34]
V  [jvm.dll+0x629276]
C  [ucrtbase.dll+0x21bb2]
C  [KERNEL32.DLL+0x17614]
C  [ntdll.dll+0x526a1]


---------------  P R O C E S S  ---------------

Threads class SMR info:
_java_thread_list=0x00000241cf5326d0, length=24, elements={
0x00000241ab239000, 0x00000241c7edb000, 0x00000241c7ee5000, 0x00000241c8863000,
0x00000241c7efa800, 0x00000241c7efd000, 0x00000241c7f03800, 0x00000241c7f06000,
0x00000241c7f12800, 0x00000241c7e72000, 0x00000241ca531000, 0x00000241cbc5c000,
0x00000241cd89c000, 0x00000241cd5b8000, 0x00000241c8955800, 0x00000241c9114800,
0x00000241cac3e000, 0x00000241cf10d000, 0x00000241cba95000, 0x00000241cba93000,
0x00000241cba95800, 0x00000241cba94000, 0x00000241c7f07800, 0x00000241c7f09800
}

Java Threads: ( => current thread )
  0x00000241ab239000 JavaThread "Forwarding isElementDisplayed on session 0260cf8e0b93c65f179213fb12eb435d to remote" [_thread_blocked, id=5488, stack(0x0000009fcb000000,0x0000009fcb100000)]
  0x00000241c7edb000 JavaThread "Reference Handler" daemon [_thread_blocked, id=8280, stack(0x0000009fcb700000,0x0000009fcb800000)]
  0x00000241c7ee5000 JavaThread "Finalizer" daemon [_thread_blocked, id=14152, stack(0x0000009fcb800000,0x0000009fcb900000)]
  0x00000241c8863000 JavaThread "Signal Dispatcher" daemon [_thread_blocked, id=4736, stack(0x0000009fcb900000,0x0000009fcba00000)]
  0x00000241c7efa800 JavaThread "Attach Listener" daemon [_thread_blocked, id=9996, stack(0x0000009fcba00000,0x0000009fcbb00000)]
  0x00000241c7efd000 JavaThread "Service Thread" daemon [_thread_blocked, id=11332, stack(0x0000009fcbb00000,0x0000009fcbc00000)]
=>0x00000241c7f03800 JavaThread "C2 CompilerThread0" daemon [_thread_in_native, id=10056, stack(0x0000009fcbc00000,0x0000009fcbd00000)]
  0x00000241c7f06000 JavaThread "C1 CompilerThread0" daemon [_thread_blocked, id=10700, stack(0x0000009fcbd00000,0x0000009fcbe00000)]
  0x00000241c7f12800 JavaThread "Sweeper thread" daemon [_thread_blocked, id=12676, stack(0x0000009fcbe00000,0x0000009fcbf00000)]
  0x00000241c7e72000 JavaThread "Common-Cleaner" daemon [_thread_blocked, id=4408, stack(0x0000009fcbf00000,0x0000009fcc000000)]
  0x00000241ca531000 JavaThread "Monitor Ctrl-Break" daemon [_thread_in_native, id=8984, stack(0x0000009fcc300000,0x0000009fcc400000)]
  0x00000241cbc5c000 JavaThread "ForkJoinPool.commonPool-worker-3" daemon [_thread_blocked, id=13100, stack(0x0000009fcc600000,0x0000009fcc700000)]
  0x00000241cd89c000 JavaThread "AsyncHttpClient-1-1" daemon [_thread_blocked, id=12948, stack(0x0000009fcc700000,0x0000009fcc800000)]
  0x00000241cd5b8000 JavaThread "Exec Default Executor" daemon [_thread_in_native, id=9240, stack(0x0000009fcc900000,0x0000009fcca00000)]
  0x00000241c8955800 JavaThread "Driver Service Executor" daemon [_thread_blocked, id=12824, stack(0x0000009fcca00000,0x0000009fccb00000)]
  0x00000241c9114800 JavaThread "Driver Service Executor" daemon [_thread_blocked, id=11140, stack(0x0000009fccb00000,0x0000009fccc00000)]
  0x00000241cac3e000 JavaThread "UrlChecker-2" daemon [_thread_blocked, id=13972, stack(0x0000009fccc00000,0x0000009fccd00000)]
  0x00000241cf10d000 JavaThread "Exec Stream Pumper" daemon [_thread_in_native, id=9576, stack(0x0000009fcce00000,0x0000009fccf00000)]
  0x00000241cba95000 JavaThread "Exec Stream Pumper" daemon [_thread_in_native, id=10792, stack(0x0000009fccf00000,0x0000009fcd000000)]
  0x00000241cba93000 JavaThread "AsyncHttpClient-1-2" daemon [_thread_in_native, id=2784, stack(0x0000009fcd100000,0x0000009fcd200000)]
  0x00000241cba95800 JavaThread "AsyncHttpClient-1-3" daemon [_thread_in_native, id=4988, stack(0x0000009fcd200000,0x0000009fcd300000)]
  0x00000241cba94000 JavaThread "AsyncHttpClient-1-4" daemon [_thread_in_native, id=13332, stack(0x0000009fcd300000,0x0000009fcd400000)]
  0x00000241c7f07800 JavaThread "C2 CompilerThread1" daemon [_thread_in_native, id=5432, stack(0x0000009fcc000000,0x0000009fcc100000)]
  0x00000241c7f09800 JavaThread "C2 CompilerThread2" daemon [_thread_in_native, id=10944, stack(0x0000009fcc100000,0x0000009fcc200000)]

Other Threads:
  0x00000241c7eb8800 VMThread "VM Thread" [stack: 0x0000009fcb600000,0x0000009fcb700000] [id=13216]
  0x00000241ca17b800 WatcherThread [stack: 0x0000009fcc400000,0x0000009fcc500000] [id=10616]
  0x00000241ab24d800 GCTaskThread "GC Thread#0" [stack: 0x0000009fcb100000,0x0000009fcb200000] [id=14196]
  0x00000241c99d1800 GCTaskThread "GC Thread#1" [stack: 0x0000009fcc200000,0x0000009fcc300000] [id=9836]
  0x00000241cdebd800 GCTaskThread "GC Thread#2" [stack: 0x0000009fcc800000,0x0000009fcc900000] [id=912]
  0x00000241ab273000 ConcurrentGCThread "G1 Main Marker" [stack: 0x0000009fcb200000,0x0000009fcb300000] [id=7480]
  0x00000241ab276800 ConcurrentGCThread "G1 Conc#0" [stack: 0x0000009fcb300000,0x0000009fcb400000] [id=10132]
  0x00000241cabe9800 ConcurrentGCThread "G1 Conc#1" [stack: 0x0000009fcc500000,0x0000009fcc600000] [id=8872]
  0x00000241ab2f8800 ConcurrentGCThread "G1 Refine#0" [stack: 0x0000009fcb400000,0x0000009fcb500000] [id=1260]
  0x00000241ab2f9800 ConcurrentGCThread "G1 Young RemSet Sampling" [stack: 0x0000009fcb500000,0x0000009fcb600000] [id=7004]

Threads with active compile tasks:
C2 CompilerThread0    12766 4146   !   4       org.aspectj.weaver.ReferenceType::setDelegate (203 bytes)
C2 CompilerThread1    12766 4156       4       org.openqa.selenium.json.JsonOutput$$Lambda$380/0x000000010043ac40::accept (9 bytes)
C2 CompilerThread2    12766 4157       4       org.openqa.selenium.json.JsonOutput::lambda$asString$34 (37 bytes)

VM state:not at safepoint (normal execution)

VM Mutex/Monitor currently owned by a thread: None

Heap address: 0x00000000a0c00000, size: 1524 MB, Compressed Oops mode: 32-bit
Narrow klass base: 0x0000000000000000, Narrow klass shift: 3
Compressed class space size: 1073741824 Address: 0x0000000100000000

Heap:
 garbage-first heap   total 174080K, used 111138K [0x00000000a0c00000, 0x0000000100000000)
  region size 1024K, 48 young (49152K), 4 survivors (4096K)
 Metaspace       used 42546K, capacity 43740K, committed 44028K, reserved 1087488K
  class space    used 4811K, capacity 5313K, committed 5376K, reserved 1048576K
Heap Regions: E=young(eden), S=young(survivor), O=old, HS=humongous(starts), HC=humongous(continues), CS=collection set, F=free, A=archive, TAMS=top-at-mark-start (previous, next)
|   0|0x00000000a0c00000, 0x00000000a0d00000, 0x00000000a0d00000|100%|HS|  |TAMS 0x00000000a0d00000, 0x00000000a0c00000| Complete 
|   1|0x00000000a0d00000, 0x00000000a0e00000, 0x00000000a0e00000|100%|HC|  |TAMS 0x00000000a0e00000, 0x00000000a0d00000| Complete 
|   2|0x00000000a0e00000, 0x00000000a0f00000, 0x00000000a0f00000|100%| O|  |TAMS 0x00000000a0f00000, 0x00000000a0e00000| Untracked 
|   3|0x00000000a0f00000, 0x00000000a1000000, 0x00000000a1000000|100%| O|  |TAMS 0x00000000a1000000, 0x00000000a0f00000| Untracked 
|   4|0x00000000a1000000, 0x00000000a1100000, 0x00000000a1100000|100%| O|  |TAMS 0x00000000a1100000, 0x00000000a1000000| Untracked 
|   5|0x00000000a1100000, 0x00000000a1200000, 0x00000000a1200000|100%| O|  |TAMS 0x00000000a1200000, 0x00000000a1100000| Untracked 
|   6|0x00000000a1200000, 0x00000000a1300000, 0x00000000a1300000|100%| O|  |TAMS 0x00000000a1300000, 0x00000000a1200000| Untracked 
|   7|0x00000000a1300000, 0x00000000a1400000, 0x00000000a1400000|100%| O|  |TAMS 0x00000000a1400000, 0x00000000a1300000| Untracked 
|   8|0x00000000a1400000, 0x00000000a1500000, 0x00000000a1500000|100%| O|  |TAMS 0x00000000a1500000, 0x00000000a1400000| Untracked 
|   9|0x00000000a1500000, 0x00000000a1600000, 0x00000000a1600000|100%| O|  |TAMS 0x00000000a1600000, 0x00000000a1500000| Untracked 
|  10|0x00000000a1600000, 0x00000000a1700000, 0x00000000a1700000|100%| O|  |TAMS 0x00000000a1700000, 0x00000000a1600000| Untracked 
|  11|0x00000000a1700000, 0x00000000a1800000, 0x00000000a1800000|100%| O|  |TAMS 0x00000000a1800000, 0x00000000a1700000| Untracked 
|  12|0x00000000a1800000, 0x00000000a1900000, 0x00000000a1900000|100%| O|  |TAMS 0x00000000a1900000, 0x00000000a1800000| Untracked 
|  13|0x00000000a1900000, 0x00000000a1a00000, 0x00000000a1a00000|100%| O|  |TAMS 0x00000000a1a00000, 0x00000000a1900000| Untracked 
|  14|0x00000000a1a00000, 0x00000000a1b00000, 0x00000000a1b00000|100%| O|  |TAMS 0x00000000a1b00000, 0x00000000a1a00000| Untracked 
|  15|0x00000000a1b00000, 0x00000000a1c00000, 0x00000000a1c00000|100%| O|  |TAMS 0x00000000a1c00000, 0x00000000a1b00000| Untracked 
|  16|0x00000000a1c00000, 0x00000000a1d00000, 0x00000000a1d00000|100%| O|  |TAMS 0x00000000a1d00000, 0x00000000a1c00000| Untracked 
|  17|0x00000000a1d00000, 0x00000000a1e00000, 0x00000000a1e00000|100%| O|  |TAMS 0x00000000a1e00000, 0x00000000a1d00000| Untracked 
|  18|0x00000000a1e00000, 0x00000000a1f00000, 0x00000000a1f00000|100%| O|  |TAMS 0x00000000a1f00000, 0x00000000a1e00000| Untracked 
|  19|0x00000000a1f00000, 0x00000000a2000000, 0x00000000a2000000|100%| O|  |TAMS 0x00000000a2000000, 0x00000000a1f00000| Untracked 
|  20|0x00000000a2000000, 0x00000000a2100000, 0x00000000a2100000|100%| O|  |TAMS 0x00000000a2100000, 0x00000000a2000000| Untracked 
|  21|0x00000000a2100000, 0x00000000a2200000, 0x00000000a2200000|100%| O|  |TAMS 0x00000000a2200000, 0x00000000a2100000| Untracked 
|  22|0x00000000a2200000, 0x00000000a2300000, 0x00000000a2300000|100%| O|  |TAMS 0x00000000a2300000, 0x00000000a2200000| Untracked 
|  23|0x00000000a2300000, 0x00000000a2400000, 0x00000000a2400000|100%| O|  |TAMS 0x00000000a2400000, 0x00000000a2300000| Untracked 
|  24|0x00000000a2400000, 0x00000000a2500000, 0x00000000a2500000|100%| O|  |TAMS 0x00000000a2500000, 0x00000000a2400000| Untracked 
|  25|0x00000000a2500000, 0x00000000a2600000, 0x00000000a2600000|100%| O|  |TAMS 0x00000000a2600000, 0x00000000a2500000| Untracked 
|  26|0x00000000a2600000, 0x00000000a2700000, 0x00000000a2700000|100%| O|  |TAMS 0x00000000a2700000, 0x00000000a2600000| Untracked 
|  27|0x00000000a2700000, 0x00000000a2800000, 0x00000000a2800000|100%| O|  |TAMS 0x00000000a2800000, 0x00000000a2700000| Untracked 
|  28|0x00000000a2800000, 0x00000000a2900000, 0x00000000a2900000|100%| O|  |TAMS 0x00000000a2900000, 0x00000000a2800000| Untracked 
|  29|0x00000000a2900000, 0x00000000a2a00000, 0x00000000a2a00000|100%| O|  |TAMS 0x00000000a2a00000, 0x00000000a2900000| Untracked 
|  30|0x00000000a2a00000, 0x00000000a2b00000, 0x00000000a2b00000|100%| O|  |TAMS 0x00000000a2b00000, 0x00000000a2a00000| Untracked 
|  31|0x00000000a2b00000, 0x00000000a2c00000, 0x00000000a2c00000|100%| O|  |TAMS 0x00000000a2c00000, 0x00000000a2b00000| Untracked 
|  32|0x00000000a2c00000, 0x00000000a2d00000, 0x00000000a2d00000|100%| O|  |TAMS 0x00000000a2d00000, 0x00000000a2c00000| Untracked 
|  33|0x00000000a2d00000, 0x00000000a2e00000, 0x00000000a2e00000|100%| O|  |TAMS 0x00000000a2e00000, 0x00000000a2d00000| Untracked 
|  34|0x00000000a2e00000, 0x00000000a2f00000, 0x00000000a2f00000|100%| O|  |TAMS 0x00000000a2f00000, 0x00000000a2e00000| Untracked 
|  35|0x00000000a2f00000, 0x00000000a3000000, 0x00000000a3000000|100%| O|  |TAMS 0x00000000a3000000, 0x00000000a2f00000| Untracked 
|  36|0x00000000a3000000, 0x00000000a3100000, 0x00000000a3100000|100%| O|  |TAMS 0x00000000a3100000, 0x00000000a3000000| Untracked 
|  37|0x00000000a3100000, 0x00000000a3200000, 0x00000000a3200000|100%| O|  |TAMS 0x00000000a3200000, 0x00000000a3100000| Untracked 
|  38|0x00000000a3200000, 0x00000000a3300000, 0x00000000a3300000|100%| O|  |TAMS 0x00000000a3300000, 0x00000000a3200000| Untracked 
|  39|0x00000000a3300000, 0x00000000a3400000, 0x00000000a3400000|100%| O|  |TAMS 0x00000000a3400000, 0x00000000a3300000| Untracked 
|  40|0x00000000a3400000, 0x00000000a3500000, 0x00000000a3500000|100%| O|  |TAMS 0x00000000a3500000, 0x00000000a3400000| Untracked 
|  41|0x00000000a3500000, 0x00000000a3600000, 0x00000000a3600000|100%| O|  |TAMS 0x00000000a3600000, 0x00000000a3500000| Untracked 
|  42|0x00000000a3600000, 0x00000000a3700000, 0x00000000a3700000|100%| O|  |TAMS 0x00000000a3700000, 0x00000000a3600000| Untracked 
|  43|0x00000000a3700000, 0x00000000a3800000, 0x00000000a3800000|100%| O|  |TAMS 0x00000000a3800000, 0x00000000a3700000| Untracked 
|  44|0x00000000a3800000, 0x00000000a3900000, 0x00000000a3900000|100%| O|  |TAMS 0x00000000a3900000, 0x00000000a3800000| Untracked 
|  45|0x00000000a3900000, 0x00000000a3a00000, 0x00000000a3a00000|100%| O|  |TAMS 0x00000000a3a00000, 0x00000000a3900000| Untracked 
|  46|0x00000000a3a00000, 0x00000000a3b00000, 0x00000000a3b00000|100%| O|  |TAMS 0x00000000a3b00000, 0x00000000a3a00000| Untracked 
|  47|0x00000000a3b00000, 0x00000000a3c00000, 0x00000000a3c00000|100%| O|  |TAMS 0x00000000a3b92800, 0x00000000a3b00000| Untracked 
|  48|0x00000000a3c00000, 0x00000000a3d00000, 0x00000000a3d00000|100%| O|  |TAMS 0x00000000a3c00000, 0x00000000a3c00000| Untracked 
|  49|0x00000000a3d00000, 0x00000000a3e00000, 0x00000000a3e00000|100%| O|  |TAMS 0x00000000a3d00000, 0x00000000a3d00000| Untracked 
|  50|0x00000000a3e00000, 0x00000000a3f00000, 0x00000000a3f00000|100%| O|  |TAMS 0x00000000a3e00000, 0x00000000a3e00000| Untracked 
|  51|0x00000000a3f00000, 0x00000000a4000000, 0x00000000a4000000|100%| O|  |TAMS 0x00000000a3f00000, 0x00000000a3f00000| Untracked 
|  52|0x00000000a4000000, 0x00000000a4100000, 0x00000000a4100000|100%|HS|  |TAMS 0x00000000a4000000, 0x00000000a4000000| Complete 
|  53|0x00000000a4100000, 0x00000000a4200000, 0x00000000a4200000|100%|HC|  |TAMS 0x00000000a4100000, 0x00000000a4100000| Complete 
|  54|0x00000000a4200000, 0x00000000a4300000, 0x00000000a4300000|100%|HC|  |TAMS 0x00000000a4200000, 0x00000000a4200000| Complete 
|  55|0x00000000a4300000, 0x00000000a4400000, 0x00000000a4400000|100%|HC|  |TAMS 0x00000000a4300000, 0x00000000a4300000| Complete 
|  56|0x00000000a4400000, 0x00000000a4500000, 0x00000000a4500000|100%|HC|  |TAMS 0x00000000a4400000, 0x00000000a4400000| Complete 
|  57|0x00000000a4500000, 0x00000000a4600000, 0x00000000a4600000|100%| O|  |TAMS 0x00000000a4500000, 0x00000000a4500000| Untracked 
|  58|0x00000000a4600000, 0x00000000a4700000, 0x00000000a4700000|100%| O|  |TAMS 0x00000000a4600000, 0x00000000a4600000| Untracked 
|  59|0x00000000a4700000, 0x00000000a4800000, 0x00000000a4800000|100%| O|  |TAMS 0x00000000a4700000, 0x00000000a4700000| Untracked 
|  60|0x00000000a4800000, 0x00000000a4900000, 0x00000000a4900000|100%| O|  |TAMS 0x00000000a4800000, 0x00000000a4800000| Untracked 
|  61|0x00000000a4900000, 0x00000000a4988800, 0x00000000a4a00000| 53%| O|  |TAMS 0x00000000a4900000, 0x00000000a4900000| Untracked 
|  62|0x00000000a4a00000, 0x00000000a4a00000, 0x00000000a4b00000|  0%| F|  |TAMS 0x00000000a4a00000, 0x00000000a4a00000| Untracked 
|  63|0x00000000a4b00000, 0x00000000a4b00000, 0x00000000a4c00000|  0%| F|  |TAMS 0x00000000a4b00000, 0x00000000a4b00000| Untracked 
|  64|0x00000000a4c00000, 0x00000000a4c00000, 0x00000000a4d00000|  0%| F|  |TAMS 0x00000000a4c00000, 0x00000000a4c00000| Untracked 
|  65|0x00000000a4d00000, 0x00000000a4d00000, 0x00000000a4e00000|  0%| F|  |TAMS 0x00000000a4d00000, 0x00000000a4d00000| Untracked 
|  66|0x00000000a4e00000, 0x00000000a4e00000, 0x00000000a4f00000|  0%| F|  |TAMS 0x00000000a4e00000, 0x00000000a4e00000| Untracked 
|  67|0x00000000a4f00000, 0x00000000a4f00000, 0x00000000a5000000|  0%| F|  |TAMS 0x00000000a4f00000, 0x00000000a4f00000| Untracked 
|  68|0x00000000a5000000, 0x00000000a5000000, 0x00000000a5100000|  0%| F|  |TAMS 0x00000000a5000000, 0x00000000a5000000| Untracked 
|  69|0x00000000a5100000, 0x00000000a5100000, 0x00000000a5200000|  0%| F|  |TAMS 0x00000000a5100000, 0x00000000a5100000| Untracked 
|  70|0x00000000a5200000, 0x00000000a5200000, 0x00000000a5300000|  0%| F|  |TAMS 0x00000000a5200000, 0x00000000a5200000| Untracked 
|  71|0x00000000a5300000, 0x00000000a5300000, 0x00000000a5400000|  0%| F|  |TAMS 0x00000000a5300000, 0x00000000a5300000| Untracked 
|  72|0x00000000a5400000, 0x00000000a5400000, 0x00000000a5500000|  0%| F|  |TAMS 0x00000000a5400000, 0x00000000a5400000| Untracked 
|  73|0x00000000a5500000, 0x00000000a5500000, 0x00000000a5600000|  0%| F|  |TAMS 0x00000000a5500000, 0x00000000a5500000| Untracked 
|  74|0x00000000a5600000, 0x00000000a5600000, 0x00000000a5700000|  0%| F|  |TAMS 0x00000000a5600000, 0x00000000a5600000| Untracked 
|  75|0x00000000a5700000, 0x00000000a5700000, 0x00000000a5800000|  0%| F|  |TAMS 0x00000000a5700000, 0x00000000a5700000| Untracked 
|  76|0x00000000a5800000, 0x00000000a5800000, 0x00000000a5900000|  0%| F|  |TAMS 0x00000000a5800000, 0x00000000a5800000| Untracked 
|  77|0x00000000a5900000, 0x00000000a5900000, 0x00000000a5a00000|  0%| F|  |TAMS 0x00000000a5900000, 0x00000000a5900000| Untracked 
|  78|0x00000000a5a00000, 0x00000000a5a00000, 0x00000000a5b00000|  0%| F|  |TAMS 0x00000000a5a00000, 0x00000000a5a00000| Untracked 
|  79|0x00000000a5b00000, 0x00000000a5b00000, 0x00000000a5c00000|  0%| F|  |TAMS 0x00000000a5b00000, 0x00000000a5b00000| Untracked 
|  80|0x00000000a5c00000, 0x00000000a5c00000, 0x00000000a5d00000|  0%| F|  |TAMS 0x00000000a5c00000, 0x00000000a5c00000| Untracked 
|  81|0x00000000a5d00000, 0x00000000a5d00000, 0x00000000a5e00000|  0%| F|  |TAMS 0x00000000a5d00000, 0x00000000a5d00000| Untracked 
|  82|0x00000000a5e00000, 0x00000000a5e00000, 0x00000000a5f00000|  0%| F|  |TAMS 0x00000000a5e00000, 0x00000000a5e00000| Untracked 
|  83|0x00000000a5f00000, 0x00000000a5f00000, 0x00000000a6000000|  0%| F|  |TAMS 0x00000000a5f00000, 0x00000000a5f00000| Untracked 
|  84|0x00000000a6000000, 0x00000000a6000000, 0x00000000a6100000|  0%| F|  |TAMS 0x00000000a6000000, 0x00000000a6000000| Untracked 
|  85|0x00000000a6100000, 0x00000000a6100000, 0x00000000a6200000|  0%| F|  |TAMS 0x00000000a6100000, 0x00000000a6100000| Untracked 
|  86|0x00000000a6200000, 0x00000000a6200000, 0x00000000a6300000|  0%| F|  |TAMS 0x00000000a6200000, 0x00000000a6200000| Untracked 
|  87|0x00000000a6300000, 0x00000000a6300000, 0x00000000a6400000|  0%| F|  |TAMS 0x00000000a6300000, 0x00000000a6300000| Untracked 
|  88|0x00000000a6400000, 0x00000000a6400000, 0x00000000a6500000|  0%| F|  |TAMS 0x00000000a6400000, 0x00000000a6400000| Untracked 
|  89|0x00000000a6500000, 0x00000000a6600000, 0x00000000a6600000|100%| S|CS|TAMS 0x00000000a6500000, 0x00000000a6500000| Complete 
|  90|0x00000000a6600000, 0x00000000a6700000, 0x00000000a6700000|100%| S|CS|TAMS 0x00000000a6600000, 0x00000000a6600000| Complete 
|  91|0x00000000a6700000, 0x00000000a6800000, 0x00000000a6800000|100%| S|CS|TAMS 0x00000000a6700000, 0x00000000a6700000| Complete 
|  92|0x00000000a6800000, 0x00000000a6900000, 0x00000000a6900000|100%| S|CS|TAMS 0x00000000a6800000, 0x00000000a6800000| Complete 
|  93|0x00000000a6900000, 0x00000000a6900000, 0x00000000a6a00000|  0%| F|  |TAMS 0x00000000a6900000, 0x00000000a6900000| Untracked 
|  94|0x00000000a6a00000, 0x00000000a6a00000, 0x00000000a6b00000|  0%| F|  |TAMS 0x00000000a6a00000, 0x00000000a6a00000| Untracked 
|  95|0x00000000a6b00000, 0x00000000a6b00000, 0x00000000a6c00000|  0%| F|  |TAMS 0x00000000a6b00000, 0x00000000a6b00000| Untracked 
|  96|0x00000000a6c00000, 0x00000000a6c00000, 0x00000000a6d00000|  0%| F|  |TAMS 0x00000000a6c00000, 0x00000000a6c00000| Untracked 
|  97|0x00000000a6d00000, 0x00000000a6d00000, 0x00000000a6e00000|  0%| F|  |TAMS 0x00000000a6d00000, 0x00000000a6d00000| Untracked 
|  98|0x00000000a6e00000, 0x00000000a6e00000, 0x00000000a6f00000|  0%| F|  |TAMS 0x00000000a6e00000, 0x00000000a6e00000| Untracked 
|  99|0x00000000a6f00000, 0x00000000a6f00000, 0x00000000a7000000|  0%| F|  |TAMS 0x00000000a6f00000, 0x00000000a6f00000| Untracked 
| 100|0x00000000a7000000, 0x00000000a7000000, 0x00000000a7100000|  0%| F|  |TAMS 0x00000000a7000000, 0x00000000a7000000| Untracked 
| 101|0x00000000a7100000, 0x00000000a7100000, 0x00000000a7200000|  0%| F|  |TAMS 0x00000000a7100000, 0x00000000a7100000| Untracked 
| 102|0x00000000a7200000, 0x00000000a7200000, 0x00000000a7300000|  0%| F|  |TAMS 0x00000000a7200000, 0x00000000a7200000| Untracked 
| 103|0x00000000a7300000, 0x00000000a7300000, 0x00000000a7400000|  0%| F|  |TAMS 0x00000000a7300000, 0x00000000a7300000| Untracked 
| 104|0x00000000a7400000, 0x00000000a7400000, 0x00000000a7500000|  0%| F|  |TAMS 0x00000000a7400000, 0x00000000a7400000| Untracked 
| 105|0x00000000a7500000, 0x00000000a7500000, 0x00000000a7600000|  0%| F|  |TAMS 0x00000000a7500000, 0x00000000a7500000| Untracked 
| 106|0x00000000a7600000, 0x00000000a7600000, 0x00000000a7700000|  0%| F|  |TAMS 0x00000000a7600000, 0x00000000a7600000| Untracked 
| 107|0x00000000a7700000, 0x00000000a7700000, 0x00000000a7800000|  0%| F|  |TAMS 0x00000000a7700000, 0x00000000a7700000| Untracked 
| 108|0x00000000a7800000, 0x00000000a7800000, 0x00000000a7900000|  0%| F|  |TAMS 0x00000000a7800000, 0x00000000a7800000| Untracked 
| 109|0x00000000a7900000, 0x00000000a7900000, 0x00000000a7a00000|  0%| F|  |TAMS 0x00000000a7900000, 0x00000000a7900000| Untracked 
| 110|0x00000000a7a00000, 0x00000000a7a00000, 0x00000000a7b00000|  0%| F|  |TAMS 0x00000000a7a00000, 0x00000000a7a00000| Untracked 
| 111|0x00000000a7b00000, 0x00000000a7b00000, 0x00000000a7c00000|  0%| F|  |TAMS 0x00000000a7b00000, 0x00000000a7b00000| Untracked 
| 112|0x00000000a7c00000, 0x00000000a7c00000, 0x00000000a7d00000|  0%| F|  |TAMS 0x00000000a7c00000, 0x00000000a7c00000| Untracked 
| 113|0x00000000a7d00000, 0x00000000a7d00000, 0x00000000a7e00000|  0%| F|  |TAMS 0x00000000a7d00000, 0x00000000a7d00000| Untracked 
| 114|0x00000000a7e00000, 0x00000000a7e00000, 0x00000000a7f00000|  0%| F|  |TAMS 0x00000000a7e00000, 0x00000000a7e00000| Untracked 
| 115|0x00000000a7f00000, 0x00000000a7f00000, 0x00000000a8000000|  0%| F|  |TAMS 0x00000000a7f00000, 0x00000000a7f00000| Untracked 
| 116|0x00000000a8000000, 0x00000000a8000000, 0x00000000a8100000|  0%| F|  |TAMS 0x00000000a8000000, 0x00000000a8000000| Untracked 
| 117|0x00000000a8100000, 0x00000000a8100000, 0x00000000a8200000|  0%| F|  |TAMS 0x00000000a8100000, 0x00000000a8100000| Untracked 
| 118|0x00000000a8200000, 0x00000000a8200000, 0x00000000a8300000|  0%| F|  |TAMS 0x00000000a8200000, 0x00000000a8200000| Untracked 
| 119|0x00000000a8300000, 0x00000000a8300000, 0x00000000a8400000|  0%| F|  |TAMS 0x00000000a8300000, 0x00000000a8300000| Untracked 
| 120|0x00000000a8400000, 0x00000000a8400000, 0x00000000a8500000|  0%| F|  |TAMS 0x00000000a8400000, 0x00000000a8400000| Untracked 
| 121|0x00000000a8500000, 0x00000000a8500000, 0x00000000a8600000|  0%| F|  |TAMS 0x00000000a8500000, 0x00000000a8500000| Untracked 
| 122|0x00000000a8600000, 0x00000000a8600000, 0x00000000a8700000|  0%| F|  |TAMS 0x00000000a8600000, 0x00000000a8600000| Untracked 
| 123|0x00000000a8700000, 0x00000000a8700000, 0x00000000a8800000|  0%| F|  |TAMS 0x00000000a8700000, 0x00000000a8700000| Untracked 
| 124|0x00000000a8800000, 0x00000000a8800000, 0x00000000a8900000|  0%| F|  |TAMS 0x00000000a8800000, 0x00000000a8800000| Untracked 
| 125|0x00000000a8900000, 0x00000000a8900000, 0x00000000a8a00000|  0%| F|  |TAMS 0x00000000a8900000, 0x00000000a8900000| Untracked 
| 126|0x00000000a8a00000, 0x00000000a8b00000, 0x00000000a8b00000|100%| E|  |TAMS 0x00000000a8a00000, 0x00000000a8a00000| Complete 
| 127|0x00000000a8b00000, 0x00000000a8c00000, 0x00000000a8c00000|100%| E|CS|TAMS 0x00000000a8b00000, 0x00000000a8b00000| Complete 
| 128|0x00000000a8c00000, 0x00000000a8d00000, 0x00000000a8d00000|100%| E|CS|TAMS 0x00000000a8c00000, 0x00000000a8c00000| Complete 
| 129|0x00000000a8d00000, 0x00000000a8e00000, 0x00000000a8e00000|100%| E|CS|TAMS 0x00000000a8d00000, 0x00000000a8d00000| Complete 
| 130|0x00000000a8e00000, 0x00000000a8f00000, 0x00000000a8f00000|100%| E|CS|TAMS 0x00000000a8e00000, 0x00000000a8e00000| Complete 
| 131|0x00000000a8f00000, 0x00000000a9000000, 0x00000000a9000000|100%| E|CS|TAMS 0x00000000a8f00000, 0x00000000a8f00000| Complete 
| 132|0x00000000a9000000, 0x00000000a9100000, 0x00000000a9100000|100%| E|CS|TAMS 0x00000000a9000000, 0x00000000a9000000| Complete 
| 133|0x00000000a9100000, 0x00000000a9200000, 0x00000000a9200000|100%| E|CS|TAMS 0x00000000a9100000, 0x00000000a9100000| Complete 
| 134|0x00000000a9200000, 0x00000000a9300000, 0x00000000a9300000|100%| E|CS|TAMS 0x00000000a9200000, 0x00000000a9200000| Complete 
| 135|0x00000000a9300000, 0x00000000a9400000, 0x00000000a9400000|100%| E|CS|TAMS 0x00000000a9300000, 0x00000000a9300000| Complete 
| 136|0x00000000a9400000, 0x00000000a9500000, 0x00000000a9500000|100%| E|CS|TAMS 0x00000000a9400000, 0x00000000a9400000| Complete 
| 137|0x00000000a9500000, 0x00000000a9600000, 0x00000000a9600000|100%| E|CS|TAMS 0x00000000a9500000, 0x00000000a9500000| Complete 
| 138|0x00000000a9600000, 0x00000000a9700000, 0x00000000a9700000|100%| E|CS|TAMS 0x00000000a9600000, 0x00000000a9600000| Complete 
| 139|0x00000000a9700000, 0x00000000a9800000, 0x00000000a9800000|100%| E|CS|TAMS 0x00000000a9700000, 0x00000000a9700000| Complete 
| 140|0x00000000a9800000, 0x00000000a9900000, 0x00000000a9900000|100%| E|CS|TAMS 0x00000000a9800000, 0x00000000a9800000| Complete 
| 141|0x00000000a9900000, 0x00000000a9a00000, 0x00000000a9a00000|100%| E|CS|TAMS 0x00000000a9900000, 0x00000000a9900000| Complete 
| 142|0x00000000a9a00000, 0x00000000a9b00000, 0x00000000a9b00000|100%| E|CS|TAMS 0x00000000a9a00000, 0x00000000a9a00000| Complete 
| 143|0x00000000a9b00000, 0x00000000a9c00000, 0x00000000a9c00000|100%| E|CS|TAMS 0x00000000a9b00000, 0x00000000a9b00000| Complete 
| 144|0x00000000a9c00000, 0x00000000a9d00000, 0x00000000a9d00000|100%| E|CS|TAMS 0x00000000a9c00000, 0x00000000a9c00000| Complete 
| 145|0x00000000a9d00000, 0x00000000a9e00000, 0x00000000a9e00000|100%| E|CS|TAMS 0x00000000a9d00000, 0x00000000a9d00000| Complete 
| 146|0x00000000a9e00000, 0x00000000a9f00000, 0x00000000a9f00000|100%| E|CS|TAMS 0x00000000a9e00000, 0x00000000a9e00000| Complete 
| 147|0x00000000a9f00000, 0x00000000aa000000, 0x00000000aa000000|100%| E|CS|TAMS 0x00000000a9f00000, 0x00000000a9f00000| Complete 
| 148|0x00000000aa000000, 0x00000000aa100000, 0x00000000aa100000|100%| E|CS|TAMS 0x00000000aa000000, 0x00000000aa000000| Complete 
| 149|0x00000000aa100000, 0x00000000aa200000, 0x00000000aa200000|100%| E|CS|TAMS 0x00000000aa100000, 0x00000000aa100000| Complete 
| 150|0x00000000aa200000, 0x00000000aa300000, 0x00000000aa300000|100%| E|CS|TAMS 0x00000000aa200000, 0x00000000aa200000| Complete 
| 151|0x00000000aa300000, 0x00000000aa400000, 0x00000000aa400000|100%| E|CS|TAMS 0x00000000aa300000, 0x00000000aa300000| Complete 
| 152|0x00000000aa400000, 0x00000000aa500000, 0x00000000aa500000|100%| E|CS|TAMS 0x00000000aa400000, 0x00000000aa400000| Complete 
| 153|0x00000000aa500000, 0x00000000aa600000, 0x00000000aa600000|100%| E|CS|TAMS 0x00000000aa500000, 0x00000000aa500000| Complete 
| 154|0x00000000aa600000, 0x00000000aa700000, 0x00000000aa700000|100%| E|CS|TAMS 0x00000000aa600000, 0x00000000aa600000| Complete 
| 155|0x00000000aa700000, 0x00000000aa800000, 0x00000000aa800000|100%| E|CS|TAMS 0x00000000aa700000, 0x00000000aa700000| Complete 
| 156|0x00000000aa800000, 0x00000000aa900000, 0x00000000aa900000|100%| E|CS|TAMS 0x00000000aa800000, 0x00000000aa800000| Complete 
| 157|0x00000000aa900000, 0x00000000aaa00000, 0x00000000aaa00000|100%| E|CS|TAMS 0x00000000aa900000, 0x00000000aa900000| Complete 
| 158|0x00000000aaa00000, 0x00000000aab00000, 0x00000000aab00000|100%| E|CS|TAMS 0x00000000aaa00000, 0x00000000aaa00000| Complete 
| 159|0x00000000aab00000, 0x00000000aac00000, 0x00000000aac00000|100%| E|CS|TAMS 0x00000000aab00000, 0x00000000aab00000| Complete 
| 160|0x00000000aac00000, 0x00000000aad00000, 0x00000000aad00000|100%| E|CS|TAMS 0x00000000aac00000, 0x00000000aac00000| Complete 
| 161|0x00000000aad00000, 0x00000000aae00000, 0x00000000aae00000|100%| E|CS|TAMS 0x00000000aad00000, 0x00000000aad00000| Complete 
| 162|0x00000000aae00000, 0x00000000aaf00000, 0x00000000aaf00000|100%| E|CS|TAMS 0x00000000aae00000, 0x00000000aae00000| Complete 
| 163|0x00000000aaf00000, 0x00000000ab000000, 0x00000000ab000000|100%| E|CS|TAMS 0x00000000aaf00000, 0x00000000aaf00000| Complete 
| 164|0x00000000ab000000, 0x00000000ab100000, 0x00000000ab100000|100%| E|CS|TAMS 0x00000000ab000000, 0x00000000ab000000| Complete 
| 165|0x00000000ab100000, 0x00000000ab200000, 0x00000000ab200000|100%| E|CS|TAMS 0x00000000ab100000, 0x00000000ab100000| Complete 
| 166|0x00000000ab200000, 0x00000000ab300000, 0x00000000ab300000|100%| E|CS|TAMS 0x00000000ab200000, 0x00000000ab200000| Complete 
| 167|0x00000000ab300000, 0x00000000ab400000, 0x00000000ab400000|100%| E|CS|TAMS 0x00000000ab300000, 0x00000000ab300000| Complete 
| 168|0x00000000ab400000, 0x00000000ab500000, 0x00000000ab500000|100%| E|CS|TAMS 0x00000000ab400000, 0x00000000ab400000| Complete 
| 169|0x00000000ab500000, 0x00000000ab600000, 0x00000000ab600000|100%| E|CS|TAMS 0x00000000ab500000, 0x00000000ab500000| Complete 

Card table byte_map: [0x00000241c1f00000,0x00000241c2200000] _byte_map_base: 0x00000241c19fa000

Marking Bits (Prev, Next): (CMBitMap*) 0x00000241ab26c1b8, (CMBitMap*) 0x00000241ab26c1f0
 Prev Bits: [0x00000241c2500000, 0x00000241c3cd0000)
 Next Bits: [0x00000241c3cd0000, 0x00000241c54a0000)

Polling page: 0x00000241a91a0000

Metaspace:

Usage:
  Non-class:     37.53 MB capacity,    36.85 MB ( 98%) used,   551.01 KB (  1%) free+waste,   141.38 KB ( <1%) overhead. 
      Class:      5.19 MB capacity,     4.70 MB ( 91%) used,   430.52 KB (  8%) free+waste,    71.00 KB (  1%) overhead. 
       Both:     42.71 MB capacity,    41.55 MB ( 97%) used,   981.53 KB (  2%) free+waste,   212.38 KB ( <1%) overhead. 

Virtual space:
  Non-class space:       38.00 MB reserved,      37.75 MB (>99%) committed 
      Class space:        1.00 GB reserved,       5.25 MB ( <1%) committed 
             Both:        1.04 GB reserved,      43.00 MB (  4%) committed 

Chunk freelists:
   Non-Class:  4.13 KB
       Class:  0 bytes
        Both:  4.13 KB

CodeHeap 'non-profiled nmethods': size=120000Kb used=4129Kb max_used=4129Kb free=115870Kb
 bounds [0x00000241ba3a0000, 0x00000241ba7b0000, 0x00000241c18d0000]
CodeHeap 'profiled nmethods': size=120000Kb used=10174Kb max_used=10174Kb free=109825Kb
 bounds [0x00000241b2e70000, 0x00000241b3860000, 0x00000241ba3a0000]
CodeHeap 'non-nmethods': size=5760Kb used=1231Kb max_used=1288Kb free=4528Kb
 bounds [0x00000241b28d0000, 0x00000241b2b40000, 0x00000241b2e70000]
 total_blobs=4718 nmethods=4113 adapters=516
 compilation: enabled
              stopped_count=0, restarted_count=0
 full_count=0

Compilation events (10 events):
Event: 12.716 Thread 0x00000241c7f06000 4171       3       sun.misc.Unsafe::getInt (9 bytes)
Event: 12.717 Thread 0x00000241c7f06000 nmethod 4171 0x00000241b385e610 code [0x00000241b385e7a0, 0x00000241b385e898]
Event: 12.717 Thread 0x00000241c7f06000 4172       3       io.netty.channel.AbstractChannelHandlerContext::skipContext (34 bytes)
Event: 12.717 Thread 0x00000241c7f06000 nmethod 4172 0x00000241b385e910 code [0x00000241b385eae0, 0x00000241b385efa8]
Event: 12.717 Thread 0x00000241c7f06000 4173       3       io.netty.util.internal.PlatformDependent::getInt (6 bytes)
Event: 12.717 Thread 0x00000241c7f06000 nmethod 4173 0x00000241b385f190 code [0x00000241b385f340, 0x00000241b385f4f8]
Event: 12.717 Thread 0x00000241c7f06000 4174       3       io.netty.util.internal.PlatformDependent0::getInt (9 bytes)
Event: 12.717 Thread 0x00000241c7f06000 nmethod 4174 0x00000241b385f610 code [0x00000241b385f7a0, 0x00000241b385f8d8]
Event: 12.718 Thread 0x00000241c7f06000 4175       1       java.nio.channels.spi.AbstractSelectionKey::isValid (5 bytes)
Event: 12.718 Thread 0x00000241c7f06000 nmethod 4175 0x00000241ba7a8310 code [0x00000241ba7a84a0, 0x00000241ba7a8558]

GC Heap History (10 events):
Event: 5.784 GC heap before
{Heap before GC invocations=9 (full 0):
 garbage-first heap   total 119808K, used 83791K [0x00000000a0c00000, 0x0000000100000000)
  region size 1024K, 50 young (51200K), 7 survivors (7168K)
 Metaspace       used 30229K, capacity 31010K, committed 31228K, reserved 1077248K
  class space    used 3165K, capacity 3510K, committed 3584K, reserved 1048576K
}
Event: 5.802 GC heap after
{Heap after GC invocations=10 (full 0):
 garbage-first heap   total 144384K, used 44032K [0x00000000a0c00000, 0x0000000100000000)
  region size 1024K, 4 young (4096K), 4 survivors (4096K)
 Metaspace       used 30229K, capacity 31010K, committed 31228K, reserved 1077248K
  class space    used 3165K, capacity 3510K, committed 3584K, reserved 1048576K
}
Event: 6.400 GC heap before
{Heap before GC invocations=10 (full 0):
 garbage-first heap   total 144384K, used 95232K [0x00000000a0c00000, 0x0000000100000000)
  region size 1024K, 54 young (55296K), 4 survivors (4096K)
 Metaspace       used 32910K, capacity 33692K, committed 33788K, reserved 1079296K
  class space    used 3493K, capacity 3833K, committed 3840K, reserved 1048576K
}
Event: 6.412 GC heap after
{Heap after GC invocations=11 (full 0):
 garbage-first heap   total 144384K, used 49052K [0x00000000a0c00000, 0x0000000100000000)
  region size 1024K, 5 young (5120K), 5 survivors (5120K)
 Metaspace       used 32910K, capacity 33692K, committed 33788K, reserved 1079296K
  class space    used 3493K, capacity 3833K, committed 3840K, reserved 1048576K
}
Event: 6.916 GC heap before
{Heap before GC invocations=11 (full 0):
 garbage-first heap   total 144384K, used 90012K [0x00000000a0c00000, 0x0000000100000000)
  region size 1024K, 46 young (47104K), 5 survivors (5120K)
 Metaspace       used 35094K, capacity 35888K, committed 36048K, reserved 1081344K
  class space    used 3783K, capacity 4141K, committed 4224K, reserved 1048576K
}
Event: 6.928 GC heap after
{Heap after GC invocations=12 (full 0):
 garbage-first heap   total 144384K, used 53119K [0x00000000a0c00000, 0x0000000100000000)
  region size 1024K, 5 young (5120K), 5 survivors (5120K)
 Metaspace       used 35094K, capacity 35888K, committed 36048K, reserved 1081344K
  class space    used 3783K, capacity 4141K, committed 4224K, reserved 1048576K
}
Event: 7.651 GC heap before
{Heap before GC invocations=13 (full 0):
 garbage-first heap   total 144384K, used 102271K [0x00000000a0c00000, 0x0000000100000000)
  region size 1024K, 53 young (54272K), 5 survivors (5120K)
 Metaspace       used 37778K, capacity 38829K, committed 38908K, reserved 1083392K
  class space    used 4172K, capacity 4605K, committed 4608K, reserved 1048576K
}
Event: 7.662 GC heap after
{Heap after GC invocations=14 (full 0):
 garbage-first heap   total 144384K, used 57624K [0x00000000a0c00000, 0x0000000100000000)
  region size 1024K, 5 young (5120K), 5 survivors (5120K)
 Metaspace       used 37778K, capacity 38829K, committed 38908K, reserved 1083392K
  class space    used 4172K, capacity 4605K, committed 4608K, reserved 1048576K
}
Event: 9.438 GC heap before
{Heap before GC invocations=14 (full 0):
 garbage-first heap   total 144384K, used 111896K [0x00000000a0c00000, 0x0000000100000000)
  region size 1024K, 53 young (54272K), 5 survivors (5120K)
 Metaspace       used 40084K, capacity 41099K, committed 41340K, reserved 1085440K
  class space    used 4506K, capacity 4957K, committed 4992K, reserved 1048576K
}
Event: 9.453 GC heap after
{Heap after GC invocations=15 (full 0):
 garbage-first heap   total 174080K, used 67106K [0x00000000a0c00000, 0x0000000100000000)
  region size 1024K, 4 young (4096K), 4 survivors (4096K)
 Metaspace       used 40084K, capacity 41099K, committed 41340K, reserved 1085440K
  class space    used 4506K, capacity 4957K, committed 4992K, reserved 1048576K
}

Deoptimization events (10 events):
Event: 8.315 Thread 0x00000241cba93000 Uncommon trap: reason=class_check action=maybe_recompile pc=0x00000241ba44acec method=java.nio.DirectByteBuffer.<init>(Lsun/nio/ch/DirectBuffer;IIIII)V @ 12 c2
Event: 9.135 Thread 0x00000241cba93000 Uncommon trap: reason=class_check action=maybe_recompile pc=0x00000241ba44acec method=java.nio.DirectByteBuffer.<init>(Lsun/nio/ch/DirectBuffer;IIIII)V @ 12 c2
Event: 9.520 Thread 0x00000241cba95800 Uncommon trap: reason=class_check action=maybe_recompile pc=0x00000241ba44acec method=java.nio.DirectByteBuffer.<init>(Lsun/nio/ch/DirectBuffer;IIIII)V @ 12 c2
Event: 9.718 Thread 0x00000241ab239000 Uncommon trap: reason=unstable_if action=reinterpret pc=0x00000241ba3d00f4 method=java.lang.AbstractStringBuilder.putStringAt(ILjava/lang/String;)V @ 8 c2
Event: 9.781 Thread 0x00000241cba93000 Uncommon trap: reason=unstable_if action=reinterpret pc=0x00000241ba42e654 method=java.io.ByteArrayInputStream.read()I @ 8 c2
Event: 9.917 Thread 0x00000241cba93000 Uncommon trap: reason=class_check action=maybe_recompile pc=0x00000241ba755aa0 method=java.lang.AbstractStringBuilder.append(Ljava/lang/CharSequence;II)Ljava/lang/AbstractStringBuilder; @ 10 c2
Event: 10.066 Thread 0x00000241ab239000 Uncommon trap: reason=unstable_if action=reinterpret pc=0x00000241ba50f66c method=java.util.concurrent.ConcurrentHashMap.get(Ljava/lang/Object;)Ljava/lang/Object; @ 152 c2
Event: 12.664 Thread 0x00000241cba93000 Uncommon trap: reason=class_check action=maybe_recompile pc=0x00000241ba755aa0 method=java.lang.AbstractStringBuilder.append(Ljava/lang/CharSequence;II)Ljava/lang/AbstractStringBuilder; @ 10 c2
Event: 12.673 Thread 0x00000241ab239000 Uncommon trap: reason=unstable_if action=reinterpret pc=0x00000241ba4c337c method=java.lang.StringCoding.encodeUTF8(B[BZ)[B @ 2 c2
Event: 12.691 Thread 0x00000241cba93000 Uncommon trap: reason=class_check action=maybe_recompile pc=0x00000241ba755aa0 method=java.lang.AbstractStringBuilder.append(Ljava/lang/CharSequence;II)Ljava/lang/AbstractStringBuilder; @ 10 c2

Classes redefined (0 events):
No events

Internal exceptions (10 events):
Event: 9.922 Thread 0x00000241ab239000 Exception <a 'java/lang/IncompatibleClassChangeError'{0x00000000aa2f87a0}: Found class java.lang.Object, but interface was expected> (0x00000000aa2f87a0) thrown at [./open/src/hotspot/share/interpreter/linkResolver.cpp, line 838]
Event: 9.922 Thread 0x00000241ab239000 Exception <a 'java/lang/IncompatibleClassChangeError'{0x00000000aa2fb7e0}: Found class java.lang.Object, but interface was expected> (0x00000000aa2fb7e0) thrown at [./open/src/hotspot/share/interpreter/linkResolver.cpp, line 838]
Event: 9.922 Thread 0x00000241ab239000 Exception <a 'java/lang/IncompatibleClassChangeError'{0x00000000aa2fe848}: Found class java.lang.Object, but interface was expected> (0x00000000aa2fe848) thrown at [./open/src/hotspot/share/interpreter/linkResolver.cpp, line 838]
Event: 9.923 Thread 0x00000241ab239000 Exception <a 'sun/nio/fs/WindowsException'{0x00000000aa101f88}> (0x00000000aa101f88) thrown at [./open/src/hotspot/share/prims/jni.cpp, line 611]
Event: 10.125 Thread 0x00000241ab239000 Exception <a 'java/lang/IncompatibleClassChangeError'{0x00000000a91e8098}: Found class java.lang.Object, but interface was expected> (0x00000000a91e8098) thrown at [./open/src/hotspot/share/interpreter/linkResolver.cpp, line 838]
Event: 10.189 Thread 0x00000241ab239000 Exception <a 'java/lang/IncompatibleClassChangeError'{0x00000000a8e22ed0}: Found class java.lang.Object, but interface was expected> (0x00000000a8e22ed0) thrown at [./open/src/hotspot/share/interpreter/linkResolver.cpp, line 838]
Event: 10.189 Thread 0x00000241ab239000 Exception <a 'java/lang/IncompatibleClassChangeError'{0x00000000a8e25ea0}: Found class java.lang.Object, but interface was expected> (0x00000000a8e25ea0) thrown at [./open/src/hotspot/share/interpreter/linkResolver.cpp, line 838]
Event: 10.190 Thread 0x00000241ab239000 Exception <a 'java/lang/IncompatibleClassChangeError'{0x00000000a8e28e28}: Found class java.lang.Object, but interface was expected> (0x00000000a8e28e28) thrown at [./open/src/hotspot/share/interpreter/linkResolver.cpp, line 838]
Event: 10.191 Thread 0x00000241ab239000 Exception <a 'java/lang/IncompatibleClassChangeError'{0x00000000a8e2bde0}: Found class java.lang.Object, but interface was expected> (0x00000000a8e2bde0) thrown at [./open/src/hotspot/share/interpreter/linkResolver.cpp, line 838]
Event: 10.194 Thread 0x00000241ab239000 Exception <a 'java/lang/IncompatibleClassChangeError'{0x00000000a8e399a8}: Found class java.lang.Object, but interface was expected> (0x00000000a8e399a8) thrown at [./open/src/hotspot/share/interpreter/linkResolver.cpp, line 838]

Events (10 events):
Event: 12.703 loading class org/openqa/selenium/remote/internal/WebElementToJsonConverter
Event: 12.703 loading class org/openqa/selenium/remote/internal/WebElementToJsonConverter done
Event: 12.704 loading class org/openqa/selenium/WrapsElement
Event: 12.704 loading class org/openqa/selenium/WrapsElement done
Event: 12.707 Thread 0x00000241c7f07800 Thread added: 0x00000241c7f07800
Event: 12.707 Thread 0x00000241c7f09800 Thread added: 0x00000241c7f09800
Event: 12.715 Executing VM operation: RevokeBias
Event: 12.716 Executing VM operation: RevokeBias done
Event: 12.716 Executing VM operation: RevokeBias
Event: 12.716 Executing VM operation: RevokeBias done


Dynamic libraries:
0x00007ff7b9060000 - 0x00007ff7b906f000 	C:\Program Files\jdk-11.0.16.1\bin\java.exe
0x00007ffd22290000 - 0x00007ffd22488000 	C:\WINDOWS\SYSTEM32\ntdll.dll
0x00007ffd22020000 - 0x00007ffd220df000 	C:\WINDOWS\System32\KERNEL32.DLL
0x00007ffd1fd90000 - 0x00007ffd20062000 	C:\WINDOWS\System32\KERNELBASE.dll
0x00007ffd1fc20000 - 0x00007ffd1fd20000 	C:\WINDOWS\System32\ucrtbase.dll
0x00007ffcd2440000 - 0x00007ffcd2455000 	C:\Program Files\jdk-11.0.16.1\bin\VCRUNTIME140.dll
0x00007ffcd2420000 - 0x00007ffcd2438000 	C:\Program Files\jdk-11.0.16.1\bin\jli.dll
0x00007ffd217e0000 - 0x00007ffd2188e000 	C:\WINDOWS\System32\ADVAPI32.dll
0x00007ffd218d0000 - 0x00007ffd2196e000 	C:\WINDOWS\System32\msvcrt.dll
0x00007ffd20590000 - 0x00007ffd2062c000 	C:\WINDOWS\System32\sechost.dll
0x00007ffd21b80000 - 0x00007ffd21ca5000 	C:\WINDOWS\System32\RPCRT4.dll
0x00007ffd10150000 - 0x00007ffd103ea000 	C:\WINDOWS\WinSxS\amd64_microsoft.windows.common-controls_6595b64144ccf1df_6.0.19041.1110_none_60b5254171f9507e\COMCTL32.dll
0x00007ffd203e0000 - 0x00007ffd20581000 	C:\WINDOWS\System32\USER32.dll
0x00007ffd212a0000 - 0x00007ffd212cb000 	C:\WINDOWS\System32\GDI32.dll
0x00007ffd202a0000 - 0x00007ffd202c2000 	C:\WINDOWS\System32\win32u.dll
0x00007ffd1fa30000 - 0x00007ffd1fb3f000 	C:\WINDOWS\System32\gdi32full.dll
0x00007ffd200a0000 - 0x00007ffd2013d000 	C:\WINDOWS\System32\msvcp_win.dll
0x00007ffd171a0000 - 0x00007ffd171aa000 	C:\WINDOWS\SYSTEM32\VERSION.dll
0x00007ffd21890000 - 0x00007ffd218c2000 	C:\WINDOWS\System32\IMM32.DLL
0x00007ffcd2380000 - 0x00007ffcd241b000 	C:\Program Files\jdk-11.0.16.1\bin\msvcp140.dll
0x00007ffccb2c0000 - 0x00007ffccbdd8000 	C:\Program Files\jdk-11.0.16.1\bin\server\jvm.dll
0x00007ffd202d0000 - 0x00007ffd202d8000 	C:\WINDOWS\System32\PSAPI.DLL
0x00007ffd171b0000 - 0x00007ffd171d7000 	C:\WINDOWS\SYSTEM32\WINMM.dll
0x00007ffd12a10000 - 0x00007ffd12a19000 	C:\WINDOWS\SYSTEM32\WSOCK32.dll
0x00007ffd21970000 - 0x00007ffd219db000 	C:\WINDOWS\System32\WS2_32.dll
0x00007ffd1d800000 - 0x00007ffd1d812000 	C:\WINDOWS\SYSTEM32\kernel.appcore.dll
0x00007ffcef180000 - 0x00007ffcef190000 	C:\Program Files\jdk-11.0.16.1\bin\verify.dll
0x00007ffd18c80000 - 0x00007ffd18e64000 	C:\WINDOWS\SYSTEM32\DBGHELP.DLL
0x00007ffd13fc0000 - 0x00007ffd13ff5000 	C:\WINDOWS\SYSTEM32\dbgcore.DLL
0x00007ffd1fb90000 - 0x00007ffd1fc12000 	C:\WINDOWS\System32\bcryptPrimitives.dll
0x00007ffcd26d0000 - 0x00007ffcd26f8000 	C:\Program Files\jdk-11.0.16.1\bin\java.dll
0x00007ffcd26c0000 - 0x00007ffcd26ca000 	C:\Program Files\jdk-11.0.16.1\bin\jimage.dll
0x00007ffd1b100000 - 0x00007ffd1b10e000 	C:\Program Files\jdk-11.0.16.1\bin\instrument.dll
0x00007ffcd26a0000 - 0x00007ffcd26b6000 	C:\Program Files\jdk-11.0.16.1\bin\zip.dll
0x00007ffd20aa0000 - 0x00007ffd211e4000 	C:\WINDOWS\System32\SHELL32.dll
0x00007ffd1da00000 - 0x00007ffd1e192000 	C:\WINDOWS\SYSTEM32\windows.storage.dll
0x00007ffd212d0000 - 0x00007ffd21625000 	C:\WINDOWS\System32\combase.dll
0x00007ffd1f300000 - 0x00007ffd1f330000 	C:\WINDOWS\SYSTEM32\Wldp.dll
0x00007ffd219e0000 - 0x00007ffd21a8d000 	C:\WINDOWS\System32\SHCORE.dll
0x00007ffd21fc0000 - 0x00007ffd22015000 	C:\WINDOWS\System32\shlwapi.dll
0x00007ffd1f8c0000 - 0x00007ffd1f8df000 	C:\WINDOWS\SYSTEM32\profapi.dll
0x00007ffcd2650000 - 0x00007ffcd2669000 	C:\Program Files\jdk-11.0.16.1\bin\net.dll
0x00007ffd172e0000 - 0x00007ffd173ec000 	C:\WINDOWS\SYSTEM32\WINHTTP.dll
0x00007ffd1f010000 - 0x00007ffd1f07a000 	C:\WINDOWS\system32\mswsock.dll
0x00007ffcd2630000 - 0x00007ffcd2642000 	C:\Program Files\jdk-11.0.16.1\bin\nio.dll
0x00007ffd17ed0000 - 0x00007ffd17eea000 	C:\Users\ASUS\IntelliJ IDEA Community Edition 2022.3\bin\breakgen64.dll
0x00007ffd1f230000 - 0x00007ffd1f248000 	C:\WINDOWS\SYSTEM32\CRYPTSP.dll
0x00007ffd1e940000 - 0x00007ffd1e974000 	C:\WINDOWS\system32\rsaenh.dll
0x00007ffd20070000 - 0x00007ffd20097000 	C:\WINDOWS\System32\bcrypt.dll
0x00007ffd1f840000 - 0x00007ffd1f86e000 	C:\WINDOWS\SYSTEM32\USERENV.dll
0x00007ffd1f250000 - 0x00007ffd1f25c000 	C:\WINDOWS\SYSTEM32\CRYPTBASE.dll
0x00007ffd1ed20000 - 0x00007ffd1ed5b000 	C:\WINDOWS\SYSTEM32\IPHLPAPI.DLL
0x00007ffd21b10000 - 0x00007ffd21b18000 	C:\WINDOWS\System32\NSI.dll
0x00007ffd17e10000 - 0x00007ffd17e27000 	C:\WINDOWS\SYSTEM32\dhcpcsvc6.DLL
0x00007ffd18bb0000 - 0x00007ffd18bcd000 	C:\WINDOWS\SYSTEM32\dhcpcsvc.DLL
0x00007ffd1ed60000 - 0x00007ffd1ee2a000 	C:\WINDOWS\SYSTEM32\DNSAPI.dll
0x00007ffd19b30000 - 0x00007ffd19b3d000 	C:\Program Files\jdk-11.0.16.1\bin\sunmscapi.dll
0x00007ffd20140000 - 0x00007ffd20296000 	C:\WINDOWS\System32\CRYPT32.dll
0x00007ffd1f370000 - 0x00007ffd1f397000 	C:\WINDOWS\SYSTEM32\ncrypt.dll
0x00007ffd1f330000 - 0x00007ffd1f36b000 	C:\WINDOWS\SYSTEM32\NTASN1.dll
0x00007ffd13460000 - 0x00007ffd13485000 	C:\Program Files\jdk-11.0.16.1\bin\sunec.dll
0x0000000058c20000 - 0x0000000058c46000 	C:\Program Files\Bonjour\mdnsNSP.dll
0x00007ffd12650000 - 0x00007ffd1265a000 	C:\Windows\System32\rasadhlp.dll
0x00007ffd145a0000 - 0x00007ffd14620000 	C:\WINDOWS\System32\fwpuclnt.dll
0x00007ffd1ae50000 - 0x00007ffd1ae59000 	C:\Program Files\jdk-11.0.16.1\bin\management.dll
0x00007ffd1a390000 - 0x00007ffd1a39b000 	C:\Program Files\jdk-11.0.16.1\bin\management_ext.dll
0x00007ffd06b60000 - 0x00007ffd06b77000 	C:\WINDOWS\system32\napinsp.dll
0x00007ffd06b40000 - 0x00007ffd06b5b000 	C:\WINDOWS\system32\pnrpnsp.dll
0x00007ffd06b10000 - 0x00007ffd06b25000 	C:\WINDOWS\system32\wshbth.dll
0x00007ffd19a70000 - 0x00007ffd19a8d000 	C:\WINDOWS\system32\NLAapi.dll
0x00007ffd06ab0000 - 0x00007ffd06ac2000 	C:\WINDOWS\System32\winrnr.dll

dbghelp: loaded successfully - version: 4.0.5 - missing functions: none
symbol engine: initialized successfully - sym options: 0x614 - pdb path: .;C:\Program Files\jdk-11.0.16.1\bin;C:\WINDOWS\SYSTEM32;C:\WINDOWS\WinSxS\amd64_microsoft.windows.common-controls_6595b64144ccf1df_6.0.19041.1110_none_60b5254171f9507e;C:\Program Files\jdk-11.0.16.1\bin\server;C:\Users\ASUS\IntelliJ IDEA Community Edition 2022.3\bin;C:\Program Files\Bonjour

VM Arguments:
jvm_args: -ea -javaagent:C:\Users\ASUS\.m2\repository/org/aspectj/aspectjweaver/1.9.2/aspectjweaver-1.9.2.jar -Didea.test.cyclic.buffer.size=1048576 -javaagent:C:\Users\ASUS\IntelliJ IDEA Community Edition 2022.3\lib\idea_rt.jar=50133:C:\Users\ASUS\IntelliJ IDEA Community Edition 2022.3\bin -Dfile.encoding=UTF-8 
java_command: com.intellij.rt.testng.RemoteTestNGStarter -usedefaultlisteners false -socket50132 @w@C:\Users\ASUS\AppData\Local\Temp\idea_working_dirs_testng.tmp -temp C:\Users\ASUS\AppData\Local\Temp\idea_testng.tmp
java_class_path (initial): C:\Users\ASUS\IntelliJ IDEA Community Edition 2022.3\lib\idea_rt.jar;C:\Users\ASUS\IntelliJ IDEA Community Edition 2022.3\plugins\testng\lib\testng-rt.jar;C:\Users\ASUS\IdeaProjects\QABrains\target\test-classes;C:\Users\ASUS\.m2\repository\org\seleniumhq\selenium\selenium-java\4.6.0\selenium-java-4.6.0.jar;C:\Users\ASUS\.m2\repository\org\seleniumhq\selenium\selenium-api\4.6.0\selenium-api-4.6.0.jar;C:\Users\ASUS\.m2\repository\org\seleniumhq\selenium\selenium-chrome-driver\4.6.0\selenium-chrome-driver-4.6.0.jar;C:\Users\ASUS\.m2\repository\com\google\auto\service\auto-service-annotations\1.0.1\auto-service-annotations-1.0.1.jar;C:\Users\ASUS\.m2\repository\com\google\auto\service\auto-service\1.0.1\auto-service-1.0.1.jar;C:\Users\ASUS\.m2\repository\com\google\auto\auto-common\1.2\auto-common-1.2.jar;C:\Users\ASUS\.m2\repository\com\google\guava\guava\31.1-jre\guava-31.1-jre.jar;C:\Users\ASUS\.m2\repository\com\google\guava\failureaccess\1.0.1\failureaccess-1.0.1.jar;C:\Users\ASUS\.m2\repository\com\google\guava\listenablefuture\9999.0-empty-to-avoid-conflict-with-guava\listenablefuture-9999.0-empty-to-avoid-conflict-with-guava.jar;C:\Users\ASUS\.m2\repository\org\checkerframework\checker-qual\3.12.0\checker-qual-3.12.0.jar;C:\Users\ASUS\.m2\repository\com\google\errorprone\error_prone_annotations\2.11.0\error_prone_annotations-2.11.0.jar;C:\Users\ASUS\.m2\repository\com\google\j2objc\j2objc-annotations\1.3\j2objc-annotations-1.3.jar;C:\Users\ASUS\.m2\repository\org\seleniumhq\selenium\selenium-chromium-driver\4.6.0\selenium-chromium-driver-4.6.0.jar;C:\Users\ASUS\.m2\repository\org\seleniumhq\selenium\selenium-json\4.6.0\selenium-json-4.6.0.jar;C:\Users\ASUS\.m2\repository\org\seleniumhq\selenium\selenium-devtools-v105\4.6.0\selenium-devtools-v105-4.6.0.jar;C:\Users\ASUS\.m2\repository\org\seleniumhq\selenium\selenium-devtools-v106\4.6.0\selenium-devtools-v106-4.6.0.jar;C:\Users\ASUS\.m2\repository\org\seleniumhq\selenium\selenium-devt
Launcher Type: SUN_STANDARD

[Global flags]
     intx CICompilerCount                          = 4                                         {product} {ergonomic}
     uint ConcGCThreads                            = 2                                         {product} {ergonomic}
     uint G1ConcRefinementThreads                  = 8                                         {product} {ergonomic}
   size_t G1HeapRegionSize                         = 1048576                                   {product} {ergonomic}
    uintx GCDrainStackTargetSize                   = 64                                        {product} {ergonomic}
   size_t InitialHeapSize                          = 100663296                                 {product} {ergonomic}
   size_t MarkStackSize                            = 4194304                                   {product} {ergonomic}
   size_t MaxHeapSize                              = 1598029824                                {product} {ergonomic}
   size_t MaxNewSize                               = 958398464                                 {product} {ergonomic}
   size_t MinHeapDeltaBytes                        = 1048576                                   {product} {ergonomic}
    uintx NonNMethodCodeHeapSize                   = 5836300                                {pd product} {ergonomic}
    uintx NonProfiledCodeHeapSize                  = 122910970                              {pd product} {ergonomic}
    uintx ProfiledCodeHeapSize                     = 122910970                              {pd product} {ergonomic}
    uintx ReservedCodeCacheSize                    = 251658240                              {pd product} {ergonomic}
     bool SegmentedCodeCache                       = true                                      {product} {ergonomic}
     bool UseCompressedClassPointers               = true                                 {lp64_product} {ergonomic}
     bool UseCompressedOops                        = true                                 {lp64_product} {ergonomic}
     bool UseG1GC                                  = true                                      {product} {ergonomic}
     bool UseLargePagesIndividualAllocation        = false                                  {pd product} {ergonomic}

Logging:
Log output configuration:
 #0: stdout all=warning uptime,level,tags
 #1: stderr all=off uptime,level,tags

Environment Variables:
PATH=C:\WINDOWS\system32;C:\WINDOWS;C:\WINDOWS\System32\Wbem;C:\WINDOWS\System32\WindowsPowerShell\v1.0\;C:\WINDOWS\System32\OpenSSH\;C:\Program Files\Git\cmd;C:\Program Files\jdk-11.0.16.1\bin;C:\Program Files\apache-maven-3.8.7\bin;;C:\Program Files\Docker\Docker\resources\bin;C:\Program Files\MySQL\MySQL Shell 8.0\bin\;C:\Users\ASUS\AppData\Local\Microsoft\WindowsApps;;C:\Users\ASUS\IntelliJ IDEA Community Edition 2022.3\bin;;C:\Users\ASUS\AppData\Local\Programs\Microsoft VS Code\bin
USERNAME=ASUS
OS=Windows_NT
PROCESSOR_IDENTIFIER=AMD64 Family 23 Model 24 Stepping 1, AuthenticAMD



---------------  S Y S T E M  ---------------

OS: Windows 10 , 64 bit Build 19041 (10.0.19041.2364)
Hyper-V role detected

CPU:total 8 (initial active 8) (8 cores per cpu, 2 threads per core) family 23 model 24 stepping 1 microcode 0x0, cmov, cx8, fxsr, mmx, sse, sse2, sse3, ssse3, sse4.1, sse4.2, popcnt, avx, avx2, aes, clmul, mmxext, 3dnowpref, lzcnt, sse4a, ht, tsc, tscinvbit, tscinv, bmi1, bmi2, adx, s

Memory: 4k page, system-wide physical 6091M (899M free)
TotalPageFile size 8107M (AvailPageFile size 150M)
current process WorkingSet (physical memory assigned to process): 307M, peak: 379M
current process commit charge ("private bytes"): 355M, peak: 420M

vm_info: Java HotSpot(TM) 64-Bit Server VM (11.0.16.1+1-LTS-1) for windows-amd64 JRE (11.0.16.1+1-LTS-1), built on Aug 16 2022 01:46:01 by "mach5one" with MS VC++ 15.9 (VS2017)

END.
