#
# There is insufficient memory for the Java Runtime Environment to continue.
# Native memory allocation (malloc) failed to allocate 1702896 bytes for Chunk::new
# Possible reasons:
#   The system is out of physical RAM or swap space
#   The process is running with CompressedOops enabled, and the Java Heap may be blocking the growth of the native heap
# Possible solutions:
#   Reduce memory load on the system
#   Increase physical memory or swap space
#   Check if swap backing store is full
#   Decrease Java heap size (-Xmx/-Xms)
#   Decrease number of Java threads
#   Decrease Java thread stack sizes (-Xss)
#   Set larger code cache with -XX:ReservedCodeCacheSize=
#   JVM is running with Unscaled Compressed Oops mode in which the Java heap is
#     placed in the first 4GB address space. The Java Heap base address is the
#     maximum limit for the native heap growth. Please use -XX:HeapBaseMinAddress
#     to set the Java Heap base and to place the Java Heap above 4GB virtual address.
# This output file may be truncated or incomplete.
#
#  Out of Memory Error (./open/src/hotspot/share/memory/arena.cpp:197), pid=10168, tid=9856
#
# JRE version: Java(TM) SE Runtime Environment 18.9 (11.0.16.1+1) (build 11.0.16.1+1-LTS-1)
# Java VM: Java HotSpot(TM) 64-Bit Server VM 18.9 (11.0.16.1+1-LTS-1, mixed mode, tiered, compressed oops, g1 gc, windows-amd64)
# No core dump will be written. Minidumps are not enabled by default on client versions of Windows
#

---------------  S U M M A R Y ------------

Command Line: -ea -javaagent:C:\Users\ASUS\.m2\repository/org/aspectj/aspectjweaver/1.9.2/aspectjweaver-1.9.2.jar -Didea.test.cyclic.buffer.size=1048576 -javaagent:C:\Users\ASUS\IntelliJ IDEA Community Edition 2022.3\lib\idea_rt.jar=50900:C:\Users\ASUS\IntelliJ IDEA Community Edition 2022.3\bin -Dfile.encoding=UTF-8 com.intellij.rt.testng.RemoteTestNGStarter -usedefaultlisteners false -socket50899 @w@C:\Users\ASUS\AppData\Local\Temp\idea_working_dirs_testng1.tmp -temp C:\Users\ASUS\AppData\Local\Temp\idea_testng1.tmp

Host: AMD Ryzen 5 3500U with Radeon Vega Mobile Gfx  , 8 cores, 5G,  Windows 10 , 64 bit Build 19041 (10.0.19041.2364)
Time: Fri Feb 17 15:58:21 2023  Windows 10 , 64 bit Build 19041 (10.0.19041.2364) elapsed time: 17.933213 seconds (0d 0h 0m 17s)

---------------  T H R E A D  ---------------

Current thread (0x00000253cf3ca000):  JavaThread "C2 CompilerThread0" daemon [_thread_in_native, id=9856, stack(0x000000c9d4200000,0x000000c9d4300000)]


Current CompileTask:
C2:  17933 4440   !   4       jdk.internal.loader.BuiltinClassLoader::findResource (154 bytes)

Stack: [0x000000c9d4200000,0x000000c9d4300000]
Native frames: (J=compiled Java code, j=interpreted, Vv=VM code, C=native code)
V  [jvm.dll+0x62a3da]
V  [jvm.dll+0x76407f]
V  [jvm.dll+0x765729]
V  [jvm.dll+0x765db3]
V  [jvm.dll+0x23dc18]
V  [jvm.dll+0xb2a1c]
V  [jvm.dll+0xb2fdc]
V  [jvm.dll+0x341452]
V  [jvm.dll+0x30ee03]
V  [jvm.dll+0x30e14a]
V  [jvm.dll+0x1f8685]
V  [jvm.dll+0x1f786d]
V  [jvm.dll+0x177c81]
V  [jvm.dll+0x207186]
V  [jvm.dll+0x20531b]
V  [jvm.dll+0x729f60]
V  [jvm.dll+0x722b34]
V  [jvm.dll+0x629276]
C  [ucrtbase.dll+0x21bb2]
C  [KERNEL32.DLL+0x17614]
C  [ntdll.dll+0x526a1]


---------------  P R O C E S S  ---------------

Threads class SMR info:
_java_thread_list=0x00000253d79c8e00, length=23, elements={
0x00000253b26ed000, 0x00000253cf39b000, 0x00000253cf3a4800, 0x00000253cfd23000,
0x00000253cf3ba000, 0x00000253cf3bc000, 0x00000253cf3ca000, 0x00000253cfd44000,
0x00000253cf3d0800, 0x00000253cffc4800, 0x00000253d1a37000, 0x00000253d4de6000,
0x00000253d3a36800, 0x00000253d5261800, 0x00000253d79ce800, 0x00000253d664c000,
0x00000253d3271000, 0x00000253d25e4800, 0x00000253d23e4000, 0x00000253d3b5e000,
0x00000253d3b5e800, 0x00000253d3b5a000, 0x00000253d00da000
}

Java Threads: ( => current thread )
  0x00000253b26ed000 JavaThread "main" [_thread_in_vm, id=3008, stack(0x000000c9d3600000,0x000000c9d3700000)]
  0x00000253cf39b000 JavaThread "Reference Handler" daemon [_thread_blocked, id=9804, stack(0x000000c9d3d00000,0x000000c9d3e00000)]
  0x00000253cf3a4800 JavaThread "Finalizer" daemon [_thread_blocked, id=12232, stack(0x000000c9d3e00000,0x000000c9d3f00000)]
  0x00000253cfd23000 JavaThread "Signal Dispatcher" daemon [_thread_blocked, id=9656, stack(0x000000c9d3f00000,0x000000c9d4000000)]
  0x00000253cf3ba000 JavaThread "Attach Listener" daemon [_thread_blocked, id=9848, stack(0x000000c9d4000000,0x000000c9d4100000)]
  0x00000253cf3bc000 JavaThread "Service Thread" daemon [_thread_blocked, id=9816, stack(0x000000c9d4100000,0x000000c9d4200000)]
=>0x00000253cf3ca000 JavaThread "C2 CompilerThread0" daemon [_thread_in_native, id=9856, stack(0x000000c9d4200000,0x000000c9d4300000)]
  0x00000253cfd44000 JavaThread "C1 CompilerThread0" daemon [_thread_blocked, id=9888, stack(0x000000c9d4300000,0x000000c9d4400000)]
  0x00000253cf3d0800 JavaThread "Sweeper thread" daemon [_thread_blocked, id=9900, stack(0x000000c9d4400000,0x000000c9d4500000)]
  0x00000253cffc4800 JavaThread "Common-Cleaner" daemon [_thread_blocked, id=9884, stack(0x000000c9d4500000,0x000000c9d4600000)]
  0x00000253d1a37000 JavaThread "Monitor Ctrl-Break" daemon [_thread_in_native, id=9868, stack(0x000000c9d4700000,0x000000c9d4800000)]
  0x00000253d4de6000 JavaThread "ForkJoinPool.commonPool-worker-3" daemon [_thread_blocked, id=8800, stack(0x000000c9d4c00000,0x000000c9d4d00000)]
  0x00000253d3a36800 JavaThread "AsyncHttpClient-1-1" daemon [_thread_blocked, id=6120, stack(0x000000c9d4d00000,0x000000c9d4e00000)]
  0x00000253d5261800 JavaThread "Exec Default Executor" daemon [_thread_in_native, id=12848, stack(0x000000c9d4f00000,0x000000c9d5000000)]
  0x00000253d79ce800 JavaThread "Driver Service Executor" daemon [_thread_blocked, id=5452, stack(0x000000c9d5000000,0x000000c9d5100000)]
  0x00000253d664c000 JavaThread "Driver Service Executor" daemon [_thread_blocked, id=4324, stack(0x000000c9d5100000,0x000000c9d5200000)]
  0x00000253d3271000 JavaThread "UrlChecker-2" daemon [_thread_blocked, id=264, stack(0x000000c9d5200000,0x000000c9d5300000)]
  0x00000253d25e4800 JavaThread "Exec Stream Pumper" daemon [_thread_in_native, id=11536, stack(0x000000c9d5300000,0x000000c9d5400000)]
  0x00000253d23e4000 JavaThread "Exec Stream Pumper" daemon [_thread_in_native, id=5196, stack(0x000000c9d5400000,0x000000c9d5500000)]
  0x00000253d3b5e000 JavaThread "AsyncHttpClient-1-2" daemon [_thread_in_native, id=7620, stack(0x000000c9d5700000,0x000000c9d5800000)]
  0x00000253d3b5e800 JavaThread "AsyncHttpClient-1-3" daemon [_thread_in_native, id=9684, stack(0x000000c9d5800000,0x000000c9d5900000)]
  0x00000253d3b5a000 JavaThread "AsyncHttpClient-1-4" daemon [_thread_in_native, id=9708, stack(0x000000c9d5900000,0x000000c9d5a00000)]
  0x00000253d00da000 JavaThread "C2 CompilerThread1" daemon [_thread_in_native, id=4216, stack(0x000000c9d4a00000,0x000000c9d4b00000)]

Other Threads:
  0x00000253cf379800 VMThread "VM Thread" [stack: 0x000000c9d3c00000,0x000000c9d3d00000] [id=9800]
  0x00000253d1705800 WatcherThread [stack: 0x000000c9d4900000,0x000000c9d4a00000] [id=10056]
  0x00000253b2702000 GCTaskThread "GC Thread#0" [stack: 0x000000c9d3700000,0x000000c9d3800000] [id=11004]
  0x00000253d07a9800 GCTaskThread "GC Thread#1" [stack: 0x000000c9d4800000,0x000000c9d4900000] [id=10020]
  0x00000253d5ead800 GCTaskThread "GC Thread#2" [stack: 0x000000c9d4e00000,0x000000c9d4f00000] [id=11692]
  0x00000253d688c800 GCTaskThread "GC Thread#3" [stack: 0x000000c9d4600000,0x000000c9d4700000] [id=8940]
  0x00000253b2729000 ConcurrentGCThread "G1 Main Marker" [stack: 0x000000c9d3800000,0x000000c9d3900000] [id=9852]
  0x00000253b272c000 ConcurrentGCThread "G1 Conc#0" [stack: 0x000000c9d3900000,0x000000c9d3a00000] [id=9784]
  0x00000253d4e5e000 ConcurrentGCThread "G1 Conc#1" [stack: 0x000000c9d4b00000,0x000000c9d4c00000] [id=11260]
  0x00000253cf1f0800 ConcurrentGCThread "G1 Refine#0" [stack: 0x000000c9d3a00000,0x000000c9d3b00000] [id=9980]
  0x00000253cf1f1800 ConcurrentGCThread "G1 Young RemSet Sampling" [stack: 0x000000c9d3b00000,0x000000c9d3c00000] [id=10616]

Threads with active compile tasks:
C2 CompilerThread0    17972 4440   !   4       jdk.internal.loader.BuiltinClassLoader::findResource (154 bytes)
C2 CompilerThread1    17972 4443       4       jdk.internal.loader.URLClassPath::findResource (38 bytes)

VM state:not at safepoint (normal execution)

VM Mutex/Monitor currently owned by a thread: None

Heap address: 0x00000000a0c00000, size: 1524 MB, Compressed Oops mode: 32-bit
Narrow klass base: 0x0000000000000000, Narrow klass shift: 3
Compressed class space size: 1073741824 Address: 0x0000000100000000

Heap:
 garbage-first heap   total 172032K, used 99958K [0x00000000a0c00000, 0x0000000100000000)
  region size 1024K, 36 young (36864K), 8 survivors (8192K)
 Metaspace       used 43494K, capacity 44698K, committed 44924K, reserved 1089536K
  class space    used 4993K, capacity 5482K, committed 5504K, reserved 1048576K
Heap Regions: E=young(eden), S=young(survivor), O=old, HS=humongous(starts), HC=humongous(continues), CS=collection set, F=free, A=archive, TAMS=top-at-mark-start (previous, next)
|   0|0x00000000a0c00000, 0x00000000a0d00000, 0x00000000a0d00000|100%|HS|  |TAMS 0x00000000a0d00000, 0x00000000a0c00000| Complete 
|   1|0x00000000a0d00000, 0x00000000a0e00000, 0x00000000a0e00000|100%|HC|  |TAMS 0x00000000a0e00000, 0x00000000a0d00000| Complete 
|   2|0x00000000a0e00000, 0x00000000a0f00000, 0x00000000a0f00000|100%| O|  |TAMS 0x00000000a0f00000, 0x00000000a0e00000| Untracked 
|   3|0x00000000a0f00000, 0x00000000a1000000, 0x00000000a1000000|100%| O|  |TAMS 0x00000000a1000000, 0x00000000a0f00000| Untracked 
|   4|0x00000000a1000000, 0x00000000a1100000, 0x00000000a1100000|100%| O|  |TAMS 0x00000000a1100000, 0x00000000a1000000| Untracked 
|   5|0x00000000a1100000, 0x00000000a1200000, 0x00000000a1200000|100%| O|  |TAMS 0x00000000a1200000, 0x00000000a1100000| Untracked 
|   6|0x00000000a1200000, 0x00000000a1300000, 0x00000000a1300000|100%| O|  |TAMS 0x00000000a1300000, 0x00000000a1200000| Untracked 
|   7|0x00000000a1300000, 0x00000000a1400000, 0x00000000a1400000|100%| O|  |TAMS 0x00000000a1400000, 0x00000000a1300000| Untracked 
|   8|0x00000000a1400000, 0x00000000a1500000, 0x00000000a1500000|100%| O|  |TAMS 0x00000000a1500000, 0x00000000a1400000| Untracked 
|   9|0x00000000a1500000, 0x00000000a1600000, 0x00000000a1600000|100%| O|  |TAMS 0x00000000a1600000, 0x00000000a1500000| Untracked 
|  10|0x00000000a1600000, 0x00000000a1700000, 0x00000000a1700000|100%| O|  |TAMS 0x00000000a1700000, 0x00000000a1600000| Untracked 
|  11|0x00000000a1700000, 0x00000000a1800000, 0x00000000a1800000|100%| O|  |TAMS 0x00000000a1800000, 0x00000000a1700000| Untracked 
|  12|0x00000000a1800000, 0x00000000a1900000, 0x00000000a1900000|100%| O|  |TAMS 0x00000000a1900000, 0x00000000a1800000| Untracked 
|  13|0x00000000a1900000, 0x00000000a1a00000, 0x00000000a1a00000|100%| O|  |TAMS 0x00000000a1a00000, 0x00000000a1900000| Untracked 
|  14|0x00000000a1a00000, 0x00000000a1b00000, 0x00000000a1b00000|100%| O|  |TAMS 0x00000000a1b00000, 0x00000000a1a00000| Untracked 
|  15|0x00000000a1b00000, 0x00000000a1c00000, 0x00000000a1c00000|100%| O|  |TAMS 0x00000000a1c00000, 0x00000000a1b00000| Untracked 
|  16|0x00000000a1c00000, 0x00000000a1d00000, 0x00000000a1d00000|100%| O|  |TAMS 0x00000000a1d00000, 0x00000000a1c00000| Untracked 
|  17|0x00000000a1d00000, 0x00000000a1e00000, 0x00000000a1e00000|100%| O|  |TAMS 0x00000000a1e00000, 0x00000000a1d00000| Untracked 
|  18|0x00000000a1e00000, 0x00000000a1f00000, 0x00000000a1f00000|100%| O|  |TAMS 0x00000000a1f00000, 0x00000000a1e00000| Untracked 
|  19|0x00000000a1f00000, 0x00000000a2000000, 0x00000000a2000000|100%| O|  |TAMS 0x00000000a2000000, 0x00000000a1f00000| Untracked 
|  20|0x00000000a2000000, 0x00000000a2100000, 0x00000000a2100000|100%| O|  |TAMS 0x00000000a2100000, 0x00000000a2000000| Untracked 
|  21|0x00000000a2100000, 0x00000000a2200000, 0x00000000a2200000|100%| O|  |TAMS 0x00000000a2200000, 0x00000000a2100000| Untracked 
|  22|0x00000000a2200000, 0x00000000a2300000, 0x00000000a2300000|100%| O|  |TAMS 0x00000000a2300000, 0x00000000a2200000| Untracked 
|  23|0x00000000a2300000, 0x00000000a2400000, 0x00000000a2400000|100%| O|  |TAMS 0x00000000a2400000, 0x00000000a2300000| Untracked 
|  24|0x00000000a2400000, 0x00000000a2500000, 0x00000000a2500000|100%| O|  |TAMS 0x00000000a2500000, 0x00000000a2400000| Untracked 
|  25|0x00000000a2500000, 0x00000000a2600000, 0x00000000a2600000|100%| O|  |TAMS 0x00000000a2600000, 0x00000000a2500000| Untracked 
|  26|0x00000000a2600000, 0x00000000a2700000, 0x00000000a2700000|100%| O|  |TAMS 0x00000000a2700000, 0x00000000a2600000| Untracked 
|  27|0x00000000a2700000, 0x00000000a2800000, 0x00000000a2800000|100%| O|  |TAMS 0x00000000a2800000, 0x00000000a2700000| Untracked 
|  28|0x00000000a2800000, 0x00000000a2900000, 0x00000000a2900000|100%| O|  |TAMS 0x00000000a2900000, 0x00000000a2800000| Untracked 
|  29|0x00000000a2900000, 0x00000000a2a00000, 0x00000000a2a00000|100%| O|  |TAMS 0x00000000a2a00000, 0x00000000a2900000| Untracked 
|  30|0x00000000a2a00000, 0x00000000a2b00000, 0x00000000a2b00000|100%| O|  |TAMS 0x00000000a2b00000, 0x00000000a2a00000| Untracked 
|  31|0x00000000a2b00000, 0x00000000a2c00000, 0x00000000a2c00000|100%| O|  |TAMS 0x00000000a2c00000, 0x00000000a2b00000| Untracked 
|  32|0x00000000a2c00000, 0x00000000a2d00000, 0x00000000a2d00000|100%| O|  |TAMS 0x00000000a2d00000, 0x00000000a2c00000| Untracked 
|  33|0x00000000a2d00000, 0x00000000a2e00000, 0x00000000a2e00000|100%| O|  |TAMS 0x00000000a2e00000, 0x00000000a2d00000| Untracked 
|  34|0x00000000a2e00000, 0x00000000a2f00000, 0x00000000a2f00000|100%| O|  |TAMS 0x00000000a2f00000, 0x00000000a2e00000| Untracked 
|  35|0x00000000a2f00000, 0x00000000a3000000, 0x00000000a3000000|100%| O|  |TAMS 0x00000000a3000000, 0x00000000a2f00000| Untracked 
|  36|0x00000000a3000000, 0x00000000a3100000, 0x00000000a3100000|100%| O|  |TAMS 0x00000000a3100000, 0x00000000a3000000| Untracked 
|  37|0x00000000a3100000, 0x00000000a3200000, 0x00000000a3200000|100%| O|  |TAMS 0x00000000a3200000, 0x00000000a3100000| Untracked 
|  38|0x00000000a3200000, 0x00000000a3300000, 0x00000000a3300000|100%| O|  |TAMS 0x00000000a3300000, 0x00000000a3200000| Untracked 
|  39|0x00000000a3300000, 0x00000000a3400000, 0x00000000a3400000|100%| O|  |TAMS 0x00000000a3400000, 0x00000000a3300000| Untracked 
|  40|0x00000000a3400000, 0x00000000a3500000, 0x00000000a3500000|100%| O|  |TAMS 0x00000000a3500000, 0x00000000a3400000| Untracked 
|  41|0x00000000a3500000, 0x00000000a3600000, 0x00000000a3600000|100%| O|  |TAMS 0x00000000a3600000, 0x00000000a3500000| Untracked 
|  42|0x00000000a3600000, 0x00000000a3700000, 0x00000000a3700000|100%| O|  |TAMS 0x00000000a3700000, 0x00000000a3600000| Untracked 
|  43|0x00000000a3700000, 0x00000000a3800000, 0x00000000a3800000|100%| O|  |TAMS 0x00000000a3800000, 0x00000000a3700000| Untracked 
|  44|0x00000000a3800000, 0x00000000a3900000, 0x00000000a3900000|100%| O|  |TAMS 0x00000000a3900000, 0x00000000a3800000| Untracked 
|  45|0x00000000a3900000, 0x00000000a3a00000, 0x00000000a3a00000|100%| O|  |TAMS 0x00000000a3a00000, 0x00000000a3900000| Untracked 
|  46|0x00000000a3a00000, 0x00000000a3b00000, 0x00000000a3b00000|100%| O|  |TAMS 0x00000000a3b00000, 0x00000000a3a00000| Untracked 
|  47|0x00000000a3b00000, 0x00000000a3c00000, 0x00000000a3c00000|100%| O|  |TAMS 0x00000000a3baa008, 0x00000000a3b00000| Untracked 
|  48|0x00000000a3c00000, 0x00000000a3d00000, 0x00000000a3d00000|100%| O|  |TAMS 0x00000000a3c00000, 0x00000000a3c00000| Untracked 
|  49|0x00000000a3d00000, 0x00000000a3e00000, 0x00000000a3e00000|100%| O|  |TAMS 0x00000000a3d00000, 0x00000000a3d00000| Untracked 
|  50|0x00000000a3e00000, 0x00000000a3f00000, 0x00000000a3f00000|100%| O|  |TAMS 0x00000000a3e00000, 0x00000000a3e00000| Untracked 
|  51|0x00000000a3f00000, 0x00000000a4000000, 0x00000000a4000000|100%| O|  |TAMS 0x00000000a3f00000, 0x00000000a3f00000| Untracked 
|  52|0x00000000a4000000, 0x00000000a4100000, 0x00000000a4100000|100%| O|  |TAMS 0x00000000a4000000, 0x00000000a4000000| Untracked 
|  53|0x00000000a4100000, 0x00000000a4200000, 0x00000000a4200000|100%|HS|  |TAMS 0x00000000a4100000, 0x00000000a4100000| Complete 
|  54|0x00000000a4200000, 0x00000000a4300000, 0x00000000a4300000|100%|HC|  |TAMS 0x00000000a4200000, 0x00000000a4200000| Complete 
|  55|0x00000000a4300000, 0x00000000a4400000, 0x00000000a4400000|100%|HC|  |TAMS 0x00000000a4300000, 0x00000000a4300000| Complete 
|  56|0x00000000a4400000, 0x00000000a4500000, 0x00000000a4500000|100%|HC|  |TAMS 0x00000000a4400000, 0x00000000a4400000| Complete 
|  57|0x00000000a4500000, 0x00000000a4600000, 0x00000000a4600000|100%|HC|  |TAMS 0x00000000a4500000, 0x00000000a4500000| Complete 
|  58|0x00000000a4600000, 0x00000000a4700000, 0x00000000a4700000|100%| O|  |TAMS 0x00000000a4600000, 0x00000000a4600000| Untracked 
|  59|0x00000000a4700000, 0x00000000a4800000, 0x00000000a4800000|100%| O|  |TAMS 0x00000000a4700000, 0x00000000a4700000| Untracked 
|  60|0x00000000a4800000, 0x00000000a4900000, 0x00000000a4900000|100%| O|  |TAMS 0x00000000a4800000, 0x00000000a4800000| Untracked 
|  61|0x00000000a4900000, 0x00000000a4a00000, 0x00000000a4a00000|100%| O|  |TAMS 0x00000000a4900000, 0x00000000a4900000| Untracked 
|  62|0x00000000a4a00000, 0x00000000a4a9da00, 0x00000000a4b00000| 61%| O|  |TAMS 0x00000000a4a00000, 0x00000000a4a00000| Untracked 
|  63|0x00000000a4b00000, 0x00000000a4b00000, 0x00000000a4c00000|  0%| F|  |TAMS 0x00000000a4b00000, 0x00000000a4b00000| Untracked 
|  64|0x00000000a4c00000, 0x00000000a4c00000, 0x00000000a4d00000|  0%| F|  |TAMS 0x00000000a4c00000, 0x00000000a4c00000| Untracked 
|  65|0x00000000a4d00000, 0x00000000a4d00000, 0x00000000a4e00000|  0%| F|  |TAMS 0x00000000a4d00000, 0x00000000a4d00000| Untracked 
|  66|0x00000000a4e00000, 0x00000000a4e00000, 0x00000000a4f00000|  0%| F|  |TAMS 0x00000000a4e00000, 0x00000000a4e00000| Untracked 
|  67|0x00000000a4f00000, 0x00000000a4f00000, 0x00000000a5000000|  0%| F|  |TAMS 0x00000000a4f00000, 0x00000000a4f00000| Untracked 
|  68|0x00000000a5000000, 0x00000000a5000000, 0x00000000a5100000|  0%| F|  |TAMS 0x00000000a5000000, 0x00000000a5000000| Untracked 
|  69|0x00000000a5100000, 0x00000000a5100000, 0x00000000a5200000|  0%| F|  |TAMS 0x00000000a5100000, 0x00000000a5100000| Untracked 
|  70|0x00000000a5200000, 0x00000000a5200000, 0x00000000a5300000|  0%| F|  |TAMS 0x00000000a5200000, 0x00000000a5200000| Untracked 
|  71|0x00000000a5300000, 0x00000000a5300000, 0x00000000a5400000|  0%| F|  |TAMS 0x00000000a5300000, 0x00000000a5300000| Untracked 
|  72|0x00000000a5400000, 0x00000000a5400000, 0x00000000a5500000|  0%| F|  |TAMS 0x00000000a5400000, 0x00000000a5400000| Untracked 
|  73|0x00000000a5500000, 0x00000000a5500000, 0x00000000a5600000|  0%| F|  |TAMS 0x00000000a5500000, 0x00000000a5500000| Untracked 
|  74|0x00000000a5600000, 0x00000000a5600000, 0x00000000a5700000|  0%| F|  |TAMS 0x00000000a5600000, 0x00000000a5600000| Untracked 
|  75|0x00000000a5700000, 0x00000000a5700000, 0x00000000a5800000|  0%| F|  |TAMS 0x00000000a5700000, 0x00000000a5700000| Untracked 
|  76|0x00000000a5800000, 0x00000000a5800000, 0x00000000a5900000|  0%| F|  |TAMS 0x00000000a5800000, 0x00000000a5800000| Untracked 
|  77|0x00000000a5900000, 0x00000000a5900000, 0x00000000a5a00000|  0%| F|  |TAMS 0x00000000a5900000, 0x00000000a5900000| Untracked 
|  78|0x00000000a5a00000, 0x00000000a5a00000, 0x00000000a5b00000|  0%| F|  |TAMS 0x00000000a5a00000, 0x00000000a5a00000| Untracked 
|  79|0x00000000a5b00000, 0x00000000a5b00000, 0x00000000a5c00000|  0%| F|  |TAMS 0x00000000a5b00000, 0x00000000a5b00000| Untracked 
|  80|0x00000000a5c00000, 0x00000000a5c00000, 0x00000000a5d00000|  0%| F|  |TAMS 0x00000000a5c00000, 0x00000000a5c00000| Untracked 
|  81|0x00000000a5d00000, 0x00000000a5d00000, 0x00000000a5e00000|  0%| F|  |TAMS 0x00000000a5d00000, 0x00000000a5d00000| Untracked 
|  82|0x00000000a5e00000, 0x00000000a5e00000, 0x00000000a5f00000|  0%| F|  |TAMS 0x00000000a5e00000, 0x00000000a5e00000| Untracked 
|  83|0x00000000a5f00000, 0x00000000a5f00000, 0x00000000a6000000|  0%| F|  |TAMS 0x00000000a5f00000, 0x00000000a5f00000| Untracked 
|  84|0x00000000a6000000, 0x00000000a6000000, 0x00000000a6100000|  0%| F|  |TAMS 0x00000000a6000000, 0x00000000a6000000| Untracked 
|  85|0x00000000a6100000, 0x00000000a6100000, 0x00000000a6200000|  0%| F|  |TAMS 0x00000000a6100000, 0x00000000a6100000| Untracked 
|  86|0x00000000a6200000, 0x00000000a6200000, 0x00000000a6300000|  0%| F|  |TAMS 0x00000000a6200000, 0x00000000a6200000| Untracked 
|  87|0x00000000a6300000, 0x00000000a6300000, 0x00000000a6400000|  0%| F|  |TAMS 0x00000000a6300000, 0x00000000a6300000| Untracked 
|  88|0x00000000a6400000, 0x00000000a6400000, 0x00000000a6500000|  0%| F|  |TAMS 0x00000000a6400000, 0x00000000a6400000| Untracked 
|  89|0x00000000a6500000, 0x00000000a6500000, 0x00000000a6600000|  0%| F|  |TAMS 0x00000000a6500000, 0x00000000a6500000| Untracked 
|  90|0x00000000a6600000, 0x00000000a6600000, 0x00000000a6700000|  0%| F|  |TAMS 0x00000000a6600000, 0x00000000a6600000| Untracked 
|  91|0x00000000a6700000, 0x00000000a6700000, 0x00000000a6800000|  0%| F|  |TAMS 0x00000000a6700000, 0x00000000a6700000| Untracked 
|  92|0x00000000a6800000, 0x00000000a6800000, 0x00000000a6900000|  0%| F|  |TAMS 0x00000000a6800000, 0x00000000a6800000| Untracked 
|  93|0x00000000a6900000, 0x00000000a6900000, 0x00000000a6a00000|  0%| F|  |TAMS 0x00000000a6900000, 0x00000000a6900000| Untracked 
|  94|0x00000000a6a00000, 0x00000000a6a00000, 0x00000000a6b00000|  0%| F|  |TAMS 0x00000000a6a00000, 0x00000000a6a00000| Untracked 
|  95|0x00000000a6b00000, 0x00000000a6b00000, 0x00000000a6c00000|  0%| F|  |TAMS 0x00000000a6b00000, 0x00000000a6b00000| Untracked 
|  96|0x00000000a6c00000, 0x00000000a6c00000, 0x00000000a6d00000|  0%| F|  |TAMS 0x00000000a6c00000, 0x00000000a6c00000| Untracked 
|  97|0x00000000a6d00000, 0x00000000a6d00000, 0x00000000a6e00000|  0%| F|  |TAMS 0x00000000a6d00000, 0x00000000a6d00000| Untracked 
|  98|0x00000000a6e00000, 0x00000000a6e00000, 0x00000000a6f00000|  0%| F|  |TAMS 0x00000000a6e00000, 0x00000000a6e00000| Untracked 
|  99|0x00000000a6f00000, 0x00000000a6f00000, 0x00000000a7000000|  0%| F|  |TAMS 0x00000000a6f00000, 0x00000000a6f00000| Untracked 
| 100|0x00000000a7000000, 0x00000000a7000000, 0x00000000a7100000|  0%| F|  |TAMS 0x00000000a7000000, 0x00000000a7000000| Untracked 
| 101|0x00000000a7100000, 0x00000000a7100000, 0x00000000a7200000|  0%| F|  |TAMS 0x00000000a7100000, 0x00000000a7100000| Untracked 
| 102|0x00000000a7200000, 0x00000000a7200000, 0x00000000a7300000|  0%| F|  |TAMS 0x00000000a7200000, 0x00000000a7200000| Untracked 
| 103|0x00000000a7300000, 0x00000000a7300000, 0x00000000a7400000|  0%| F|  |TAMS 0x00000000a7300000, 0x00000000a7300000| Untracked 
| 104|0x00000000a7400000, 0x00000000a7400000, 0x00000000a7500000|  0%| F|  |TAMS 0x00000000a7400000, 0x00000000a7400000| Untracked 
| 105|0x00000000a7500000, 0x00000000a7600000, 0x00000000a7600000|100%| S|CS|TAMS 0x00000000a7500000, 0x00000000a7500000| Complete 
| 106|0x00000000a7600000, 0x00000000a7700000, 0x00000000a7700000|100%| S|CS|TAMS 0x00000000a7600000, 0x00000000a7600000| Complete 
| 107|0x00000000a7700000, 0x00000000a7800000, 0x00000000a7800000|100%| S|CS|TAMS 0x00000000a7700000, 0x00000000a7700000| Complete 
| 108|0x00000000a7800000, 0x00000000a7900000, 0x00000000a7900000|100%| S|CS|TAMS 0x00000000a7800000, 0x00000000a7800000| Complete 
| 109|0x00000000a7900000, 0x00000000a7a00000, 0x00000000a7a00000|100%| S|CS|TAMS 0x00000000a7900000, 0x00000000a7900000| Complete 
| 110|0x00000000a7a00000, 0x00000000a7b00000, 0x00000000a7b00000|100%| S|CS|TAMS 0x00000000a7a00000, 0x00000000a7a00000| Complete 
| 111|0x00000000a7b00000, 0x00000000a7c00000, 0x00000000a7c00000|100%| S|CS|TAMS 0x00000000a7b00000, 0x00000000a7b00000| Complete 
| 112|0x00000000a7c00000, 0x00000000a7d00000, 0x00000000a7d00000|100%| S|CS|TAMS 0x00000000a7c00000, 0x00000000a7c00000| Complete 
| 113|0x00000000a7d00000, 0x00000000a7d00000, 0x00000000a7e00000|  0%| F|  |TAMS 0x00000000a7d00000, 0x00000000a7d00000| Untracked 
| 114|0x00000000a7e00000, 0x00000000a7e00000, 0x00000000a7f00000|  0%| F|  |TAMS 0x00000000a7e00000, 0x00000000a7e00000| Untracked 
| 115|0x00000000a7f00000, 0x00000000a7f00000, 0x00000000a8000000|  0%| F|  |TAMS 0x00000000a7f00000, 0x00000000a7f00000| Untracked 
| 116|0x00000000a8000000, 0x00000000a8000000, 0x00000000a8100000|  0%| F|  |TAMS 0x00000000a8000000, 0x00000000a8000000| Untracked 
| 117|0x00000000a8100000, 0x00000000a8100000, 0x00000000a8200000|  0%| F|  |TAMS 0x00000000a8100000, 0x00000000a8100000| Untracked 
| 118|0x00000000a8200000, 0x00000000a8200000, 0x00000000a8300000|  0%| F|  |TAMS 0x00000000a8200000, 0x00000000a8200000| Untracked 
| 119|0x00000000a8300000, 0x00000000a8300000, 0x00000000a8400000|  0%| F|  |TAMS 0x00000000a8300000, 0x00000000a8300000| Untracked 
| 120|0x00000000a8400000, 0x00000000a8400000, 0x00000000a8500000|  0%| F|  |TAMS 0x00000000a8400000, 0x00000000a8400000| Untracked 
| 121|0x00000000a8500000, 0x00000000a8500000, 0x00000000a8600000|  0%| F|  |TAMS 0x00000000a8500000, 0x00000000a8500000| Untracked 
| 122|0x00000000a8600000, 0x00000000a8600000, 0x00000000a8700000|  0%| F|  |TAMS 0x00000000a8600000, 0x00000000a8600000| Untracked 
| 123|0x00000000a8700000, 0x00000000a8700000, 0x00000000a8800000|  0%| F|  |TAMS 0x00000000a8700000, 0x00000000a8700000| Untracked 
| 124|0x00000000a8800000, 0x00000000a8800000, 0x00000000a8900000|  0%| F|  |TAMS 0x00000000a8800000, 0x00000000a8800000| Untracked 
| 125|0x00000000a8900000, 0x00000000a8900000, 0x00000000a8a00000|  0%| F|  |TAMS 0x00000000a8900000, 0x00000000a8900000| Untracked 
| 126|0x00000000a8a00000, 0x00000000a8a00000, 0x00000000a8b00000|  0%| F|  |TAMS 0x00000000a8a00000, 0x00000000a8a00000| Untracked 
| 127|0x00000000a8b00000, 0x00000000a8b00000, 0x00000000a8c00000|  0%| F|  |TAMS 0x00000000a8b00000, 0x00000000a8b00000| Untracked 
| 128|0x00000000a8c00000, 0x00000000a8c00000, 0x00000000a8d00000|  0%| F|  |TAMS 0x00000000a8c00000, 0x00000000a8c00000| Untracked 
| 129|0x00000000a8d00000, 0x00000000a8d00000, 0x00000000a8e00000|  0%| F|  |TAMS 0x00000000a8d00000, 0x00000000a8d00000| Untracked 
| 130|0x00000000a8e00000, 0x00000000a8e00000, 0x00000000a8f00000|  0%| F|  |TAMS 0x00000000a8e00000, 0x00000000a8e00000| Untracked 
| 131|0x00000000a8f00000, 0x00000000a8f00000, 0x00000000a9000000|  0%| F|  |TAMS 0x00000000a8f00000, 0x00000000a8f00000| Untracked 
| 132|0x00000000a9000000, 0x00000000a9000000, 0x00000000a9100000|  0%| F|  |TAMS 0x00000000a9000000, 0x00000000a9000000| Untracked 
| 133|0x00000000a9100000, 0x00000000a9100000, 0x00000000a9200000|  0%| F|  |TAMS 0x00000000a9100000, 0x00000000a9100000| Untracked 
| 134|0x00000000a9200000, 0x00000000a9200000, 0x00000000a9300000|  0%| F|  |TAMS 0x00000000a9200000, 0x00000000a9200000| Untracked 
| 135|0x00000000a9300000, 0x00000000a9300000, 0x00000000a9400000|  0%| F|  |TAMS 0x00000000a9300000, 0x00000000a9300000| Untracked 
| 136|0x00000000a9400000, 0x00000000a9400000, 0x00000000a9500000|  0%| F|  |TAMS 0x00000000a9400000, 0x00000000a9400000| Untracked 
| 137|0x00000000a9500000, 0x00000000a9500000, 0x00000000a9600000|  0%| F|  |TAMS 0x00000000a9500000, 0x00000000a9500000| Untracked 
| 138|0x00000000a9600000, 0x00000000a9600000, 0x00000000a9700000|  0%| F|  |TAMS 0x00000000a9600000, 0x00000000a9600000| Untracked 
| 139|0x00000000a9700000, 0x00000000a9780800, 0x00000000a9800000| 50%| E|  |TAMS 0x00000000a9700000, 0x00000000a9700000| Complete 
| 140|0x00000000a9800000, 0x00000000a9900000, 0x00000000a9900000|100%| E|CS|TAMS 0x00000000a9800000, 0x00000000a9800000| Complete 
| 141|0x00000000a9900000, 0x00000000a9a00000, 0x00000000a9a00000|100%| E|CS|TAMS 0x00000000a9900000, 0x00000000a9900000| Complete 
| 142|0x00000000a9a00000, 0x00000000a9b00000, 0x00000000a9b00000|100%| E|CS|TAMS 0x00000000a9a00000, 0x00000000a9a00000| Complete 
| 143|0x00000000a9b00000, 0x00000000a9c00000, 0x00000000a9c00000|100%| E|CS|TAMS 0x00000000a9b00000, 0x00000000a9b00000| Complete 
| 144|0x00000000a9c00000, 0x00000000a9d00000, 0x00000000a9d00000|100%| E|CS|TAMS 0x00000000a9c00000, 0x00000000a9c00000| Complete 
| 145|0x00000000a9d00000, 0x00000000a9e00000, 0x00000000a9e00000|100%| E|CS|TAMS 0x00000000a9d00000, 0x00000000a9d00000| Complete 
| 146|0x00000000a9e00000, 0x00000000a9f00000, 0x00000000a9f00000|100%| E|CS|TAMS 0x00000000a9e00000, 0x00000000a9e00000| Complete 
| 147|0x00000000a9f00000, 0x00000000aa000000, 0x00000000aa000000|100%| E|CS|TAMS 0x00000000a9f00000, 0x00000000a9f00000| Complete 
| 148|0x00000000aa000000, 0x00000000aa100000, 0x00000000aa100000|100%| E|CS|TAMS 0x00000000aa000000, 0x00000000aa000000| Complete 
| 149|0x00000000aa100000, 0x00000000aa200000, 0x00000000aa200000|100%| E|CS|TAMS 0x00000000aa100000, 0x00000000aa100000| Complete 
| 150|0x00000000aa200000, 0x00000000aa300000, 0x00000000aa300000|100%| E|CS|TAMS 0x00000000aa200000, 0x00000000aa200000| Complete 
| 151|0x00000000aa300000, 0x00000000aa400000, 0x00000000aa400000|100%| E|CS|TAMS 0x00000000aa300000, 0x00000000aa300000| Complete 
| 152|0x00000000aa400000, 0x00000000aa500000, 0x00000000aa500000|100%| E|CS|TAMS 0x00000000aa400000, 0x00000000aa400000| Complete 
| 153|0x00000000aa500000, 0x00000000aa600000, 0x00000000aa600000|100%| E|CS|TAMS 0x00000000aa500000, 0x00000000aa500000| Complete 
| 154|0x00000000aa600000, 0x00000000aa700000, 0x00000000aa700000|100%| E|CS|TAMS 0x00000000aa600000, 0x00000000aa600000| Complete 
| 155|0x00000000aa700000, 0x00000000aa800000, 0x00000000aa800000|100%| E|CS|TAMS 0x00000000aa700000, 0x00000000aa700000| Complete 
| 156|0x00000000aa800000, 0x00000000aa900000, 0x00000000aa900000|100%| E|CS|TAMS 0x00000000aa800000, 0x00000000aa800000| Complete 
| 157|0x00000000aa900000, 0x00000000aaa00000, 0x00000000aaa00000|100%| E|CS|TAMS 0x00000000aa900000, 0x00000000aa900000| Complete 
| 158|0x00000000aaa00000, 0x00000000aab00000, 0x00000000aab00000|100%| E|CS|TAMS 0x00000000aaa00000, 0x00000000aaa00000| Complete 
| 159|0x00000000aab00000, 0x00000000aac00000, 0x00000000aac00000|100%| E|CS|TAMS 0x00000000aab00000, 0x00000000aab00000| Complete 
| 160|0x00000000aac00000, 0x00000000aad00000, 0x00000000aad00000|100%| E|CS|TAMS 0x00000000aac00000, 0x00000000aac00000| Complete 
| 161|0x00000000aad00000, 0x00000000aae00000, 0x00000000aae00000|100%| E|CS|TAMS 0x00000000aad00000, 0x00000000aad00000| Complete 
| 162|0x00000000aae00000, 0x00000000aaf00000, 0x00000000aaf00000|100%| E|CS|TAMS 0x00000000aae00000, 0x00000000aae00000| Complete 
| 163|0x00000000aaf00000, 0x00000000ab000000, 0x00000000ab000000|100%| E|CS|TAMS 0x00000000aaf00000, 0x00000000aaf00000| Complete 
| 164|0x00000000ab000000, 0x00000000ab100000, 0x00000000ab100000|100%| E|CS|TAMS 0x00000000ab000000, 0x00000000ab000000| Complete 
| 165|0x00000000ab100000, 0x00000000ab200000, 0x00000000ab200000|100%| E|CS|TAMS 0x00000000ab100000, 0x00000000ab100000| Complete 
| 166|0x00000000ab200000, 0x00000000ab300000, 0x00000000ab300000|100%| E|CS|TAMS 0x00000000ab200000, 0x00000000ab200000| Complete 
| 167|0x00000000ab300000, 0x00000000ab400000, 0x00000000ab400000|100%| E|CS|TAMS 0x00000000ab300000, 0x00000000ab300000| Complete 

Card table byte_map: [0x00000253c93b0000,0x00000253c96b0000] _byte_map_base: 0x00000253c8eaa000

Marking Bits (Prev, Next): (CMBitMap*) 0x00000253b2721178, (CMBitMap*) 0x00000253b27211b0
 Prev Bits: [0x00000253c99b0000, 0x00000253cb180000)
 Next Bits: [0x00000253cb180000, 0x00000253cc950000)

Polling page: 0x00000253b06e0000

Metaspace:

Usage:
  Non-class:     38.30 MB capacity,    37.61 MB ( 98%) used,   561.52 KB (  1%) free+waste,   143.44 KB ( <1%) overhead. 
      Class:      5.38 MB capacity,     4.88 MB ( 91%) used,   444.24 KB (  8%) free+waste,    71.94 KB (  1%) overhead. 
       Both:     43.68 MB capacity,    42.49 MB ( 97%) used,  1005.76 KB (  2%) free+waste,   215.38 KB ( <1%) overhead. 

Virtual space:
  Non-class space:       40.00 MB reserved,      38.50 MB ( 96%) committed 
      Class space:        1.00 GB reserved,       5.50 MB ( <1%) committed 
             Both:        1.04 GB reserved,      44.00 MB (  4%) committed 

Chunk freelists:
   Non-Class:  1.50 KB
       Class:  2.75 KB
        Both:  4.25 KB

CodeHeap 'non-profiled nmethods': size=120000Kb used=4610Kb max_used=4610Kb free=115389Kb
 bounds [0x00000253c1850000, 0x00000253c1ce0000, 0x00000253c8d80000]
CodeHeap 'profiled nmethods': size=120000Kb used=10626Kb max_used=10626Kb free=109373Kb
 bounds [0x00000253ba320000, 0x00000253bad90000, 0x00000253c1850000]
CodeHeap 'non-nmethods': size=5760Kb used=1231Kb max_used=1297Kb free=4528Kb
 bounds [0x00000253b9d80000, 0x00000253b9ff0000, 0x00000253ba320000]
 total_blobs=4991 nmethods=4386 adapters=516
 compilation: enabled
              stopped_count=0, restarted_count=0
 full_count=0

Compilation events (10 events):
Event: 17.807 Thread 0x00000253cfd44000 4451       3       org.aspectj.util.GenericSignature$TypeVariableSignature::toString (28 bytes)
Event: 17.808 Thread 0x00000253cfd44000 nmethod 4451 0x00000253bad7b990 code [0x00000253bad7bbe0, 0x00000253bad7c3d8]
Event: 17.827 Thread 0x00000253cfd44000 4452       3       jdk.internal.loader.BuiltinClassLoader::getAndVerifyPackage (109 bytes)
Event: 17.829 Thread 0x00000253cfd44000 nmethod 4452 0x00000253bad7c710 code [0x00000253bad7cae0, 0x00000253bad7e508]
Event: 17.829 Thread 0x00000253cfd44000 4453       3       java.lang.ClassLoader::getDefinedPackage (35 bytes)
Event: 17.830 Thread 0x00000253cfd44000 nmethod 4453 0x00000253bad7ee10 code [0x00000253bad7f000, 0x00000253bad7f5a8]
Event: 17.830 Thread 0x00000253cfd44000 4454       3       java.lang.ClassLoader::definePackage (53 bytes)
Event: 17.831 Thread 0x00000253cfd44000 nmethod 4454 0x00000253bad7f790 code [0x00000253bad7f980, 0x00000253bad7ff38]
Event: 17.929 Thread 0x00000253cfd44000 4457       3       org.aspectj.weaver.ReferenceType::getRank (43 bytes)
Event: 17.930 Thread 0x00000253cfd44000 nmethod 4457 0x00000253bad80210 code [0x00000253bad80400, 0x00000253bad80928]

GC Heap History (10 events):
Event: 6.746 GC heap before
{Heap before GC invocations=10 (full 0):
 garbage-first heap   total 143360K, used 96217K [0x00000000a0c00000, 0x0000000100000000)
  region size 1024K, 58 young (59392K), 7 survivors (7168K)
 Metaspace       used 32711K, capacity 33523K, committed 33788K, reserved 1079296K
  class space    used 3470K, capacity 3798K, committed 3840K, reserved 1048576K
}
Event: 6.760 GC heap after
{Heap after GC invocations=11 (full 0):
 garbage-first heap   total 143360K, used 48604K [0x00000000a0c00000, 0x0000000100000000)
  region size 1024K, 8 young (8192K), 8 survivors (8192K)
 Metaspace       used 32711K, capacity 33523K, committed 33788K, reserved 1079296K
  class space    used 3470K, capacity 3798K, committed 3840K, reserved 1048576K
}
Event: 7.318 GC heap before
{Heap before GC invocations=11 (full 0):
 garbage-first heap   total 143360K, used 91612K [0x00000000a0c00000, 0x0000000100000000)
  region size 1024K, 51 young (52224K), 8 survivors (8192K)
 Metaspace       used 35018K, capacity 35838K, committed 35964K, reserved 1081344K
  class space    used 3776K, capacity 4146K, committed 4224K, reserved 1048576K
}
Event: 7.333 GC heap after
{Heap after GC invocations=12 (full 0):
 garbage-first heap   total 143360K, used 53928K [0x00000000a0c00000, 0x0000000100000000)
  region size 1024K, 5 young (5120K), 5 survivors (5120K)
 Metaspace       used 35018K, capacity 35838K, committed 35964K, reserved 1081344K
  class space    used 3776K, capacity 4146K, committed 4224K, reserved 1048576K
}
Event: 8.257 GC heap before
{Heap before GC invocations=13 (full 0):
 garbage-first heap   total 143360K, used 103080K [0x00000000a0c00000, 0x0000000100000000)
  region size 1024K, 53 young (54272K), 5 survivors (5120K)
 Metaspace       used 37722K, capacity 38756K, committed 38908K, reserved 1083392K
  class space    used 4161K, capacity 4602K, committed 4608K, reserved 1048576K
}
Event: 8.269 GC heap after
{Heap after GC invocations=14 (full 0):
 garbage-first heap   total 143360K, used 58492K [0x00000000a0c00000, 0x0000000100000000)
  region size 1024K, 5 young (5120K), 5 survivors (5120K)
 Metaspace       used 37722K, capacity 38756K, committed 38908K, reserved 1083392K
  class space    used 4161K, capacity 4602K, committed 4608K, reserved 1048576K
}
Event: 10.239 GC heap before
{Heap before GC invocations=14 (full 0):
 garbage-first heap   total 143360K, used 111740K [0x00000000a0c00000, 0x0000000100000000)
  region size 1024K, 52 young (53248K), 5 survivors (5120K)
 Metaspace       used 39983K, capacity 41027K, committed 41084K, reserved 1085440K
  class space    used 4497K, capacity 4954K, committed 4992K, reserved 1048576K
}
Event: 10.254 GC heap after
{Heap after GC invocations=15 (full 0):
 garbage-first heap   total 172032K, used 67384K [0x00000000a0c00000, 0x0000000100000000)
  region size 1024K, 4 young (4096K), 4 survivors (4096K)
 Metaspace       used 39983K, capacity 41027K, committed 41084K, reserved 1085440K
  class space    used 4497K, capacity 4954K, committed 4992K, reserved 1048576K
}
Event: 17.692 GC heap before
{Heap before GC invocations=15 (full 0):
 garbage-first heap   total 172032K, used 123704K [0x00000000a0c00000, 0x0000000100000000)
  region size 1024K, 59 young (60416K), 4 survivors (4096K)
 Metaspace       used 42647K, capacity 43834K, committed 44028K, reserved 1087488K
  class space    used 4811K, capacity 5322K, committed 5376K, reserved 1048576K
}
Event: 17.701 GC heap after
{Heap after GC invocations=16 (full 0):
 garbage-first heap   total 172032K, used 72310K [0x00000000a0c00000, 0x0000000100000000)
  region size 1024K, 8 young (8192K), 8 survivors (8192K)
 Metaspace       used 42647K, capacity 43834K, committed 44028K, reserved 1087488K
  class space    used 4811K, capacity 5322K, committed 5376K, reserved 1048576K
}

Deoptimization events (10 events):
Event: 10.953 Thread 0x00000253b26ed000 Uncommon trap: reason=class_check action=maybe_recompile pc=0x00000253c1abd82c method=java.util.concurrent.ConcurrentHashMap.putVal(Ljava/lang/Object;Ljava/lang/Object;Z)Ljava/lang/Object; @ 159 c2
Event: 10.953 Thread 0x00000253b26ed000 Uncommon trap: reason=class_check action=maybe_recompile pc=0x00000253c1abd82c method=java.util.concurrent.ConcurrentHashMap.putVal(Ljava/lang/Object;Ljava/lang/Object;Z)Ljava/lang/Object; @ 159 c2
Event: 10.954 Thread 0x00000253b26ed000 Uncommon trap: reason=class_check action=maybe_recompile pc=0x00000253c1abd82c method=java.util.concurrent.ConcurrentHashMap.putVal(Ljava/lang/Object;Ljava/lang/Object;Z)Ljava/lang/Object; @ 159 c2
Event: 10.954 Thread 0x00000253b26ed000 Uncommon trap: reason=unstable_if action=reinterpret pc=0x00000253c19c5cf4 method=java.util.concurrent.ConcurrentHashMap.get(Ljava/lang/Object;)Ljava/lang/Object; @ 152 c2
Event: 13.299 Thread 0x00000253b26ed000 Uncommon trap: reason=unstable_if action=reinterpret pc=0x00000253c196befc method=java.lang.StringCoding.encodeUTF8(B[BZ)[B @ 2 c2
Event: 17.036 Thread 0x00000253d3b5e000 Uncommon trap: reason=class_check action=maybe_recompile pc=0x00000253c1ccc860 method=java.lang.AbstractStringBuilder.append(Ljava/lang/CharSequence;II)Ljava/lang/AbstractStringBuilder; @ 10 c2
Event: 17.565 Thread 0x00000253d3b5e000 Uncommon trap: reason=class_check action=maybe_recompile pc=0x00000253c1ccc860 method=java.lang.AbstractStringBuilder.append(Ljava/lang/CharSequence;II)Ljava/lang/AbstractStringBuilder; @ 10 c2
Event: 17.582 Thread 0x00000253d3b5e000 Uncommon trap: reason=class_check action=maybe_recompile pc=0x00000253c1ccc860 method=java.lang.AbstractStringBuilder.append(Ljava/lang/CharSequence;II)Ljava/lang/AbstractStringBuilder; @ 10 c2
Event: 17.593 Thread 0x00000253d3b5e000 Uncommon trap: reason=class_check action=maybe_recompile pc=0x00000253c1ccc860 method=java.lang.AbstractStringBuilder.append(Ljava/lang/CharSequence;II)Ljava/lang/AbstractStringBuilder; @ 10 c2
Event: 17.757 Thread 0x00000253b26ed000 Uncommon trap: reason=unstable_if action=reinterpret pc=0x00000253c1c4e294 method=org.aspectj.util.GenericSignatureParser.parseTypeArgument()Lorg/aspectj/util/GenericSignature$TypeArgument; @ 41 c2

Classes redefined (0 events):
No events

Internal exceptions (10 events):
Event: 10.788 Thread 0x00000253b26ed000 Exception <a 'java/lang/IncompatibleClassChangeError'{0x00000000aa1fe348}: Found class java.lang.Object, but interface was expected> (0x00000000aa1fe348) thrown at [./open/src/hotspot/share/interpreter/linkResolver.cpp, line 838]
Event: 10.789 Thread 0x00000253b26ed000 Exception <a 'java/lang/IncompatibleClassChangeError'{0x00000000aa06c428}: Found class java.lang.Object, but interface was expected> (0x00000000aa06c428) thrown at [./open/src/hotspot/share/interpreter/linkResolver.cpp, line 838]
Event: 10.789 Thread 0x00000253b26ed000 Exception <a 'sun/nio/fs/WindowsException'{0x00000000aa06f668}> (0x00000000aa06f668) thrown at [./open/src/hotspot/share/prims/jni.cpp, line 611]
Event: 11.016 Thread 0x00000253b26ed000 Exception <a 'java/lang/IncompatibleClassChangeError'{0x00000000a8f523e8}: Found class java.lang.Object, but interface was expected> (0x00000000a8f523e8) thrown at [./open/src/hotspot/share/interpreter/linkResolver.cpp, line 838]
Event: 11.089 Thread 0x00000253b26ed000 Exception <a 'java/lang/IncompatibleClassChangeError'{0x00000000a8d7aa20}: Found class java.lang.Object, but interface was expected> (0x00000000a8d7aa20) thrown at [./open/src/hotspot/share/interpreter/linkResolver.cpp, line 838]
Event: 11.090 Thread 0x00000253b26ed000 Exception <a 'java/lang/IncompatibleClassChangeError'{0x00000000a8d7d9f0}: Found class java.lang.Object, but interface was expected> (0x00000000a8d7d9f0) thrown at [./open/src/hotspot/share/interpreter/linkResolver.cpp, line 838]
Event: 11.090 Thread 0x00000253b26ed000 Exception <a 'java/lang/IncompatibleClassChangeError'{0x00000000a8d80bd0}: Found class java.lang.Object, but interface was expected> (0x00000000a8d80bd0) thrown at [./open/src/hotspot/share/interpreter/linkResolver.cpp, line 838]
Event: 11.091 Thread 0x00000253b26ed000 Exception <a 'java/lang/IncompatibleClassChangeError'{0x00000000a8d83b88}: Found class java.lang.Object, but interface was expected> (0x00000000a8d83b88) thrown at [./open/src/hotspot/share/interpreter/linkResolver.cpp, line 838]
Event: 11.092 Thread 0x00000253b26ed000 Exception <a 'java/lang/IncompatibleClassChangeError'{0x00000000a8d91750}: Found class java.lang.Object, but interface was expected> (0x00000000a8d91750) thrown at [./open/src/hotspot/share/interpreter/linkResolver.cpp, line 838]
Event: 14.101 Thread 0x00000253b26ed000 Exception <a 'java/lang/ClassNotFoundException'{0x00000000a88536b0}: sun/misc/SharedSecrets> (0x00000000a88536b0) thrown at [./open/src/hotspot/share/classfile/systemDictionary.cpp, line 226]

Events (10 events):
Event: 17.923 loading class org/assertj/core/api/ByteAssert
Event: 17.923 loading class org/assertj/core/api/ByteAssert done
Event: 17.924 loading class org/assertj/core/api/AbstractDoubleArrayAssert
Event: 17.924 loading class org/assertj/core/api/AbstractDoubleArrayAssert done
Event: 17.926 loading class org/assertj/core/api/DoubleArrayAssert
Event: 17.926 loading class org/assertj/core/api/DoubleArrayAssert done
Event: 17.927 loading class org/assertj/core/api/AbstractDoubleAssert
Event: 17.927 loading class org/assertj/core/api/AbstractDoubleAssert done
Event: 17.930 loading class org/assertj/core/api/FloatingPointNumberAssert
Event: 17.930 loading class org/assertj/core/api/FloatingPointNumberAssert done


Dynamic libraries:
0x00007ff6105b0000 - 0x00007ff6105bf000 	C:\Program Files\jdk-11.0.16.1\bin\java.exe
0x00007ff9d1b30000 - 0x00007ff9d1d28000 	C:\WINDOWS\SYSTEM32\ntdll.dll
0x00007ff9d0410000 - 0x00007ff9d04cf000 	C:\WINDOWS\System32\KERNEL32.DLL
0x00007ff9cf270000 - 0x00007ff9cf542000 	C:\WINDOWS\System32\KERNELBASE.dll
0x00007ff97c820000 - 0x00007ff97c838000 	C:\Program Files\jdk-11.0.16.1\bin\jli.dll
0x00007ff9d1120000 - 0x00007ff9d11ce000 	C:\WINDOWS\System32\ADVAPI32.dll
0x00007ff9d0f70000 - 0x00007ff9d100e000 	C:\WINDOWS\System32\msvcrt.dll
0x00007ff9d1a50000 - 0x00007ff9d1aec000 	C:\WINDOWS\System32\sechost.dll
0x00007ff9cfb70000 - 0x00007ff9cfc95000 	C:\WINDOWS\System32\RPCRT4.dll
0x00007ff9cf670000 - 0x00007ff9cf770000 	C:\WINDOWS\System32\ucrtbase.dll
0x00007ff97c840000 - 0x00007ff97c855000 	C:\Program Files\jdk-11.0.16.1\bin\VCRUNTIME140.dll
0x00007ff9d0510000 - 0x00007ff9d06b1000 	C:\WINDOWS\System32\USER32.dll
0x00007ff9cf970000 - 0x00007ff9cf992000 	C:\WINDOWS\System32\win32u.dll
0x00007ff9d04e0000 - 0x00007ff9d050b000 	C:\WINDOWS\System32\GDI32.dll
0x00007ff9cfa60000 - 0x00007ff9cfb6f000 	C:\WINDOWS\System32\gdi32full.dll
0x00007ff9cf8d0000 - 0x00007ff9cf96d000 	C:\WINDOWS\System32\msvcp_win.dll
0x00007ff9bc7d0000 - 0x00007ff9bca6a000 	C:\WINDOWS\WinSxS\amd64_microsoft.windows.common-controls_6595b64144ccf1df_6.0.19041.1110_none_60b5254171f9507e\COMCTL32.dll
0x00007ff9c4430000 - 0x00007ff9c443a000 	C:\WINDOWS\SYSTEM32\VERSION.dll
0x00007ff9d0f30000 - 0x00007ff9d0f62000 	C:\WINDOWS\System32\IMM32.DLL
0x00007ff97d7f0000 - 0x00007ff97d88b000 	C:\Program Files\jdk-11.0.16.1\bin\msvcp140.dll
0x00007ff97bd00000 - 0x00007ff97c818000 	C:\Program Files\jdk-11.0.16.1\bin\server\jvm.dll
0x00007ff9d0400000 - 0x00007ff9d0408000 	C:\WINDOWS\System32\PSAPI.DLL
0x00007ff9c4440000 - 0x00007ff9c4467000 	C:\WINDOWS\SYSTEM32\WINMM.dll
0x00007ff9b83c0000 - 0x00007ff9b83c9000 	C:\WINDOWS\SYSTEM32\WSOCK32.dll
0x00007ff9d0ec0000 - 0x00007ff9d0f2b000 	C:\WINDOWS\System32\WS2_32.dll
0x00007ff9cd0a0000 - 0x00007ff9cd0b2000 	C:\WINDOWS\SYSTEM32\kernel.appcore.dll
0x00007ff9ad3d0000 - 0x00007ff9ad3e0000 	C:\Program Files\jdk-11.0.16.1\bin\verify.dll
0x00007ff9c74e0000 - 0x00007ff9c76c4000 	C:\WINDOWS\SYSTEM32\DBGHELP.DLL
0x00007ff9c26b0000 - 0x00007ff9c26e5000 	C:\WINDOWS\SYSTEM32\dbgcore.DLL
0x00007ff9cf9d0000 - 0x00007ff9cfa52000 	C:\WINDOWS\System32\bcryptPrimitives.dll
0x00007ff97bc20000 - 0x00007ff97bc48000 	C:\Program Files\jdk-11.0.16.1\bin\java.dll
0x00007ff98ff60000 - 0x00007ff98ff6a000 	C:\Program Files\jdk-11.0.16.1\bin\jimage.dll
0x00007ff9cb0c0000 - 0x00007ff9cb0ce000 	C:\Program Files\jdk-11.0.16.1\bin\instrument.dll
0x00007ff97ca10000 - 0x00007ff97ca26000 	C:\Program Files\jdk-11.0.16.1\bin\zip.dll
0x00007ff9d11d0000 - 0x00007ff9d1914000 	C:\WINDOWS\System32\SHELL32.dll
0x00007ff9cd2a0000 - 0x00007ff9cda32000 	C:\WINDOWS\SYSTEM32\windows.storage.dll
0x00007ff9d06f0000 - 0x00007ff9d0a45000 	C:\WINDOWS\System32\combase.dll
0x00007ff9ceba0000 - 0x00007ff9cebd0000 	C:\WINDOWS\SYSTEM32\Wldp.dll
0x00007ff9d0100000 - 0x00007ff9d01ad000 	C:\WINDOWS\System32\SHCORE.dll
0x00007ff9d19f0000 - 0x00007ff9d1a45000 	C:\WINDOWS\System32\shlwapi.dll
0x00007ff9cf160000 - 0x00007ff9cf17f000 	C:\WINDOWS\SYSTEM32\profapi.dll
0x00007ff97c9f0000 - 0x00007ff97ca09000 	C:\Program Files\jdk-11.0.16.1\bin\net.dll
0x00007ff9c5170000 - 0x00007ff9c527c000 	C:\WINDOWS\SYSTEM32\WINHTTP.dll
0x00007ff9ce8b0000 - 0x00007ff9ce91a000 	C:\WINDOWS\system32\mswsock.dll
0x00007ff97c9d0000 - 0x00007ff97c9e2000 	C:\Program Files\jdk-11.0.16.1\bin\nio.dll
0x00007ff9c52f0000 - 0x00007ff9c530a000 	C:\Users\ASUS\IntelliJ IDEA Community Edition 2022.3\bin\breakgen64.dll
0x00007ff9ceae0000 - 0x00007ff9ceaf8000 	C:\WINDOWS\SYSTEM32\CRYPTSP.dll
0x00007ff9ce1e0000 - 0x00007ff9ce214000 	C:\WINDOWS\system32\rsaenh.dll
0x00007ff9cf9a0000 - 0x00007ff9cf9c7000 	C:\WINDOWS\System32\bcrypt.dll
0x00007ff9cf120000 - 0x00007ff9cf14e000 	C:\WINDOWS\SYSTEM32\USERENV.dll
0x00007ff9cead0000 - 0x00007ff9ceadc000 	C:\WINDOWS\SYSTEM32\CRYPTBASE.dll
0x00007ff9ce5c0000 - 0x00007ff9ce5fb000 	C:\WINDOWS\SYSTEM32\IPHLPAPI.DLL
0x00007ff9d06c0000 - 0x00007ff9d06c8000 	C:\WINDOWS\System32\NSI.dll
0x00007ff9c5280000 - 0x00007ff9c5297000 	C:\WINDOWS\SYSTEM32\dhcpcsvc6.DLL
0x00007ff9c67f0000 - 0x00007ff9c680d000 	C:\WINDOWS\SYSTEM32\dhcpcsvc.DLL
0x00007ff9ce600000 - 0x00007ff9ce6ca000 	C:\WINDOWS\SYSTEM32\DNSAPI.dll
0x00007ff9b8990000 - 0x00007ff9b89b5000 	C:\Program Files\jdk-11.0.16.1\bin\sunec.dll
0x0000000069e30000 - 0x0000000069e56000 	C:\Program Files\Bonjour\mdnsNSP.dll
0x00007ff9beeb0000 - 0x00007ff9beeba000 	C:\Windows\System32\rasadhlp.dll
0x00007ff9c1c20000 - 0x00007ff9c1ca0000 	C:\WINDOWS\System32\fwpuclnt.dll
0x00007ff9c7390000 - 0x00007ff9c7399000 	C:\Program Files\jdk-11.0.16.1\bin\management.dll
0x00007ff9c7270000 - 0x00007ff9c727b000 	C:\Program Files\jdk-11.0.16.1\bin\management_ext.dll
0x00007ff9b2380000 - 0x00007ff9b2397000 	C:\WINDOWS\system32\napinsp.dll
0x00007ff9b2360000 - 0x00007ff9b237b000 	C:\WINDOWS\system32\pnrpnsp.dll
0x00007ff9ca310000 - 0x00007ff9ca325000 	C:\WINDOWS\system32\wshbth.dll
0x00007ff9c8420000 - 0x00007ff9c843d000 	C:\WINDOWS\system32\NLAapi.dll
0x00007ff9b2300000 - 0x00007ff9b2312000 	C:\WINDOWS\System32\winrnr.dll

dbghelp: loaded successfully - version: 4.0.5 - missing functions: none
symbol engine: initialized successfully - sym options: 0x614 - pdb path: .;C:\Program Files\jdk-11.0.16.1\bin;C:\WINDOWS\SYSTEM32;C:\WINDOWS\WinSxS\amd64_microsoft.windows.common-controls_6595b64144ccf1df_6.0.19041.1110_none_60b5254171f9507e;C:\Program Files\jdk-11.0.16.1\bin\server;C:\Users\ASUS\IntelliJ IDEA Community Edition 2022.3\bin;C:\Program Files\Bonjour

VM Arguments:
jvm_args: -ea -javaagent:C:\Users\ASUS\.m2\repository/org/aspectj/aspectjweaver/1.9.2/aspectjweaver-1.9.2.jar -Didea.test.cyclic.buffer.size=1048576 -javaagent:C:\Users\ASUS\IntelliJ IDEA Community Edition 2022.3\lib\idea_rt.jar=50900:C:\Users\ASUS\IntelliJ IDEA Community Edition 2022.3\bin -Dfile.encoding=UTF-8 
java_command: com.intellij.rt.testng.RemoteTestNGStarter -usedefaultlisteners false -socket50899 @w@C:\Users\ASUS\AppData\Local\Temp\idea_working_dirs_testng1.tmp -temp C:\Users\ASUS\AppData\Local\Temp\idea_testng1.tmp
java_class_path (initial): C:\Users\ASUS\IntelliJ IDEA Community Edition 2022.3\lib\idea_rt.jar;C:\Users\ASUS\IntelliJ IDEA Community Edition 2022.3\plugins\testng\lib\testng-rt.jar;C:\Users\ASUS\IdeaProjects\QABrains\target\test-classes;C:\Users\ASUS\.m2\repository\org\seleniumhq\selenium\selenium-java\4.6.0\selenium-java-4.6.0.jar;C:\Users\ASUS\.m2\repository\org\seleniumhq\selenium\selenium-api\4.6.0\selenium-api-4.6.0.jar;C:\Users\ASUS\.m2\repository\org\seleniumhq\selenium\selenium-chrome-driver\4.6.0\selenium-chrome-driver-4.6.0.jar;C:\Users\ASUS\.m2\repository\com\google\auto\service\auto-service-annotations\1.0.1\auto-service-annotations-1.0.1.jar;C:\Users\ASUS\.m2\repository\com\google\auto\service\auto-service\1.0.1\auto-service-1.0.1.jar;C:\Users\ASUS\.m2\repository\com\google\auto\auto-common\1.2\auto-common-1.2.jar;C:\Users\ASUS\.m2\repository\com\google\guava\guava\31.1-jre\guava-31.1-jre.jar;C:\Users\ASUS\.m2\repository\com\google\guava\failureaccess\1.0.1\failureaccess-1.0.1.jar;C:\Users\ASUS\.m2\repository\com\google\guava\listenablefuture\9999.0-empty-to-avoid-conflict-with-guava\listenablefuture-9999.0-empty-to-avoid-conflict-with-guava.jar;C:\Users\ASUS\.m2\repository\org\checkerframework\checker-qual\3.12.0\checker-qual-3.12.0.jar;C:\Users\ASUS\.m2\repository\com\google\errorprone\error_prone_annotations\2.11.0\error_prone_annotations-2.11.0.jar;C:\Users\ASUS\.m2\repository\com\google\j2objc\j2objc-annotations\1.3\j2objc-annotations-1.3.jar;C:\Users\ASUS\.m2\repository\org\seleniumhq\selenium\selenium-chromium-driver\4.6.0\selenium-chromium-driver-4.6.0.jar;C:\Users\ASUS\.m2\repository\org\seleniumhq\selenium\selenium-json\4.6.0\selenium-json-4.6.0.jar;C:\Users\ASUS\.m2\repository\org\seleniumhq\selenium\selenium-devtools-v105\4.6.0\selenium-devtools-v105-4.6.0.jar;C:\Users\ASUS\.m2\repository\org\seleniumhq\selenium\selenium-devtools-v106\4.6.0\selenium-devtools-v106-4.6.0.jar;C:\Users\ASUS\.m2\repository\org\seleniumhq\selenium\selenium-devt
Launcher Type: SUN_STANDARD

[Global flags]
     intx CICompilerCount                          = 4                                         {product} {ergonomic}
     uint ConcGCThreads                            = 2                                         {product} {ergonomic}
     uint G1ConcRefinementThreads                  = 8                                         {product} {ergonomic}
   size_t G1HeapRegionSize                         = 1048576                                   {product} {ergonomic}
    uintx GCDrainStackTargetSize                   = 64                                        {product} {ergonomic}
   size_t InitialHeapSize                          = 100663296                                 {product} {ergonomic}
   size_t MarkStackSize                            = 4194304                                   {product} {ergonomic}
   size_t MaxHeapSize                              = 1598029824                                {product} {ergonomic}
   size_t MaxNewSize                               = 958398464                                 {product} {ergonomic}
   size_t MinHeapDeltaBytes                        = 1048576                                   {product} {ergonomic}
    uintx NonNMethodCodeHeapSize                   = 5836300                                {pd product} {ergonomic}
    uintx NonProfiledCodeHeapSize                  = 122910970                              {pd product} {ergonomic}
    uintx ProfiledCodeHeapSize                     = 122910970                              {pd product} {ergonomic}
    uintx ReservedCodeCacheSize                    = 251658240                              {pd product} {ergonomic}
     bool SegmentedCodeCache                       = true                                      {product} {ergonomic}
     bool UseCompressedClassPointers               = true                                 {lp64_product} {ergonomic}
     bool UseCompressedOops                        = true                                 {lp64_product} {ergonomic}
     bool UseG1GC                                  = true                                      {product} {ergonomic}
     bool UseLargePagesIndividualAllocation        = false                                  {pd product} {ergonomic}

Logging:
Log output configuration:
 #0: stdout all=warning uptime,level,tags
 #1: stderr all=off uptime,level,tags

Environment Variables:
PATH=C:\WINDOWS\system32;C:\WINDOWS;C:\WINDOWS\System32\Wbem;C:\WINDOWS\System32\WindowsPowerShell\v1.0\;C:\WINDOWS\System32\OpenSSH\;C:\Program Files\Git\cmd;C:\Program Files\jdk-11.0.16.1\bin;C:\Program Files\apache-maven-3.8.7\bin;;C:\Program Files\Docker\Docker\resources\bin;C:\Program Files\MySQL\MySQL Shell 8.0\bin\;C:\Users\ASUS\AppData\Local\Microsoft\WindowsApps;;C:\Users\ASUS\IntelliJ IDEA Community Edition 2022.3\bin;;C:\Users\ASUS\AppData\Local\Programs\Microsoft VS Code\bin
USERNAME=ASUS
OS=Windows_NT
PROCESSOR_IDENTIFIER=AMD64 Family 23 Model 24 Stepping 1, AuthenticAMD



---------------  S Y S T E M  ---------------

OS: Windows 10 , 64 bit Build 19041 (10.0.19041.2364)
Hyper-V role detected

CPU:total 8 (initial active 8) (8 cores per cpu, 2 threads per core) family 23 model 24 stepping 1 microcode 0x0, cmov, cx8, fxsr, mmx, sse, sse2, sse3, ssse3, sse4.1, sse4.2, popcnt, avx, avx2, aes, clmul, mmxext, 3dnowpref, lzcnt, sse4a, ht, tsc, tscinvbit, tscinv, bmi1, bmi2, adx, s

Memory: 4k page, system-wide physical 6091M (487M free)
TotalPageFile size 8107M (AvailPageFile size 5M)
current process WorkingSet (physical memory assigned to process): 334M, peak: 375M
current process commit charge ("private bytes"): 376M, peak: 416M

vm_info: Java HotSpot(TM) 64-Bit Server VM (11.0.16.1+1-LTS-1) for windows-amd64 JRE (11.0.16.1+1-LTS-1), built on Aug 16 2022 01:46:01 by "mach5one" with MS VC++ 15.9 (VS2017)

END.
