#
# There is insufficient memory for the Java Runtime Environment to continue.
# Native memory allocation (malloc) failed to allocate 2675856 bytes for Chunk::new
# Possible reasons:
#   The system is out of physical RAM or swap space
#   The process is running with CompressedOops enabled, and the Java Heap may be blocking the growth of the native heap
# Possible solutions:
#   Reduce memory load on the system
#   Increase physical memory or swap space
#   Check if swap backing store is full
#   Decrease Java heap size (-Xmx/-Xms)
#   Decrease number of Java threads
#   Decrease Java thread stack sizes (-Xss)
#   Set larger code cache with -XX:ReservedCodeCacheSize=
#   JVM is running with Unscaled Compressed Oops mode in which the Java heap is
#     placed in the first 4GB address space. The Java Heap base address is the
#     maximum limit for the native heap growth. Please use -XX:HeapBaseMinAddress
#     to set the Java Heap base and to place the Java Heap above 4GB virtual address.
# This output file may be truncated or incomplete.
#
#  Out of Memory Error (./open/src/hotspot/share/memory/arena.cpp:197), pid=11620, tid=1608
#
# JRE version: Java(TM) SE Runtime Environment 18.9 (11.0.16.1+1) (build 11.0.16.1+1-LTS-1)
# Java VM: Java HotSpot(TM) 64-Bit Server VM 18.9 (11.0.16.1+1-LTS-1, mixed mode, tiered, compressed oops, g1 gc, windows-amd64)
# No core dump will be written. Minidumps are not enabled by default on client versions of Windows
#

---------------  S U M M A R Y ------------

Command Line: -ea -javaagent:C:\Users\ASUS\.m2\repository/org/aspectj/aspectjweaver/1.9.2/aspectjweaver-1.9.2.jar -Didea.test.cyclic.buffer.size=1048576 -javaagent:C:\Users\ASUS\IntelliJ IDEA Community Edition 2022.3\lib\idea_rt.jar=51020:C:\Users\ASUS\IntelliJ IDEA Community Edition 2022.3\bin -Dfile.encoding=UTF-8 com.intellij.rt.testng.RemoteTestNGStarter -usedefaultlisteners false -socket51019 @w@C:\Users\ASUS\AppData\Local\Temp\idea_working_dirs_testng.tmp -temp C:\Users\ASUS\AppData\Local\Temp\idea_testng.tmp

Host: AMD Ryzen 5 3500U with Radeon Vega Mobile Gfx  , 8 cores, 5G,  Windows 10 , 64 bit Build 19041 (10.0.19041.2364)
Time: Wed Feb 15 19:38:27 2023  Windows 10 , 64 bit Build 19041 (10.0.19041.2364) elapsed time: 8.796457 seconds (0d 0h 0m 8s)

---------------  T H R E A D  ---------------

Current thread (0x000001bccaf9a800):  JavaThread "C2 CompilerThread0" daemon [_thread_in_native, id=1608, stack(0x00000040ea500000,0x00000040ea600000)]


Current CompileTask:
C2:   8796 3788       4       org.aspectj.apache.bcel.generic.MethodGen::<init> (925 bytes)

Stack: [0x00000040ea500000,0x00000040ea600000]
Native frames: (J=compiled Java code, j=interpreted, Vv=VM code, C=native code)
V  [jvm.dll+0x62a3da]
V  [jvm.dll+0x76407f]
V  [jvm.dll+0x765729]
V  [jvm.dll+0x765db3]
V  [jvm.dll+0x23dc18]
V  [jvm.dll+0xb2a1c]
V  [jvm.dll+0xb2fdc]
V  [jvm.dll+0x341452]
V  [jvm.dll+0x18ce11]
V  [jvm.dll+0x1f8792]
V  [jvm.dll+0x1f786d]
V  [jvm.dll+0x177c81]
V  [jvm.dll+0x207186]
V  [jvm.dll+0x20531b]
V  [jvm.dll+0x729f60]
V  [jvm.dll+0x722b34]
V  [jvm.dll+0x629276]
C  [ucrtbase.dll+0x21bb2]
C  [KERNEL32.DLL+0x17614]
C  [ntdll.dll+0x526a1]


---------------  P R O C E S S  ---------------

Threads class SMR info:
_java_thread_list=0x000001bcced93600, length=23, elements={
0x000001bcae298000, 0x000001bccaf6c000, 0x000001bccaf75000, 0x000001bccb8f3000,
0x000001bccaf8b000, 0x000001bccaf8d000, 0x000001bccaf9a800, 0x000001bccafa1000,
0x000001bccafa2800, 0x000001bccbb8e800, 0x000001bccbc5a000, 0x000001bccc9ad000,
0x000001bcd221f000, 0x000001bccd432800, 0x000001bcd0e2d800, 0x000001bcd046a000,
0x000001bcce929800, 0x000001bcd05dd800, 0x000001bccf9d2800, 0x000001bcd080a000,
0x000001bcd2325800, 0x000001bcd2325000, 0x000001bcce97e000
}

Java Threads: ( => current thread )
  0x000001bcae298000 JavaThread "Forwarding newSession on session null to remote" [_thread_blocked, id=10940, stack(0x00000040e9900000,0x00000040e9a00000)]
  0x000001bccaf6c000 JavaThread "Reference Handler" daemon [_thread_blocked, id=13728, stack(0x00000040ea000000,0x00000040ea100000)]
  0x000001bccaf75000 JavaThread "Finalizer" daemon [_thread_blocked, id=6660, stack(0x00000040ea100000,0x00000040ea200000)]
  0x000001bccb8f3000 JavaThread "Signal Dispatcher" daemon [_thread_blocked, id=10472, stack(0x00000040ea200000,0x00000040ea300000)]
  0x000001bccaf8b000 JavaThread "Attach Listener" daemon [_thread_blocked, id=148, stack(0x00000040ea300000,0x00000040ea400000)]
  0x000001bccaf8d000 JavaThread "Service Thread" daemon [_thread_blocked, id=6372, stack(0x00000040ea400000,0x00000040ea500000)]
=>0x000001bccaf9a800 JavaThread "C2 CompilerThread0" daemon [_thread_in_native, id=1608, stack(0x00000040ea500000,0x00000040ea600000)]
  0x000001bccafa1000 JavaThread "C1 CompilerThread0" daemon [_thread_blocked, id=10780, stack(0x00000040ea600000,0x00000040ea700000)]
  0x000001bccafa2800 JavaThread "Sweeper thread" daemon [_thread_blocked, id=13376, stack(0x00000040ea700000,0x00000040ea800000)]
  0x000001bccbb8e800 JavaThread "Common-Cleaner" daemon [_thread_blocked, id=10868, stack(0x00000040ea800000,0x00000040ea900000)]
  0x000001bccbc5a000 JavaThread "C2 CompilerThread1" daemon [_thread_blocked, id=7808, stack(0x00000040ea900000,0x00000040eaa00000)]
  0x000001bccc9ad000 JavaThread "Monitor Ctrl-Break" daemon [_thread_in_native, id=7656, stack(0x00000040eac00000,0x00000040ead00000)]
  0x000001bcd221f000 JavaThread "ForkJoinPool.commonPool-worker-3" daemon [_thread_blocked, id=9448, stack(0x00000040eaf00000,0x00000040eb000000)]
  0x000001bccd432800 JavaThread "AsyncHttpClient-1-1" daemon [_thread_blocked, id=12084, stack(0x00000040eb000000,0x00000040eb100000)]
  0x000001bcd0e2d800 JavaThread "Exec Default Executor" daemon [_thread_in_native, id=14048, stack(0x00000040eb200000,0x00000040eb300000)]
  0x000001bcd046a000 JavaThread "Driver Service Executor" daemon [_thread_blocked, id=4232, stack(0x00000040eb300000,0x00000040eb400000)]
  0x000001bcce929800 JavaThread "Driver Service Executor" daemon [_thread_blocked, id=2668, stack(0x00000040eb400000,0x00000040eb500000)]
  0x000001bcd05dd800 JavaThread "UrlChecker-2" daemon [_thread_blocked, id=5024, stack(0x00000040eb500000,0x00000040eb600000)]
  0x000001bccf9d2800 JavaThread "Exec Stream Pumper" daemon [_thread_in_native, id=12684, stack(0x00000040eb700000,0x00000040eb800000)]
  0x000001bcd080a000 JavaThread "Exec Stream Pumper" daemon [_thread_in_native, id=11856, stack(0x00000040eb800000,0x00000040eb900000)]
  0x000001bcd2325800 JavaThread "Keep-Alive-Timer" daemon [_thread_blocked, id=8968, stack(0x00000040eb900000,0x00000040eba00000)]
  0x000001bcd2325000 JavaThread "AsyncHttpClient-1-2" daemon [_thread_in_native, id=1260, stack(0x00000040eaa00000,0x00000040eab00000)]
  0x000001bcce97e000 JavaThread "C2 CompilerThread2" daemon [_thread_blocked, id=12576, stack(0x00000040eba00000,0x00000040ebb00000)]

Other Threads:
  0x000001bccaf4a000 VMThread "VM Thread" [stack: 0x00000040e9f00000,0x00000040ea000000] [id=10296]
  0x000001bccc71c800 WatcherThread [stack: 0x00000040ead00000,0x00000040eae00000] [id=8212]
  0x000001bcae2ad800 GCTaskThread "GC Thread#0" [stack: 0x00000040e9a00000,0x00000040e9b00000] [id=1392]
  0x000001bccceed800 GCTaskThread "GC Thread#1" [stack: 0x00000040eab00000,0x00000040eac00000] [id=12936]
  0x000001bcd0147800 GCTaskThread "GC Thread#2" [stack: 0x00000040eb100000,0x00000040eb200000] [id=13772]
  0x000001bcae2d5000 ConcurrentGCThread "G1 Main Marker" [stack: 0x00000040e9b00000,0x00000040e9c00000] [id=7816]
  0x000001bcae2d7800 ConcurrentGCThread "G1 Conc#0" [stack: 0x00000040e9c00000,0x00000040e9d00000] [id=5376]
  0x000001bcced38800 ConcurrentGCThread "G1 Conc#1" [stack: 0x00000040eae00000,0x00000040eaf00000] [id=11764]
  0x000001bcae35c800 ConcurrentGCThread "G1 Refine#0" [stack: 0x00000040e9d00000,0x00000040e9e00000] [id=1912]
  0x000001bcae35d800 ConcurrentGCThread "G1 Young RemSet Sampling" [stack: 0x00000040e9e00000,0x00000040e9f00000] [id=6552]

Threads with active compile tasks:
C2 CompilerThread0     8813 3788       4       org.aspectj.apache.bcel.generic.MethodGen::<init> (925 bytes)

VM state:not at safepoint (normal execution)

VM Mutex/Monitor currently owned by a thread: None

Heap address: 0x00000000a0c00000, size: 1524 MB, Compressed Oops mode: 32-bit
Narrow klass base: 0x0000000000000000, Narrow klass shift: 3
Compressed class space size: 1073741824 Address: 0x0000000100000000

Heap:
 garbage-first heap   total 143360K, used 91693K [0x00000000a0c00000, 0x0000000100000000)
  region size 1024K, 33 young (33792K), 5 survivors (5120K)
 Metaspace       used 39087K, capacity 40113K, committed 40188K, reserved 1085440K
  class space    used 4357K, capacity 4798K, committed 4864K, reserved 1048576K
Heap Regions: E=young(eden), S=young(survivor), O=old, HS=humongous(starts), HC=humongous(continues), CS=collection set, F=free, A=archive, TAMS=top-at-mark-start (previous, next)
|   0|0x00000000a0c00000, 0x00000000a0d00000, 0x00000000a0d00000|100%|HS|  |TAMS 0x00000000a0d00000, 0x00000000a0c00000| Complete 
|   1|0x00000000a0d00000, 0x00000000a0e00000, 0x00000000a0e00000|100%|HC|  |TAMS 0x00000000a0e00000, 0x00000000a0d00000| Complete 
|   2|0x00000000a0e00000, 0x00000000a0f00000, 0x00000000a0f00000|100%| O|  |TAMS 0x00000000a0f00000, 0x00000000a0e00000| Untracked 
|   3|0x00000000a0f00000, 0x00000000a1000000, 0x00000000a1000000|100%| O|  |TAMS 0x00000000a1000000, 0x00000000a0f00000| Untracked 
|   4|0x00000000a1000000, 0x00000000a1100000, 0x00000000a1100000|100%| O|  |TAMS 0x00000000a1100000, 0x00000000a1000000| Untracked 
|   5|0x00000000a1100000, 0x00000000a1200000, 0x00000000a1200000|100%| O|  |TAMS 0x00000000a1200000, 0x00000000a1100000| Untracked 
|   6|0x00000000a1200000, 0x00000000a1300000, 0x00000000a1300000|100%| O|  |TAMS 0x00000000a1300000, 0x00000000a1200000| Untracked 
|   7|0x00000000a1300000, 0x00000000a1400000, 0x00000000a1400000|100%| O|  |TAMS 0x00000000a1400000, 0x00000000a1300000| Untracked 
|   8|0x00000000a1400000, 0x00000000a1500000, 0x00000000a1500000|100%| O|  |TAMS 0x00000000a1500000, 0x00000000a1400000| Untracked 
|   9|0x00000000a1500000, 0x00000000a1600000, 0x00000000a1600000|100%| O|  |TAMS 0x00000000a1600000, 0x00000000a1500000| Untracked 
|  10|0x00000000a1600000, 0x00000000a1700000, 0x00000000a1700000|100%| O|  |TAMS 0x00000000a1700000, 0x00000000a1600000| Untracked 
|  11|0x00000000a1700000, 0x00000000a1800000, 0x00000000a1800000|100%| O|  |TAMS 0x00000000a1800000, 0x00000000a1700000| Untracked 
|  12|0x00000000a1800000, 0x00000000a1900000, 0x00000000a1900000|100%| O|  |TAMS 0x00000000a1900000, 0x00000000a1800000| Untracked 
|  13|0x00000000a1900000, 0x00000000a1a00000, 0x00000000a1a00000|100%| O|  |TAMS 0x00000000a1a00000, 0x00000000a1900000| Untracked 
|  14|0x00000000a1a00000, 0x00000000a1b00000, 0x00000000a1b00000|100%| O|  |TAMS 0x00000000a1b00000, 0x00000000a1a00000| Untracked 
|  15|0x00000000a1b00000, 0x00000000a1c00000, 0x00000000a1c00000|100%| O|  |TAMS 0x00000000a1c00000, 0x00000000a1b00000| Untracked 
|  16|0x00000000a1c00000, 0x00000000a1d00000, 0x00000000a1d00000|100%| O|  |TAMS 0x00000000a1d00000, 0x00000000a1c00000| Untracked 
|  17|0x00000000a1d00000, 0x00000000a1e00000, 0x00000000a1e00000|100%| O|  |TAMS 0x00000000a1e00000, 0x00000000a1d00000| Untracked 
|  18|0x00000000a1e00000, 0x00000000a1f00000, 0x00000000a1f00000|100%| O|  |TAMS 0x00000000a1f00000, 0x00000000a1e00000| Untracked 
|  19|0x00000000a1f00000, 0x00000000a2000000, 0x00000000a2000000|100%| O|  |TAMS 0x00000000a2000000, 0x00000000a1f00000| Untracked 
|  20|0x00000000a2000000, 0x00000000a2100000, 0x00000000a2100000|100%| O|  |TAMS 0x00000000a2100000, 0x00000000a2000000| Untracked 
|  21|0x00000000a2100000, 0x00000000a2200000, 0x00000000a2200000|100%| O|  |TAMS 0x00000000a2200000, 0x00000000a2100000| Untracked 
|  22|0x00000000a2200000, 0x00000000a2300000, 0x00000000a2300000|100%| O|  |TAMS 0x00000000a2300000, 0x00000000a2200000| Untracked 
|  23|0x00000000a2300000, 0x00000000a2400000, 0x00000000a2400000|100%| O|  |TAMS 0x00000000a2400000, 0x00000000a2300000| Untracked 
|  24|0x00000000a2400000, 0x00000000a2500000, 0x00000000a2500000|100%| O|  |TAMS 0x00000000a2500000, 0x00000000a2400000| Untracked 
|  25|0x00000000a2500000, 0x00000000a2600000, 0x00000000a2600000|100%| O|  |TAMS 0x00000000a2600000, 0x00000000a2500000| Untracked 
|  26|0x00000000a2600000, 0x00000000a2700000, 0x00000000a2700000|100%| O|  |TAMS 0x00000000a2700000, 0x00000000a2600000| Untracked 
|  27|0x00000000a2700000, 0x00000000a2800000, 0x00000000a2800000|100%| O|  |TAMS 0x00000000a2800000, 0x00000000a2700000| Untracked 
|  28|0x00000000a2800000, 0x00000000a2900000, 0x00000000a2900000|100%| O|  |TAMS 0x00000000a2900000, 0x00000000a2800000| Untracked 
|  29|0x00000000a2900000, 0x00000000a2a00000, 0x00000000a2a00000|100%| O|  |TAMS 0x00000000a2a00000, 0x00000000a2900000| Untracked 
|  30|0x00000000a2a00000, 0x00000000a2b00000, 0x00000000a2b00000|100%| O|  |TAMS 0x00000000a2b00000, 0x00000000a2a00000| Untracked 
|  31|0x00000000a2b00000, 0x00000000a2c00000, 0x00000000a2c00000|100%| O|  |TAMS 0x00000000a2c00000, 0x00000000a2b00000| Untracked 
|  32|0x00000000a2c00000, 0x00000000a2d00000, 0x00000000a2d00000|100%| O|  |TAMS 0x00000000a2d00000, 0x00000000a2c00000| Untracked 
|  33|0x00000000a2d00000, 0x00000000a2e00000, 0x00000000a2e00000|100%| O|  |TAMS 0x00000000a2e00000, 0x00000000a2d00000| Untracked 
|  34|0x00000000a2e00000, 0x00000000a2f00000, 0x00000000a2f00000|100%| O|  |TAMS 0x00000000a2f00000, 0x00000000a2e00000| Untracked 
|  35|0x00000000a2f00000, 0x00000000a3000000, 0x00000000a3000000|100%| O|  |TAMS 0x00000000a3000000, 0x00000000a2f00000| Untracked 
|  36|0x00000000a3000000, 0x00000000a3100000, 0x00000000a3100000|100%| O|  |TAMS 0x00000000a3100000, 0x00000000a3000000| Untracked 
|  37|0x00000000a3100000, 0x00000000a3200000, 0x00000000a3200000|100%| O|  |TAMS 0x00000000a3200000, 0x00000000a3100000| Untracked 
|  38|0x00000000a3200000, 0x00000000a3300000, 0x00000000a3300000|100%| O|  |TAMS 0x00000000a3300000, 0x00000000a3200000| Untracked 
|  39|0x00000000a3300000, 0x00000000a3400000, 0x00000000a3400000|100%| O|  |TAMS 0x00000000a3400000, 0x00000000a3300000| Untracked 
|  40|0x00000000a3400000, 0x00000000a3500000, 0x00000000a3500000|100%| O|  |TAMS 0x00000000a3500000, 0x00000000a3400000| Untracked 
|  41|0x00000000a3500000, 0x00000000a3600000, 0x00000000a3600000|100%| O|  |TAMS 0x00000000a3600000, 0x00000000a3500000| Untracked 
|  42|0x00000000a3600000, 0x00000000a3700000, 0x00000000a3700000|100%| O|  |TAMS 0x00000000a3700000, 0x00000000a3600000| Untracked 
|  43|0x00000000a3700000, 0x00000000a3800000, 0x00000000a3800000|100%| O|  |TAMS 0x00000000a3800000, 0x00000000a3700000| Untracked 
|  44|0x00000000a3800000, 0x00000000a3900000, 0x00000000a3900000|100%| O|  |TAMS 0x00000000a3900000, 0x00000000a3800000| Untracked 
|  45|0x00000000a3900000, 0x00000000a3a00000, 0x00000000a3a00000|100%| O|  |TAMS 0x00000000a3a00000, 0x00000000a3900000| Untracked 
|  46|0x00000000a3a00000, 0x00000000a3b00000, 0x00000000a3b00000|100%| O|  |TAMS 0x00000000a3b00000, 0x00000000a3a00000| Untracked 
|  47|0x00000000a3b00000, 0x00000000a3c00000, 0x00000000a3c00000|100%| O|  |TAMS 0x00000000a3c00000, 0x00000000a3b00000| Untracked 
|  48|0x00000000a3c00000, 0x00000000a3d00000, 0x00000000a3d00000|100%| O|  |TAMS 0x00000000a3c92600, 0x00000000a3c00000| Untracked 
|  49|0x00000000a3d00000, 0x00000000a3e00000, 0x00000000a3e00000|100%| O|  |TAMS 0x00000000a3d00000, 0x00000000a3d00000| Untracked 
|  50|0x00000000a3e00000, 0x00000000a3f00000, 0x00000000a3f00000|100%| O|  |TAMS 0x00000000a3e00000, 0x00000000a3e00000| Untracked 
|  51|0x00000000a3f00000, 0x00000000a4000000, 0x00000000a4000000|100%| O|  |TAMS 0x00000000a3f00000, 0x00000000a3f00000| Untracked 
|  52|0x00000000a4000000, 0x00000000a4100000, 0x00000000a4100000|100%| O|  |TAMS 0x00000000a4000000, 0x00000000a4000000| Untracked 
|  53|0x00000000a4100000, 0x00000000a4200000, 0x00000000a4200000|100%|HS|  |TAMS 0x00000000a4100000, 0x00000000a4100000| Complete 
|  54|0x00000000a4200000, 0x00000000a4300000, 0x00000000a4300000|100%|HC|  |TAMS 0x00000000a4200000, 0x00000000a4200000| Complete 
|  55|0x00000000a4300000, 0x00000000a4400000, 0x00000000a4400000|100%|HC|  |TAMS 0x00000000a4300000, 0x00000000a4300000| Complete 
|  56|0x00000000a4400000, 0x00000000a4500000, 0x00000000a4500000|100%|HC|  |TAMS 0x00000000a4400000, 0x00000000a4400000| Complete 
|  57|0x00000000a4500000, 0x00000000a4600000, 0x00000000a4600000|100%|HC|  |TAMS 0x00000000a4500000, 0x00000000a4500000| Complete 
|  58|0x00000000a4600000, 0x00000000a4600000, 0x00000000a4700000|  0%| F|  |TAMS 0x00000000a4600000, 0x00000000a4600000| Untracked 
|  59|0x00000000a4700000, 0x00000000a4700000, 0x00000000a4800000|  0%| F|  |TAMS 0x00000000a4700000, 0x00000000a4700000| Untracked 
|  60|0x00000000a4800000, 0x00000000a4800000, 0x00000000a4900000|  0%| F|  |TAMS 0x00000000a4800000, 0x00000000a4800000| Untracked 
|  61|0x00000000a4900000, 0x00000000a4900000, 0x00000000a4a00000|  0%| F|  |TAMS 0x00000000a4900000, 0x00000000a4900000| Untracked 
|  62|0x00000000a4a00000, 0x00000000a4a00000, 0x00000000a4b00000|  0%| F|  |TAMS 0x00000000a4a00000, 0x00000000a4a00000| Untracked 
|  63|0x00000000a4b00000, 0x00000000a4b00000, 0x00000000a4c00000|  0%| F|  |TAMS 0x00000000a4b00000, 0x00000000a4b00000| Untracked 
|  64|0x00000000a4c00000, 0x00000000a4c00000, 0x00000000a4d00000|  0%| F|  |TAMS 0x00000000a4c00000, 0x00000000a4c00000| Untracked 
|  65|0x00000000a4d00000, 0x00000000a4d00000, 0x00000000a4e00000|  0%| F|  |TAMS 0x00000000a4d00000, 0x00000000a4d00000| Untracked 
|  66|0x00000000a4e00000, 0x00000000a4e00000, 0x00000000a4f00000|  0%| F|  |TAMS 0x00000000a4e00000, 0x00000000a4e00000| Untracked 
|  67|0x00000000a4f00000, 0x00000000a4f00000, 0x00000000a5000000|  0%| F|  |TAMS 0x00000000a4f00000, 0x00000000a4f00000| Untracked 
|  68|0x00000000a5000000, 0x00000000a5000000, 0x00000000a5100000|  0%| F|  |TAMS 0x00000000a5000000, 0x00000000a5000000| Untracked 
|  69|0x00000000a5100000, 0x00000000a5100000, 0x00000000a5200000|  0%| F|  |TAMS 0x00000000a5100000, 0x00000000a5100000| Untracked 
|  70|0x00000000a5200000, 0x00000000a5200000, 0x00000000a5300000|  0%| F|  |TAMS 0x00000000a5200000, 0x00000000a5200000| Untracked 
|  71|0x00000000a5300000, 0x00000000a5300000, 0x00000000a5400000|  0%| F|  |TAMS 0x00000000a5300000, 0x00000000a5300000| Untracked 
|  72|0x00000000a5400000, 0x00000000a5400000, 0x00000000a5500000|  0%| F|  |TAMS 0x00000000a5400000, 0x00000000a5400000| Untracked 
|  73|0x00000000a5500000, 0x00000000a5500000, 0x00000000a5600000|  0%| F|  |TAMS 0x00000000a5500000, 0x00000000a5500000| Untracked 
|  74|0x00000000a5600000, 0x00000000a5600000, 0x00000000a5700000|  0%| F|  |TAMS 0x00000000a5600000, 0x00000000a5600000| Untracked 
|  75|0x00000000a5700000, 0x00000000a5700000, 0x00000000a5800000|  0%| F|  |TAMS 0x00000000a5700000, 0x00000000a5700000| Untracked 
|  76|0x00000000a5800000, 0x00000000a5800000, 0x00000000a5900000|  0%| F|  |TAMS 0x00000000a5800000, 0x00000000a5800000| Untracked 
|  77|0x00000000a5900000, 0x00000000a5900000, 0x00000000a5a00000|  0%| F|  |TAMS 0x00000000a5900000, 0x00000000a5900000| Untracked 
|  78|0x00000000a5a00000, 0x00000000a5a00000, 0x00000000a5b00000|  0%| F|  |TAMS 0x00000000a5a00000, 0x00000000a5a00000| Untracked 
|  79|0x00000000a5b00000, 0x00000000a5b00000, 0x00000000a5c00000|  0%| F|  |TAMS 0x00000000a5b00000, 0x00000000a5b00000| Untracked 
|  80|0x00000000a5c00000, 0x00000000a5c00000, 0x00000000a5d00000|  0%| F|  |TAMS 0x00000000a5c00000, 0x00000000a5c00000| Untracked 
|  81|0x00000000a5d00000, 0x00000000a5d00000, 0x00000000a5e00000|  0%| F|  |TAMS 0x00000000a5d00000, 0x00000000a5d00000| Untracked 
|  82|0x00000000a5e00000, 0x00000000a5e8b650, 0x00000000a5f00000| 54%| S|CS|TAMS 0x00000000a5e00000, 0x00000000a5e00000| Complete 
|  83|0x00000000a5f00000, 0x00000000a6000000, 0x00000000a6000000|100%| S|CS|TAMS 0x00000000a5f00000, 0x00000000a5f00000| Complete 
|  84|0x00000000a6000000, 0x00000000a6100000, 0x00000000a6100000|100%| S|CS|TAMS 0x00000000a6000000, 0x00000000a6000000| Complete 
|  85|0x00000000a6100000, 0x00000000a6200000, 0x00000000a6200000|100%| S|CS|TAMS 0x00000000a6100000, 0x00000000a6100000| Complete 
|  86|0x00000000a6200000, 0x00000000a6300000, 0x00000000a6300000|100%| S|CS|TAMS 0x00000000a6200000, 0x00000000a6200000| Complete 
|  87|0x00000000a6300000, 0x00000000a6300000, 0x00000000a6400000|  0%| F|  |TAMS 0x00000000a6300000, 0x00000000a6300000| Untracked 
|  88|0x00000000a6400000, 0x00000000a6400000, 0x00000000a6500000|  0%| F|  |TAMS 0x00000000a6400000, 0x00000000a6400000| Untracked 
|  89|0x00000000a6500000, 0x00000000a6500000, 0x00000000a6600000|  0%| F|  |TAMS 0x00000000a6500000, 0x00000000a6500000| Untracked 
|  90|0x00000000a6600000, 0x00000000a6600000, 0x00000000a6700000|  0%| F|  |TAMS 0x00000000a6600000, 0x00000000a6600000| Untracked 
|  91|0x00000000a6700000, 0x00000000a6700000, 0x00000000a6800000|  0%| F|  |TAMS 0x00000000a6700000, 0x00000000a6700000| Untracked 
|  92|0x00000000a6800000, 0x00000000a6800000, 0x00000000a6900000|  0%| F|  |TAMS 0x00000000a6800000, 0x00000000a6800000| Untracked 
|  93|0x00000000a6900000, 0x00000000a6900000, 0x00000000a6a00000|  0%| F|  |TAMS 0x00000000a6900000, 0x00000000a6900000| Untracked 
|  94|0x00000000a6a00000, 0x00000000a6a00000, 0x00000000a6b00000|  0%| F|  |TAMS 0x00000000a6a00000, 0x00000000a6a00000| Untracked 
|  95|0x00000000a6b00000, 0x00000000a6b00000, 0x00000000a6c00000|  0%| F|  |TAMS 0x00000000a6b00000, 0x00000000a6b00000| Untracked 
|  96|0x00000000a6c00000, 0x00000000a6c00000, 0x00000000a6d00000|  0%| F|  |TAMS 0x00000000a6c00000, 0x00000000a6c00000| Untracked 
|  97|0x00000000a6d00000, 0x00000000a6d00000, 0x00000000a6e00000|  0%| F|  |TAMS 0x00000000a6d00000, 0x00000000a6d00000| Untracked 
|  98|0x00000000a6e00000, 0x00000000a6e00000, 0x00000000a6f00000|  0%| F|  |TAMS 0x00000000a6e00000, 0x00000000a6e00000| Untracked 
|  99|0x00000000a6f00000, 0x00000000a6f00000, 0x00000000a7000000|  0%| F|  |TAMS 0x00000000a6f00000, 0x00000000a6f00000| Untracked 
| 100|0x00000000a7000000, 0x00000000a7000000, 0x00000000a7100000|  0%| F|  |TAMS 0x00000000a7000000, 0x00000000a7000000| Untracked 
| 101|0x00000000a7100000, 0x00000000a7100000, 0x00000000a7200000|  0%| F|  |TAMS 0x00000000a7100000, 0x00000000a7100000| Untracked 
| 102|0x00000000a7200000, 0x00000000a7200000, 0x00000000a7300000|  0%| F|  |TAMS 0x00000000a7200000, 0x00000000a7200000| Untracked 
| 103|0x00000000a7300000, 0x00000000a7300000, 0x00000000a7400000|  0%| F|  |TAMS 0x00000000a7300000, 0x00000000a7300000| Untracked 
| 104|0x00000000a7400000, 0x00000000a7400000, 0x00000000a7500000|  0%| F|  |TAMS 0x00000000a7400000, 0x00000000a7400000| Untracked 
| 105|0x00000000a7500000, 0x00000000a7500000, 0x00000000a7600000|  0%| F|  |TAMS 0x00000000a7500000, 0x00000000a7500000| Untracked 
| 106|0x00000000a7600000, 0x00000000a7600000, 0x00000000a7700000|  0%| F|  |TAMS 0x00000000a7600000, 0x00000000a7600000| Untracked 
| 107|0x00000000a7700000, 0x00000000a7700000, 0x00000000a7800000|  0%| F|  |TAMS 0x00000000a7700000, 0x00000000a7700000| Untracked 
| 108|0x00000000a7800000, 0x00000000a7800000, 0x00000000a7900000|  0%| F|  |TAMS 0x00000000a7800000, 0x00000000a7800000| Untracked 
| 109|0x00000000a7900000, 0x00000000a7900000, 0x00000000a7a00000|  0%| F|  |TAMS 0x00000000a7900000, 0x00000000a7900000| Untracked 
| 110|0x00000000a7a00000, 0x00000000a7a00000, 0x00000000a7b00000|  0%| F|  |TAMS 0x00000000a7a00000, 0x00000000a7a00000| Untracked 
| 111|0x00000000a7b00000, 0x00000000a7b00000, 0x00000000a7c00000|  0%| F|  |TAMS 0x00000000a7b00000, 0x00000000a7b00000| Untracked 
| 112|0x00000000a7c00000, 0x00000000a7c4abc8, 0x00000000a7d00000| 29%| E|  |TAMS 0x00000000a7c00000, 0x00000000a7c00000| Complete 
| 113|0x00000000a7d00000, 0x00000000a7e00000, 0x00000000a7e00000|100%| E|CS|TAMS 0x00000000a7d00000, 0x00000000a7d00000| Complete 
| 114|0x00000000a7e00000, 0x00000000a7f00000, 0x00000000a7f00000|100%| E|CS|TAMS 0x00000000a7e00000, 0x00000000a7e00000| Complete 
| 115|0x00000000a7f00000, 0x00000000a8000000, 0x00000000a8000000|100%| E|CS|TAMS 0x00000000a7f00000, 0x00000000a7f00000| Complete 
| 116|0x00000000a8000000, 0x00000000a8100000, 0x00000000a8100000|100%| E|CS|TAMS 0x00000000a8000000, 0x00000000a8000000| Complete 
| 117|0x00000000a8100000, 0x00000000a8200000, 0x00000000a8200000|100%| E|CS|TAMS 0x00000000a8100000, 0x00000000a8100000| Complete 
| 118|0x00000000a8200000, 0x00000000a8300000, 0x00000000a8300000|100%| E|CS|TAMS 0x00000000a8200000, 0x00000000a8200000| Complete 
| 119|0x00000000a8300000, 0x00000000a8400000, 0x00000000a8400000|100%| E|CS|TAMS 0x00000000a8300000, 0x00000000a8300000| Complete 
| 120|0x00000000a8400000, 0x00000000a8500000, 0x00000000a8500000|100%| E|CS|TAMS 0x00000000a8400000, 0x00000000a8400000| Complete 
| 121|0x00000000a8500000, 0x00000000a8600000, 0x00000000a8600000|100%| E|CS|TAMS 0x00000000a8500000, 0x00000000a8500000| Complete 
| 122|0x00000000a8600000, 0x00000000a8700000, 0x00000000a8700000|100%| E|CS|TAMS 0x00000000a8600000, 0x00000000a8600000| Complete 
| 123|0x00000000a8700000, 0x00000000a8800000, 0x00000000a8800000|100%| E|CS|TAMS 0x00000000a8700000, 0x00000000a8700000| Complete 
| 124|0x00000000a8800000, 0x00000000a8900000, 0x00000000a8900000|100%| E|CS|TAMS 0x00000000a8800000, 0x00000000a8800000| Complete 
| 125|0x00000000a8900000, 0x00000000a8a00000, 0x00000000a8a00000|100%| E|CS|TAMS 0x00000000a8900000, 0x00000000a8900000| Complete 
| 126|0x00000000a8a00000, 0x00000000a8b00000, 0x00000000a8b00000|100%| E|CS|TAMS 0x00000000a8a00000, 0x00000000a8a00000| Complete 
| 127|0x00000000a8b00000, 0x00000000a8c00000, 0x00000000a8c00000|100%| E|CS|TAMS 0x00000000a8b00000, 0x00000000a8b00000| Complete 
| 128|0x00000000a8c00000, 0x00000000a8d00000, 0x00000000a8d00000|100%| E|CS|TAMS 0x00000000a8c00000, 0x00000000a8c00000| Complete 
| 129|0x00000000a8d00000, 0x00000000a8e00000, 0x00000000a8e00000|100%| E|CS|TAMS 0x00000000a8d00000, 0x00000000a8d00000| Complete 
| 130|0x00000000a8e00000, 0x00000000a8f00000, 0x00000000a8f00000|100%| E|CS|TAMS 0x00000000a8e00000, 0x00000000a8e00000| Complete 
| 131|0x00000000a8f00000, 0x00000000a9000000, 0x00000000a9000000|100%| E|CS|TAMS 0x00000000a8f00000, 0x00000000a8f00000| Complete 
| 132|0x00000000a9000000, 0x00000000a9100000, 0x00000000a9100000|100%| E|CS|TAMS 0x00000000a9000000, 0x00000000a9000000| Complete 
| 133|0x00000000a9100000, 0x00000000a9200000, 0x00000000a9200000|100%| E|CS|TAMS 0x00000000a9100000, 0x00000000a9100000| Complete 
| 134|0x00000000a9200000, 0x00000000a9300000, 0x00000000a9300000|100%| E|CS|TAMS 0x00000000a9200000, 0x00000000a9200000| Complete 
| 135|0x00000000a9300000, 0x00000000a9400000, 0x00000000a9400000|100%| E|CS|TAMS 0x00000000a9300000, 0x00000000a9300000| Complete 
| 136|0x00000000a9400000, 0x00000000a9500000, 0x00000000a9500000|100%| E|CS|TAMS 0x00000000a9400000, 0x00000000a9400000| Complete 
| 137|0x00000000a9500000, 0x00000000a9600000, 0x00000000a9600000|100%| E|CS|TAMS 0x00000000a9500000, 0x00000000a9500000| Complete 
| 138|0x00000000a9600000, 0x00000000a9700000, 0x00000000a9700000|100%| E|CS|TAMS 0x00000000a9600000, 0x00000000a9600000| Complete 
| 139|0x00000000a9700000, 0x00000000a9800000, 0x00000000a9800000|100%| E|CS|TAMS 0x00000000a9700000, 0x00000000a9700000| Complete 

Card table byte_map: [0x000001bcc4f60000,0x000001bcc5260000] _byte_map_base: 0x000001bcc4a5a000

Marking Bits (Prev, Next): (CMBitMap*) 0x000001bcae2ce4d8, (CMBitMap*) 0x000001bcae2ce510
 Prev Bits: [0x000001bcc5560000, 0x000001bcc6d30000)
 Next Bits: [0x000001bcc6d30000, 0x000001bcc8500000)

Polling page: 0x000001bcac260000

Metaspace:

Usage:
  Non-class:     34.49 MB capacity,    33.92 MB ( 98%) used,   464.62 KB (  1%) free+waste,   120.50 KB ( <1%) overhead. 
      Class:      4.69 MB capacity,     4.26 MB ( 91%) used,   380.13 KB (  8%) free+waste,    60.13 KB (  1%) overhead. 
       Both:     39.17 MB capacity,    38.17 MB ( 97%) used,   844.74 KB (  2%) free+waste,   180.63 KB ( <1%) overhead. 

Virtual space:
  Non-class space:       36.00 MB reserved,      34.50 MB ( 96%) committed 
      Class space:        1.00 GB reserved,       4.75 MB ( <1%) committed 
             Both:        1.04 GB reserved,      39.25 MB (  4%) committed 

Chunk freelists:
   Non-Class:  1.13 KB
       Class:  256 bytes
        Both:  1.38 KB

CodeHeap 'non-profiled nmethods': size=120000Kb used=3632Kb max_used=3632Kb free=116368Kb
 bounds [0x000001bcbd400000, 0x000001bcbd790000, 0x000001bcc4930000]
CodeHeap 'profiled nmethods': size=120000Kb used=9820Kb max_used=9820Kb free=110179Kb
 bounds [0x000001bcb5ed0000, 0x000001bcb6870000, 0x000001bcbd400000]
CodeHeap 'non-nmethods': size=5760Kb used=1213Kb max_used=1270Kb free=4547Kb
 bounds [0x000001bcb5930000, 0x000001bcb5ba0000, 0x000001bcb5ed0000]
 total_blobs=4351 nmethods=3776 adapters=486
 compilation: enabled
              stopped_count=0, restarted_count=0
 full_count=0

Compilation events (10 events):
Event: 8.344 Thread 0x000001bccbc5a000 nmethod 3817 0x000001bcbd782a90 code [0x000001bcbd782c20, 0x000001bcbd783238]
Event: 8.344 Thread 0x000001bccbc5a000 3818       4       org.aspectj.weaver.ReferenceType::getGenericType (14 bytes)
Event: 8.355 Thread 0x000001bccbc5a000 nmethod 3818 0x000001bcbd783510 code [0x000001bcbd7836e0, 0x000001bcbd783b48]
Event: 8.355 Thread 0x000001bccbc5a000 3816       4       org.aspectj.apache.bcel.generic.InstructionList::insert (101 bytes)
Event: 8.360 Thread 0x000001bcce97e000 nmethod 3811 0x000001bcbd784010 code [0x000001bcbd7842c0, 0x000001bcbd786c28]
Event: 8.360 Thread 0x000001bcce97e000 3775       4       org.aspectj.apache.bcel.generic.LocalVariableTag::<init> (42 bytes)
Event: 8.363 Thread 0x000001bccbc5a000 nmethod 3816 0x000001bcbd787d90 code [0x000001bcbd787f20, 0x000001bcbd7884d8]
Event: 8.363 Thread 0x000001bccbc5a000 3812       4       sun.net.util.URLUtil::urlNoFragString (114 bytes)
Event: 8.363 Thread 0x000001bcce97e000 nmethod 3775 0x000001bcbd788610 code [0x000001bcbd788780, 0x000001bcbd788a58]
Event: 8.421 Thread 0x000001bccbc5a000 nmethod 3812 0x000001bcbd788b10 code [0x000001bcbd788dc0, 0x000001bcbd78b080]

GC Heap History (10 events):
Event: 5.183 GC heap before
{Heap before GC invocations=8 (full 0):
 garbage-first heap   total 118784K, used 80040K [0x00000000a0c00000, 0x0000000100000000)
  region size 1024K, 49 young (50176K), 6 survivors (6144K)
 Metaspace       used 28590K, capacity 29305K, committed 29436K, reserved 1075200K
  class space    used 2982K, capacity 3303K, committed 3328K, reserved 1048576K
}
Event: 5.200 GC heap after
{Heap after GC invocations=9 (full 0):
 garbage-first heap   total 118784K, used 39855K [0x00000000a0c00000, 0x0000000100000000)
  region size 1024K, 4 young (4096K), 4 survivors (4096K)
 Metaspace       used 28590K, capacity 29305K, committed 29436K, reserved 1075200K
  class space    used 2982K, capacity 3303K, committed 3328K, reserved 1048576K
}
Event: 5.737 GC heap before
{Heap before GC invocations=9 (full 0):
 garbage-first heap   total 118784K, used 83887K [0x00000000a0c00000, 0x0000000100000000)
  region size 1024K, 47 young (48128K), 4 survivors (4096K)
 Metaspace       used 30192K, capacity 30945K, committed 31228K, reserved 1077248K
  class space    used 3160K, capacity 3509K, committed 3584K, reserved 1048576K
}
Event: 5.756 GC heap after
{Heap after GC invocations=10 (full 0):
 garbage-first heap   total 143360K, used 45056K [0x00000000a0c00000, 0x0000000100000000)
  region size 1024K, 5 young (5120K), 5 survivors (5120K)
 Metaspace       used 30192K, capacity 30945K, committed 31228K, reserved 1077248K
  class space    used 3160K, capacity 3509K, committed 3584K, reserved 1048576K
}
Event: 6.330 GC heap before
{Heap before GC invocations=10 (full 0):
 garbage-first heap   total 143360K, used 96256K [0x00000000a0c00000, 0x0000000100000000)
  region size 1024K, 55 young (56320K), 5 survivors (5120K)
 Metaspace       used 32850K, capacity 33597K, committed 33788K, reserved 1079296K
  class space    used 3484K, capacity 3801K, committed 3840K, reserved 1048576K
}
Event: 6.362 GC heap after
{Heap after GC invocations=11 (full 0):
 garbage-first heap   total 143360K, used 49546K [0x00000000a0c00000, 0x0000000100000000)
  region size 1024K, 5 young (5120K), 5 survivors (5120K)
 Metaspace       used 32850K, capacity 33597K, committed 33788K, reserved 1079296K
  class space    used 3484K, capacity 3801K, committed 3840K, reserved 1048576K
}
Event: 6.915 GC heap before
{Heap before GC invocations=11 (full 0):
 garbage-first heap   total 143360K, used 91530K [0x00000000a0c00000, 0x0000000100000000)
  region size 1024K, 47 young (48128K), 5 survivors (5120K)
 Metaspace       used 35091K, capacity 35889K, committed 36048K, reserved 1081344K
  class space    used 3780K, capacity 4141K, committed 4224K, reserved 1048576K
}
Event: 6.926 GC heap after
{Heap after GC invocations=12 (full 0):
 garbage-first heap   total 143360K, used 54135K [0x00000000a0c00000, 0x0000000100000000)
  region size 1024K, 5 young (5120K), 5 survivors (5120K)
 Metaspace       used 35091K, capacity 35889K, committed 36048K, reserved 1081344K
  class space    used 3780K, capacity 4141K, committed 4224K, reserved 1048576K
}
Event: 7.759 GC heap before
{Heap before GC invocations=13 (full 0):
 garbage-first heap   total 143360K, used 103287K [0x00000000a0c00000, 0x0000000100000000)
  region size 1024K, 53 young (54272K), 5 survivors (5120K)
 Metaspace       used 37764K, capacity 38830K, committed 38908K, reserved 1083392K
  class space    used 4167K, capacity 4605K, committed 4608K, reserved 1048576K
}
Event: 7.768 GC heap after
{Heap after GC invocations=14 (full 0):
 garbage-first heap   total 143360K, used 58925K [0x00000000a0c00000, 0x0000000100000000)
  region size 1024K, 5 young (5120K), 5 survivors (5120K)
 Metaspace       used 37764K, capacity 38830K, committed 38908K, reserved 1083392K
  class space    used 4167K, capacity 4605K, committed 4608K, reserved 1048576K
}

Deoptimization events (10 events):
Event: 6.253 Thread 0x000001bcae298000 Uncommon trap: reason=unstable_if action=reinterpret pc=0x000001bcbd51bb18 method=java.lang.ThreadLocal$ThreadLocalMap.getEntry(Ljava/lang/ThreadLocal;)Ljava/lang/ThreadLocal$ThreadLocalMap$Entry; @ 29 c2
Event: 6.277 Thread 0x000001bcae298000 Uncommon trap: reason=class_check action=maybe_recompile pc=0x000001bcbd65e664 method=org.aspectj.apache.bcel.generic.InstructionList.<init>([B)V @ 257 c2
Event: 6.411 Thread 0x000001bcae298000 Uncommon trap: reason=unloaded action=reinterpret pc=0x000001bcbd69f6cc method=org.aspectj.apache.bcel.classfile.Attribute.readAttribute(Ljava/io/DataInputStream;Lorg/aspectj/apache/bcel/classfile/ConstantPool;)Lorg/aspectj/apache/bcel/classfile/Attribute
Event: 6.619 Thread 0x000001bcae298000 Uncommon trap: reason=unloaded action=reinterpret pc=0x000001bcbd6d4e4c method=org.aspectj.util.GenericSignatureParser.tokenize(Ljava/lang/String;)[Ljava/lang/String; @ 707 c2
Event: 7.003 Thread 0x000001bcae298000 Uncommon trap: reason=unstable_if action=reinterpret pc=0x000001bcbd4894c8 method=java.lang.String.replace(CC)Ljava/lang/String; @ 2 c2
Event: 7.260 Thread 0x000001bcae298000 Uncommon trap: reason=unstable_if action=reinterpret pc=0x000001bcbd5dbc68 method=jdk.internal.org.objectweb.asm.Type.getArgumentsAndReturnSizes(Ljava/lang/String;)I @ 41 c2
Event: 7.260 Thread 0x000001bcae298000 Uncommon trap: reason=unstable_if action=reinterpret pc=0x000001bcbd5fc0f8 method=jdk.internal.org.objectweb.asm.Type.getArgumentsAndReturnSizes(Ljava/lang/String;)I @ 41 c2
Event: 7.707 Thread 0x000001bcae298000 Uncommon trap: reason=class_check action=maybe_recompile pc=0x000001bcbd6a5628 method=org.aspectj.weaver.ReferenceType.isAssignableFrom(Lorg/aspectj/weaver/ResolvedType;Z)Z @ 331 c2
Event: 8.314 Thread 0x000001bcd2325000 Uncommon trap: reason=class_check action=maybe_recompile pc=0x000001bcbd49396c method=java.nio.DirectByteBuffer.<init>(Lsun/nio/ch/DirectBuffer;IIIII)V @ 12 c2
Event: 8.314 Thread 0x000001bcd2325000 Uncommon trap: reason=class_check action=maybe_recompile pc=0x000001bcbd49396c method=java.nio.DirectByteBuffer.<init>(Lsun/nio/ch/DirectBuffer;IIIII)V @ 12 c2

Classes redefined (0 events):
No events

Internal exceptions (10 events):
Event: 7.058 Thread 0x000001bcd05dd800 Exception <a 'java/net/ConnectException'{0x00000000a927a378}: Connection refused: connect> (0x00000000a927a378) thrown at [./open/src/hotspot/share/prims/jni.cpp, line 632]
Event: 7.079 Thread 0x000001bcd05dd800 Exception <a 'java/net/ConnectException'{0x00000000a927b2f8}: Connection refused: connect> (0x00000000a927b2f8) thrown at [./open/src/hotspot/share/prims/jni.cpp, line 632]
Event: 7.121 Thread 0x000001bcd05dd800 Exception <a 'java/net/ConnectException'{0x00000000a927c278}: Connection refused: connect> (0x00000000a927c278) thrown at [./open/src/hotspot/share/prims/jni.cpp, line 632]
Event: 7.259 Thread 0x000001bcae298000 Exception <a 'java/lang/NoSuchMethodError'{0x00000000a8fbedf8}: java.lang.invoke.DirectMethodHandle$Holder.invokeVirtual(Ljava/lang/Object;Ljava/lang/Object;)D> (0x00000000a8fbedf8) thrown at [./open/src/hotspot/share/interpreter/linkResolver.cpp, line 77
Event: 7.260 Thread 0x000001bcae298000 Exception <a 'java/lang/NoSuchMethodError'{0x00000000a8fc4bb0}: java.lang.invoke.DirectMethodHandle$Holder.invokeVirtual(Ljava/lang/Object;Ljava/lang/Object;)F> (0x00000000a8fc4bb0) thrown at [./open/src/hotspot/share/interpreter/linkResolver.cpp, line 77
Event: 7.261 Thread 0x000001bcae298000 Exception <a 'java/lang/NoSuchMethodError'{0x00000000a8fcd048}: java.lang.invoke.DirectMethodHandle$Holder.invokeVirtual(Ljava/lang/Object;Ljava/lang/Object;)J> (0x00000000a8fcd048) thrown at [./open/src/hotspot/share/interpreter/linkResolver.cpp, line 77
Event: 7.351 Thread 0x000001bcae298000 Exception <a 'java/lang/NoSuchMethodError'{0x00000000a89116d0}: java.lang.invoke.DirectMethodHandle$Holder.invokeSpecial(Ljava/lang/Object;Ljava/lang/Object;Ljava/lang/Object;Ljava/lang/Object;Ljava/lang/Object;)V> (0x00000000a89116d0) thrown at [./open/s
Event: 7.352 Thread 0x000001bcae298000 Exception <a 'java/lang/NoSuchMethodError'{0x00000000a89188a8}: java.lang.invoke.DirectMethodHandle$Holder.invokeStatic(Ljava/lang/Object;Ljava/lang/Object;I)V> (0x00000000a89188a8) thrown at [./open/src/hotspot/share/interpreter/linkResolver.cpp, line 77
Event: 7.485 Thread 0x000001bcae298000 Exception <a 'java/lang/NoSuchMethodError'{0x00000000a7f62270}: java.lang.invoke.DirectMethodHandle$Holder.invokeSpecialIFC(Ljava/lang/Object;Ljava/lang/Object;Ljava/lang/Object;)I> (0x00000000a7f62270) thrown at [./open/src/hotspot/share/interpreter/link
Event: 7.714 Thread 0x000001bcae298000 Exception <a 'java/lang/NoSuchMethodError'{0x00000000a674c470}: java.lang.invoke.DirectMethodHandle$Holder.invokeSpecial(Ljava/lang/Object;Ljava/lang/Object;Ljava/lang/Object;Ljava/lang/Object;Ljava/lang/Object;Ljava/lang/Object;)V> (0x00000000a674c470) t

Events (10 events):
Event: 8.314 Thread 0x000001bcd2325000 DEOPT PACKING pc=0x000001bcbd49396c sp=0x00000040eaafd7a0
Event: 8.314 Thread 0x000001bcd2325000 DEOPT UNPACKING pc=0x000001bcb595662f sp=0x00000040eaafd798 mode 2
Event: 8.314 loading class sun/nio/ch/IOVecWrapper
Event: 8.314 loading class sun/nio/ch/IOVecWrapper done
Event: 8.314 loading class sun/nio/ch/IOVecWrapper$Deallocator
Event: 8.314 loading class sun/nio/ch/IOVecWrapper$Deallocator done
Event: 8.315 loading class io/netty/util/internal/PromiseNotificationUtil
Event: 8.315 loading class io/netty/util/internal/PromiseNotificationUtil done
Event: 8.316 loading class org/asynchttpclient/AsyncHandler$State
Event: 8.316 loading class org/asynchttpclient/AsyncHandler$State done


Dynamic libraries:
0x00007ff7b9060000 - 0x00007ff7b906f000 	C:\Program Files\jdk-11.0.16.1\bin\java.exe
0x00007ffd22290000 - 0x00007ffd22488000 	C:\WINDOWS\SYSTEM32\ntdll.dll
0x00007ffd22020000 - 0x00007ffd220df000 	C:\WINDOWS\System32\KERNEL32.DLL
0x00007ffd1fd90000 - 0x00007ffd20062000 	C:\WINDOWS\System32\KERNELBASE.dll
0x00007ffd1fc20000 - 0x00007ffd1fd20000 	C:\WINDOWS\System32\ucrtbase.dll
0x00007ffcd2440000 - 0x00007ffcd2455000 	C:\Program Files\jdk-11.0.16.1\bin\VCRUNTIME140.dll
0x00007ffcd2420000 - 0x00007ffcd2438000 	C:\Program Files\jdk-11.0.16.1\bin\jli.dll
0x00007ffd217e0000 - 0x00007ffd2188e000 	C:\WINDOWS\System32\ADVAPI32.dll
0x00007ffd218d0000 - 0x00007ffd2196e000 	C:\WINDOWS\System32\msvcrt.dll
0x00007ffd20590000 - 0x00007ffd2062c000 	C:\WINDOWS\System32\sechost.dll
0x00007ffd21b80000 - 0x00007ffd21ca5000 	C:\WINDOWS\System32\RPCRT4.dll
0x00007ffd203e0000 - 0x00007ffd20581000 	C:\WINDOWS\System32\USER32.dll
0x00007ffd202a0000 - 0x00007ffd202c2000 	C:\WINDOWS\System32\win32u.dll
0x00007ffd10150000 - 0x00007ffd103ea000 	C:\WINDOWS\WinSxS\amd64_microsoft.windows.common-controls_6595b64144ccf1df_6.0.19041.1110_none_60b5254171f9507e\COMCTL32.dll
0x00007ffd212a0000 - 0x00007ffd212cb000 	C:\WINDOWS\System32\GDI32.dll
0x00007ffd1fa30000 - 0x00007ffd1fb3f000 	C:\WINDOWS\System32\gdi32full.dll
0x00007ffd200a0000 - 0x00007ffd2013d000 	C:\WINDOWS\System32\msvcp_win.dll
0x00007ffd171a0000 - 0x00007ffd171aa000 	C:\WINDOWS\SYSTEM32\VERSION.dll
0x00007ffd21890000 - 0x00007ffd218c2000 	C:\WINDOWS\System32\IMM32.DLL
0x00007ffcd2380000 - 0x00007ffcd241b000 	C:\Program Files\jdk-11.0.16.1\bin\msvcp140.dll
0x00007ffccb2c0000 - 0x00007ffccbdd8000 	C:\Program Files\jdk-11.0.16.1\bin\server\jvm.dll
0x00007ffd202d0000 - 0x00007ffd202d8000 	C:\WINDOWS\System32\PSAPI.DLL
0x00007ffd171b0000 - 0x00007ffd171d7000 	C:\WINDOWS\SYSTEM32\WINMM.dll
0x00007ffd12a10000 - 0x00007ffd12a19000 	C:\WINDOWS\SYSTEM32\WSOCK32.dll
0x00007ffd21970000 - 0x00007ffd219db000 	C:\WINDOWS\System32\WS2_32.dll
0x00007ffd1d800000 - 0x00007ffd1d812000 	C:\WINDOWS\SYSTEM32\kernel.appcore.dll
0x00007ffcef180000 - 0x00007ffcef190000 	C:\Program Files\jdk-11.0.16.1\bin\verify.dll
0x00007ffd18c80000 - 0x00007ffd18e64000 	C:\WINDOWS\SYSTEM32\DBGHELP.DLL
0x00007ffd13fc0000 - 0x00007ffd13ff5000 	C:\WINDOWS\SYSTEM32\dbgcore.DLL
0x00007ffd1fb90000 - 0x00007ffd1fc12000 	C:\WINDOWS\System32\bcryptPrimitives.dll
0x00007ffcd26d0000 - 0x00007ffcd26f8000 	C:\Program Files\jdk-11.0.16.1\bin\java.dll
0x00007ffcd26c0000 - 0x00007ffcd26ca000 	C:\Program Files\jdk-11.0.16.1\bin\jimage.dll
0x00007ffd1ae50000 - 0x00007ffd1ae5e000 	C:\Program Files\jdk-11.0.16.1\bin\instrument.dll
0x00007ffcd26a0000 - 0x00007ffcd26b6000 	C:\Program Files\jdk-11.0.16.1\bin\zip.dll
0x00007ffd20aa0000 - 0x00007ffd211e4000 	C:\WINDOWS\System32\SHELL32.dll
0x00007ffd1da00000 - 0x00007ffd1e192000 	C:\WINDOWS\SYSTEM32\windows.storage.dll
0x00007ffd212d0000 - 0x00007ffd21625000 	C:\WINDOWS\System32\combase.dll
0x00007ffd1f300000 - 0x00007ffd1f330000 	C:\WINDOWS\SYSTEM32\Wldp.dll
0x00007ffd219e0000 - 0x00007ffd21a8d000 	C:\WINDOWS\System32\SHCORE.dll
0x00007ffd21fc0000 - 0x00007ffd22015000 	C:\WINDOWS\System32\shlwapi.dll
0x00007ffd1f8c0000 - 0x00007ffd1f8df000 	C:\WINDOWS\SYSTEM32\profapi.dll
0x00007ffcd2650000 - 0x00007ffcd2669000 	C:\Program Files\jdk-11.0.16.1\bin\net.dll
0x00007ffd172e0000 - 0x00007ffd173ec000 	C:\WINDOWS\SYSTEM32\WINHTTP.dll
0x00007ffd1f010000 - 0x00007ffd1f07a000 	C:\WINDOWS\system32\mswsock.dll
0x00007ffcd2630000 - 0x00007ffcd2642000 	C:\Program Files\jdk-11.0.16.1\bin\nio.dll
0x00007ffd17ed0000 - 0x00007ffd17eea000 	C:\Users\ASUS\IntelliJ IDEA Community Edition 2022.3\bin\breakgen64.dll
0x00007ffd1f230000 - 0x00007ffd1f248000 	C:\WINDOWS\SYSTEM32\CRYPTSP.dll
0x00007ffd1e940000 - 0x00007ffd1e974000 	C:\WINDOWS\system32\rsaenh.dll
0x00007ffd20070000 - 0x00007ffd20097000 	C:\WINDOWS\System32\bcrypt.dll
0x00007ffd1f840000 - 0x00007ffd1f86e000 	C:\WINDOWS\SYSTEM32\USERENV.dll
0x00007ffd1f250000 - 0x00007ffd1f25c000 	C:\WINDOWS\SYSTEM32\CRYPTBASE.dll
0x00007ffd1ed20000 - 0x00007ffd1ed5b000 	C:\WINDOWS\SYSTEM32\IPHLPAPI.DLL
0x00007ffd21b10000 - 0x00007ffd21b18000 	C:\WINDOWS\System32\NSI.dll
0x00007ffd17e10000 - 0x00007ffd17e27000 	C:\WINDOWS\SYSTEM32\dhcpcsvc6.DLL
0x00007ffd18bb0000 - 0x00007ffd18bcd000 	C:\WINDOWS\SYSTEM32\dhcpcsvc.DLL
0x00007ffd1ed60000 - 0x00007ffd1ee2a000 	C:\WINDOWS\SYSTEM32\DNSAPI.dll
0x00007ffd19b00000 - 0x00007ffd19b0d000 	C:\Program Files\jdk-11.0.16.1\bin\sunmscapi.dll
0x00007ffd20140000 - 0x00007ffd20296000 	C:\WINDOWS\System32\CRYPT32.dll
0x00007ffd1f370000 - 0x00007ffd1f397000 	C:\WINDOWS\SYSTEM32\ncrypt.dll
0x00007ffd1f330000 - 0x00007ffd1f36b000 	C:\WINDOWS\SYSTEM32\NTASN1.dll
0x00007ffd13460000 - 0x00007ffd13485000 	C:\Program Files\jdk-11.0.16.1\bin\sunec.dll
0x0000000058c20000 - 0x0000000058c46000 	C:\Program Files\Bonjour\mdnsNSP.dll
0x00007ffd12650000 - 0x00007ffd1265a000 	C:\Windows\System32\rasadhlp.dll
0x00007ffd145a0000 - 0x00007ffd14620000 	C:\WINDOWS\System32\fwpuclnt.dll
0x00007ffd1ae20000 - 0x00007ffd1ae29000 	C:\Program Files\jdk-11.0.16.1\bin\management.dll
0x00007ffd19b30000 - 0x00007ffd19b3b000 	C:\Program Files\jdk-11.0.16.1\bin\management_ext.dll

dbghelp: loaded successfully - version: 4.0.5 - missing functions: none
symbol engine: initialized successfully - sym options: 0x614 - pdb path: .;C:\Program Files\jdk-11.0.16.1\bin;C:\WINDOWS\SYSTEM32;C:\WINDOWS\WinSxS\amd64_microsoft.windows.common-controls_6595b64144ccf1df_6.0.19041.1110_none_60b5254171f9507e;C:\Program Files\jdk-11.0.16.1\bin\server;C:\Users\ASUS\IntelliJ IDEA Community Edition 2022.3\bin;C:\Program Files\Bonjour

VM Arguments:
jvm_args: -ea -javaagent:C:\Users\ASUS\.m2\repository/org/aspectj/aspectjweaver/1.9.2/aspectjweaver-1.9.2.jar -Didea.test.cyclic.buffer.size=1048576 -javaagent:C:\Users\ASUS\IntelliJ IDEA Community Edition 2022.3\lib\idea_rt.jar=51020:C:\Users\ASUS\IntelliJ IDEA Community Edition 2022.3\bin -Dfile.encoding=UTF-8 
java_command: com.intellij.rt.testng.RemoteTestNGStarter -usedefaultlisteners false -socket51019 @w@C:\Users\ASUS\AppData\Local\Temp\idea_working_dirs_testng.tmp -temp C:\Users\ASUS\AppData\Local\Temp\idea_testng.tmp
java_class_path (initial): C:\Users\ASUS\IntelliJ IDEA Community Edition 2022.3\lib\idea_rt.jar;C:\Users\ASUS\IntelliJ IDEA Community Edition 2022.3\plugins\testng\lib\testng-rt.jar;C:\Users\ASUS\IdeaProjects\QABrains\target\test-classes;C:\Users\ASUS\.m2\repository\org\seleniumhq\selenium\selenium-java\4.6.0\selenium-java-4.6.0.jar;C:\Users\ASUS\.m2\repository\org\seleniumhq\selenium\selenium-api\4.6.0\selenium-api-4.6.0.jar;C:\Users\ASUS\.m2\repository\org\seleniumhq\selenium\selenium-chrome-driver\4.6.0\selenium-chrome-driver-4.6.0.jar;C:\Users\ASUS\.m2\repository\com\google\auto\service\auto-service-annotations\1.0.1\auto-service-annotations-1.0.1.jar;C:\Users\ASUS\.m2\repository\com\google\auto\service\auto-service\1.0.1\auto-service-1.0.1.jar;C:\Users\ASUS\.m2\repository\com\google\auto\auto-common\1.2\auto-common-1.2.jar;C:\Users\ASUS\.m2\repository\com\google\guava\guava\31.1-jre\guava-31.1-jre.jar;C:\Users\ASUS\.m2\repository\com\google\guava\failureaccess\1.0.1\failureaccess-1.0.1.jar;C:\Users\ASUS\.m2\repository\com\google\guava\listenablefuture\9999.0-empty-to-avoid-conflict-with-guava\listenablefuture-9999.0-empty-to-avoid-conflict-with-guava.jar;C:\Users\ASUS\.m2\repository\org\checkerframework\checker-qual\3.12.0\checker-qual-3.12.0.jar;C:\Users\ASUS\.m2\repository\com\google\errorprone\error_prone_annotations\2.11.0\error_prone_annotations-2.11.0.jar;C:\Users\ASUS\.m2\repository\com\google\j2objc\j2objc-annotations\1.3\j2objc-annotations-1.3.jar;C:\Users\ASUS\.m2\repository\org\seleniumhq\selenium\selenium-chromium-driver\4.6.0\selenium-chromium-driver-4.6.0.jar;C:\Users\ASUS\.m2\repository\org\seleniumhq\selenium\selenium-json\4.6.0\selenium-json-4.6.0.jar;C:\Users\ASUS\.m2\repository\org\seleniumhq\selenium\selenium-devtools-v105\4.6.0\selenium-devtools-v105-4.6.0.jar;C:\Users\ASUS\.m2\repository\org\seleniumhq\selenium\selenium-devtools-v106\4.6.0\selenium-devtools-v106-4.6.0.jar;C:\Users\ASUS\.m2\repository\org\seleniumhq\selenium\selenium-devt
Launcher Type: SUN_STANDARD

[Global flags]
     intx CICompilerCount                          = 4                                         {product} {ergonomic}
     uint ConcGCThreads                            = 2                                         {product} {ergonomic}
     uint G1ConcRefinementThreads                  = 8                                         {product} {ergonomic}
   size_t G1HeapRegionSize                         = 1048576                                   {product} {ergonomic}
    uintx GCDrainStackTargetSize                   = 64                                        {product} {ergonomic}
   size_t InitialHeapSize                          = 100663296                                 {product} {ergonomic}
   size_t MarkStackSize                            = 4194304                                   {product} {ergonomic}
   size_t MaxHeapSize                              = 1598029824                                {product} {ergonomic}
   size_t MaxNewSize                               = 958398464                                 {product} {ergonomic}
   size_t MinHeapDeltaBytes                        = 1048576                                   {product} {ergonomic}
    uintx NonNMethodCodeHeapSize                   = 5836300                                {pd product} {ergonomic}
    uintx NonProfiledCodeHeapSize                  = 122910970                              {pd product} {ergonomic}
    uintx ProfiledCodeHeapSize                     = 122910970                              {pd product} {ergonomic}
    uintx ReservedCodeCacheSize                    = 251658240                              {pd product} {ergonomic}
     bool SegmentedCodeCache                       = true                                      {product} {ergonomic}
     bool UseCompressedClassPointers               = true                                 {lp64_product} {ergonomic}
     bool UseCompressedOops                        = true                                 {lp64_product} {ergonomic}
     bool UseG1GC                                  = true                                      {product} {ergonomic}
     bool UseLargePagesIndividualAllocation        = false                                  {pd product} {ergonomic}

Logging:
Log output configuration:
 #0: stdout all=warning uptime,level,tags
 #1: stderr all=off uptime,level,tags

Environment Variables:
PATH=C:\WINDOWS\system32;C:\WINDOWS;C:\WINDOWS\System32\Wbem;C:\WINDOWS\System32\WindowsPowerShell\v1.0\;C:\WINDOWS\System32\OpenSSH\;C:\Program Files\Git\cmd;C:\Program Files\jdk-11.0.16.1\bin;C:\Program Files\apache-maven-3.8.7\bin;;C:\Program Files\Docker\Docker\resources\bin;C:\Program Files\MySQL\MySQL Shell 8.0\bin\;C:\Users\ASUS\AppData\Local\Microsoft\WindowsApps;;C:\Users\ASUS\IntelliJ IDEA Community Edition 2022.3\bin;;C:\Users\ASUS\AppData\Local\Programs\Microsoft VS Code\bin
USERNAME=ASUS
OS=Windows_NT
PROCESSOR_IDENTIFIER=AMD64 Family 23 Model 24 Stepping 1, AuthenticAMD



---------------  S Y S T E M  ---------------

OS: Windows 10 , 64 bit Build 19041 (10.0.19041.2364)
Hyper-V role detected

CPU:total 8 (initial active 8) (8 cores per cpu, 2 threads per core) family 23 model 24 stepping 1 microcode 0x0, cmov, cx8, fxsr, mmx, sse, sse2, sse3, ssse3, sse4.1, sse4.2, popcnt, avx, avx2, aes, clmul, mmxext, 3dnowpref, lzcnt, sse4a, ht, tsc, tscinvbit, tscinv, bmi1, bmi2, adx, s

Memory: 4k page, system-wide physical 6091M (889M free)
TotalPageFile size 8107M (AvailPageFile size 4M)
current process WorkingSet (physical memory assigned to process): 300M, peak: 308M
current process commit charge ("private bytes"): 343M, peak: 350M

vm_info: Java HotSpot(TM) 64-Bit Server VM (11.0.16.1+1-LTS-1) for windows-amd64 JRE (11.0.16.1+1-LTS-1), built on Aug 16 2022 01:46:01 by "mach5one" with MS VC++ 15.9 (VS2017)

END.
